[3.390s] DEBUG:colcon:Command line arguments: ['/usr/bin/colcon', 'build', '--packages-select', 'camera_pkg', '--symlink-install']
[3.391s] DEBUG:colcon:Parsed command line arguments: Namespace(log_base=None, log_level=None, verb_name='build', build_base='build', install_base='install', merge_install=False, symlink_install=True, test_result_base=None, continue_on_error=False, executor='parallel', parallel_workers=4, event_handlers=None, ignore_user_meta=False, metas=['./colcon.meta'], base_paths=['.'], packages_ignore=None, packages_ignore_regex=None, paths=None, packages_up_to=None, packages_up_to_regex=None, packages_above=None, packages_above_and_dependencies=None, packages_above_depth=None, packages_select_by_dep=None, packages_skip_by_dep=None, packages_skip_up_to=None, packages_select_build_failed=False, packages_skip_build_finished=False, packages_select_test_failures=False, packages_skip_test_passed=False, packages_select=['camera_pkg'], packages_skip=None, packages_select_regex=None, packages_skip_regex=None, packages_start=None, packages_end=None, allow_overriding=[], cmake_args=None, cmake_target=None, cmake_target_skip_unavailable=False, cmake_clean_cache=False, cmake_clean_first=False, cmake_force_configure=False, ament_cmake_args=None, catkin_cmake_args=None, catkin_skip_building_tests=False, verb_parser=<colcon_defaults.argument_parser.defaults.DefaultArgumentsDecorator object at 0xffffb6356e00>, verb_extension=<colcon_core.verb.build.BuildVerb object at 0xffffb6673be0>, main=<bound method BuildVerb.main of <colcon_core.verb.build.BuildVerb object at 0xffffb6673be0>>)
[3.557s] Level 1:colcon.colcon_core.package_discovery:discover_packages(colcon_meta) check parameters
[3.558s] Level 1:colcon.colcon_core.package_discovery:discover_packages(recursive) check parameters
[3.558s] Level 1:colcon.colcon_core.package_discovery:discover_packages(ignore) check parameters
[3.558s] Level 1:colcon.colcon_core.package_discovery:discover_packages(path) check parameters
[3.558s] Level 1:colcon.colcon_core.package_discovery:discover_packages(colcon_meta) discover
[3.558s] Level 1:colcon.colcon_core.package_discovery:discover_packages(recursive) discover
[3.558s] INFO:colcon.colcon_core.package_discovery:Crawling recursively for packages in '/home/pi/Robot_server/ros2_ws'
[3.559s] Level 1:colcon.colcon_core.package_identification:_identify(.) by extensions ['ignore', 'ignore_ament_install']
[3.559s] Level 1:colcon.colcon_core.package_identification:_identify(.) by extension 'ignore'
[3.560s] Level 1:colcon.colcon_core.package_identification:_identify(.) by extension 'ignore_ament_install'
[3.560s] Level 1:colcon.colcon_core.package_identification:_identify(.) by extensions ['colcon_pkg']
[3.560s] Level 1:colcon.colcon_core.package_identification:_identify(.) by extension 'colcon_pkg'
[3.560s] Level 1:colcon.colcon_core.package_identification:_identify(.) by extensions ['colcon_meta']
[3.560s] Level 1:colcon.colcon_core.package_identification:_identify(.) by extension 'colcon_meta'
[3.560s] Level 1:colcon.colcon_core.package_identification:_identify(.) by extensions ['ros']
[3.561s] Level 1:colcon.colcon_core.package_identification:_identify(.) by extension 'ros'
[3.606s] Level 1:colcon.colcon_core.package_identification:_identify(.) by extensions ['cmake', 'python']
[3.606s] Level 1:colcon.colcon_core.package_identification:_identify(.) by extension 'cmake'
[3.607s] Level 1:colcon.colcon_core.package_identification:_identify(.) by extension 'python'
[3.607s] Level 1:colcon.colcon_core.package_identification:_identify(.) by extensions ['python_setup_py']
[3.607s] Level 1:colcon.colcon_core.package_identification:_identify(.) by extension 'python_setup_py'
[3.607s] Level 1:colcon.colcon_core.package_identification:_identify(build) by extensions ['ignore', 'ignore_ament_install']
[3.608s] Level 1:colcon.colcon_core.package_identification:_identify(build) by extension 'ignore'
[3.608s] Level 1:colcon.colcon_core.package_identification:_identify(build) ignored
[3.609s] Level 1:colcon.colcon_core.package_identification:_identify(install) by extensions ['ignore', 'ignore_ament_install']
[3.609s] Level 1:colcon.colcon_core.package_identification:_identify(install) by extension 'ignore'
[3.609s] Level 1:colcon.colcon_core.package_identification:_identify(install) ignored
[3.610s] Level 1:colcon.colcon_core.package_identification:_identify(log) by extensions ['ignore', 'ignore_ament_install']
[3.610s] Level 1:colcon.colcon_core.package_identification:_identify(log) by extension 'ignore'
[3.610s] Level 1:colcon.colcon_core.package_identification:_identify(log) ignored
[3.611s] Level 1:colcon.colcon_core.package_identification:_identify(src) by extensions ['ignore', 'ignore_ament_install']
[3.611s] Level 1:colcon.colcon_core.package_identification:_identify(src) by extension 'ignore'
[3.611s] Level 1:colcon.colcon_core.package_identification:_identify(src) by extension 'ignore_ament_install'
[3.612s] Level 1:colcon.colcon_core.package_identification:_identify(src) by extensions ['colcon_pkg']
[3.612s] Level 1:colcon.colcon_core.package_identification:_identify(src) by extension 'colcon_pkg'
[3.612s] Level 1:colcon.colcon_core.package_identification:_identify(src) by extensions ['colcon_meta']
[3.612s] Level 1:colcon.colcon_core.package_identification:_identify(src) by extension 'colcon_meta'
[3.612s] Level 1:colcon.colcon_core.package_identification:_identify(src) by extensions ['ros']
[3.612s] Level 1:colcon.colcon_core.package_identification:_identify(src) by extension 'ros'
[3.613s] Level 1:colcon.colcon_core.package_identification:_identify(src) by extensions ['cmake', 'python']
[3.613s] Level 1:colcon.colcon_core.package_identification:_identify(src) by extension 'cmake'
[3.613s] Level 1:colcon.colcon_core.package_identification:_identify(src) by extension 'python'
[3.613s] Level 1:colcon.colcon_core.package_identification:_identify(src) by extensions ['python_setup_py']
[3.613s] Level 1:colcon.colcon_core.package_identification:_identify(src) by extension 'python_setup_py'
[3.614s] Level 1:colcon.colcon_core.package_identification:_identify(src/camera_pkg) by extensions ['ignore', 'ignore_ament_install']
[3.614s] Level 1:colcon.colcon_core.package_identification:_identify(src/camera_pkg) by extension 'ignore'
[3.614s] Level 1:colcon.colcon_core.package_identification:_identify(src/camera_pkg) by extension 'ignore_ament_install'
[3.615s] Level 1:colcon.colcon_core.package_identification:_identify(src/camera_pkg) by extensions ['colcon_pkg']
[3.615s] Level 1:colcon.colcon_core.package_identification:_identify(src/camera_pkg) by extension 'colcon_pkg'
[3.615s] Level 1:colcon.colcon_core.package_identification:_identify(src/camera_pkg) by extensions ['colcon_meta']
[3.615s] Level 1:colcon.colcon_core.package_identification:_identify(src/camera_pkg) by extension 'colcon_meta'
[3.615s] Level 1:colcon.colcon_core.package_identification:_identify(src/camera_pkg) by extensions ['ros']
[3.615s] Level 1:colcon.colcon_core.package_identification:_identify(src/camera_pkg) by extension 'ros'
[3.624s] DEBUG:colcon.colcon_core.package_identification:Package 'src/camera_pkg' with type 'ros.ament_python' and name 'camera_pkg'
[3.625s] Level 1:colcon.colcon_core.package_identification:_identify(src/rover_interfaces) by extensions ['ignore', 'ignore_ament_install']
[3.625s] Level 1:colcon.colcon_core.package_identification:_identify(src/rover_interfaces) by extension 'ignore'
[3.626s] Level 1:colcon.colcon_core.package_identification:_identify(src/rover_interfaces) by extension 'ignore_ament_install'
[3.626s] Level 1:colcon.colcon_core.package_identification:_identify(src/rover_interfaces) by extensions ['colcon_pkg']
[3.626s] Level 1:colcon.colcon_core.package_identification:_identify(src/rover_interfaces) by extension 'colcon_pkg'
[3.626s] Level 1:colcon.colcon_core.package_identification:_identify(src/rover_interfaces) by extensions ['colcon_meta']
[3.626s] Level 1:colcon.colcon_core.package_identification:_identify(src/rover_interfaces) by extension 'colcon_meta'
[3.627s] Level 1:colcon.colcon_core.package_identification:_identify(src/rover_interfaces) by extensions ['ros']
[3.627s] Level 1:colcon.colcon_core.package_identification:_identify(src/rover_interfaces) by extension 'ros'
[3.629s] DEBUG:colcon.colcon_core.package_identification:Package 'src/rover_interfaces' with type 'ros.ament_cmake' and name 'rover_interfaces'
[3.629s] Level 1:colcon.colcon_core.package_identification:_identify(src/rover_motion_pkg) by extensions ['ignore', 'ignore_ament_install']
[3.630s] Level 1:colcon.colcon_core.package_identification:_identify(src/rover_motion_pkg) by extension 'ignore'
[3.630s] Level 1:colcon.colcon_core.package_identification:_identify(src/rover_motion_pkg) by extension 'ignore_ament_install'
[3.630s] Level 1:colcon.colcon_core.package_identification:_identify(src/rover_motion_pkg) by extensions ['colcon_pkg']
[3.631s] Level 1:colcon.colcon_core.package_identification:_identify(src/rover_motion_pkg) by extension 'colcon_pkg'
[3.631s] Level 1:colcon.colcon_core.package_identification:_identify(src/rover_motion_pkg) by extensions ['colcon_meta']
[3.631s] Level 1:colcon.colcon_core.package_identification:_identify(src/rover_motion_pkg) by extension 'colcon_meta'
[3.631s] Level 1:colcon.colcon_core.package_identification:_identify(src/rover_motion_pkg) by extensions ['ros']
[3.631s] Level 1:colcon.colcon_core.package_identification:_identify(src/rover_motion_pkg) by extension 'ros'
[3.633s] DEBUG:colcon.colcon_core.package_identification:Package 'src/rover_motion_pkg' with type 'ros.ament_python' and name 'rover_motion_pkg'
[3.634s] Level 1:colcon.colcon_core.package_discovery:discover_packages(recursive) using defaults
[3.634s] Level 1:colcon.colcon_core.package_discovery:discover_packages(ignore) discover
[3.634s] Level 1:colcon.colcon_core.package_discovery:discover_packages(ignore) using defaults
[3.634s] Level 1:colcon.colcon_core.package_discovery:discover_packages(path) discover
[3.634s] Level 1:colcon.colcon_core.package_discovery:discover_packages(path) using defaults
[3.864s] INFO:colcon.colcon_core.package_selection:Skipping not selected package 'rover_interfaces' in 'src/rover_interfaces'
[3.864s] INFO:colcon.colcon_core.package_selection:Skipping not selected package 'rover_motion_pkg' in 'src/rover_motion_pkg'
[3.956s] Level 1:colcon.colcon_core.package_discovery:discover_packages(prefix_path) check parameters
[3.956s] Level 1:colcon.colcon_core.package_discovery:discover_packages(prefix_path) discover
[4.065s] DEBUG:colcon.colcon_installed_package_information.package_discovery:Found 2 installed packages in /home/pi/Robot_server/ros2_ws/install
[4.117s] DEBUG:colcon.colcon_installed_package_information.package_discovery:Found 181 installed packages in /opt/ros/humble
[4.121s] Level 1:colcon.colcon_core.package_discovery:discover_packages(prefix_path) using defaults
[4.401s] Level 5:colcon.colcon_core.verb:set package 'camera_pkg' build argument 'cmake_args' from command line to 'None'
[4.401s] Level 5:colcon.colcon_core.verb:set package 'camera_pkg' build argument 'cmake_target' from command line to 'None'
[4.401s] Level 5:colcon.colcon_core.verb:set package 'camera_pkg' build argument 'cmake_target_skip_unavailable' from command line to 'False'
[4.401s] Level 5:colcon.colcon_core.verb:set package 'camera_pkg' build argument 'cmake_clean_cache' from command line to 'False'
[4.402s] Level 5:colcon.colcon_core.verb:set package 'camera_pkg' build argument 'cmake_clean_first' from command line to 'False'
[4.402s] Level 5:colcon.colcon_core.verb:set package 'camera_pkg' build argument 'cmake_force_configure' from command line to 'False'
[4.402s] Level 5:colcon.colcon_core.verb:set package 'camera_pkg' build argument 'ament_cmake_args' from command line to 'None'
[4.402s] Level 5:colcon.colcon_core.verb:set package 'camera_pkg' build argument 'catkin_cmake_args' from command line to 'None'
[4.402s] Level 5:colcon.colcon_core.verb:set package 'camera_pkg' build argument 'catkin_skip_building_tests' from command line to 'False'
[4.402s] DEBUG:colcon.colcon_core.verb:Building package 'camera_pkg' with the following arguments: {'ament_cmake_args': None, 'build_base': '/home/pi/Robot_server/ros2_ws/build/camera_pkg', 'catkin_cmake_args': None, 'catkin_skip_building_tests': False, 'cmake_args': None, 'cmake_clean_cache': False, 'cmake_clean_first': False, 'cmake_force_configure': False, 'cmake_target': None, 'cmake_target_skip_unavailable': False, 'install_base': '/home/pi/Robot_server/ros2_ws/install/camera_pkg', 'merge_install': False, 'path': '/home/pi/Robot_server/ros2_ws/src/camera_pkg', 'symlink_install': True, 'test_result_base': None}
[4.448s] INFO:colcon.colcon_core.executor:Executing jobs using 'parallel' executor
[4.498s] DEBUG:colcon.colcon_parallel_executor.executor.parallel:run_until_complete
[4.499s] INFO:colcon.colcon_ros.task.ament_python.build:Building ROS package in '/home/pi/Robot_server/ros2_ws/src/camera_pkg' with build type 'ament_python'
[4.500s] Level 1:colcon.colcon_core.shell:create_environment_hook('camera_pkg', 'ament_prefix_path')
[4.560s] INFO:colcon.colcon_core.plugin_system:Skipping extension 'colcon_core.shell.bat': Not used on non-Windows systems
[4.561s] INFO:colcon.colcon_core.shell:Creating environment hook '/home/pi/Robot_server/ros2_ws/install/camera_pkg/share/camera_pkg/hook/ament_prefix_path.ps1'
[4.565s] INFO:colcon.colcon_core.shell:Creating environment descriptor '/home/pi/Robot_server/ros2_ws/install/camera_pkg/share/camera_pkg/hook/ament_prefix_path.dsv'
[4.567s] INFO:colcon.colcon_core.shell:Creating environment hook '/home/pi/Robot_server/ros2_ws/install/camera_pkg/share/camera_pkg/hook/ament_prefix_path.sh'
[4.618s] INFO:colcon.colcon_core.shell:Skip shell extension 'powershell' for command environment: Not usable outside of PowerShell
[4.618s] DEBUG:colcon.colcon_core.shell:Skip shell extension 'dsv' for command environment
[5.878s] INFO:colcon.colcon_core.task.python.build:Building Python package in '/home/pi/Robot_server/ros2_ws/src/camera_pkg'
[5.926s] INFO:colcon.colcon_core.shell:Skip shell extension 'powershell' for command environment: Not usable outside of PowerShell
[5.926s] DEBUG:colcon.colcon_core.shell:Skip shell extension 'dsv' for command environment
[7.940s] DEBUG:colcon.colcon_core.event_handler.log_command:Invoking command in '/home/pi/Robot_server/ros2_ws/build/camera_pkg': PYTHONPATH=/home/pi/Robot_server/ros2_ws/build/camera_pkg/prefix_override:/home/pi/Robot_server/ros2_ws/install/camera_pkg/lib/python3.10/site-packages:${PYTHONPATH} /usr/bin/python3 setup.py develop --editable --build-directory /home/pi/Robot_server/ros2_ws/build/camera_pkg/build --no-deps install_data
[9.706s] Level 1:colcon.colcon_core.shell:create_environment_hook('camera_pkg', 'pythonpath_develop')
[9.708s] DEBUG:colcon.colcon_core.event_handler.log_command:Invoked command in '/home/pi/Robot_server/ros2_ws/build/camera_pkg' returned '0': PYTHONPATH=/home/pi/Robot_server/ros2_ws/build/camera_pkg/prefix_override:/home/pi/Robot_server/ros2_ws/install/camera_pkg/lib/python3.10/site-packages:${PYTHONPATH} /usr/bin/python3 setup.py develop --editable --build-directory /home/pi/Robot_server/ros2_ws/build/camera_pkg/build --no-deps install_data
[9.762s] INFO:colcon.colcon_core.shell:Creating environment hook '/home/pi/Robot_server/ros2_ws/build/camera_pkg/share/camera_pkg/hook/pythonpath_develop.ps1'
[9.764s] INFO:colcon.colcon_core.shell:Creating environment descriptor '/home/pi/Robot_server/ros2_ws/build/camera_pkg/share/camera_pkg/hook/pythonpath_develop.dsv'
[9.765s] INFO:colcon.colcon_core.shell:Creating environment hook '/home/pi/Robot_server/ros2_ws/build/camera_pkg/share/camera_pkg/hook/pythonpath_develop.sh'
[9.828s] Level 1:colcon.colcon_core.environment:checking '/home/pi/Robot_server/ros2_ws/install/camera_pkg' for CMake module files
[9.830s] Level 1:colcon.colcon_core.environment:checking '/home/pi/Robot_server/ros2_ws/install/camera_pkg' for CMake config files
[9.833s] Level 1:colcon.colcon_core.environment:checking '/home/pi/Robot_server/ros2_ws/install/camera_pkg/lib'
[9.834s] Level 1:colcon.colcon_core.environment:checking '/home/pi/Robot_server/ros2_ws/install/camera_pkg/bin'
[9.835s] Level 1:colcon.colcon_core.environment:checking '/home/pi/Robot_server/ros2_ws/install/camera_pkg/lib/pkgconfig/camera_pkg.pc'
[9.836s] Level 1:colcon.colcon_core.environment:checking '/home/pi/Robot_server/ros2_ws/install/camera_pkg/lib/python3.10/site-packages'
[9.837s] Level 1:colcon.colcon_core.shell:create_environment_hook('camera_pkg', 'pythonpath')
[9.884s] INFO:colcon.colcon_core.shell:Creating environment hook '/home/pi/Robot_server/ros2_ws/install/camera_pkg/share/camera_pkg/hook/pythonpath.ps1'
[9.885s] INFO:colcon.colcon_core.shell:Creating environment descriptor '/home/pi/Robot_server/ros2_ws/install/camera_pkg/share/camera_pkg/hook/pythonpath.dsv'
[9.887s] INFO:colcon.colcon_core.shell:Creating environment hook '/home/pi/Robot_server/ros2_ws/install/camera_pkg/share/camera_pkg/hook/pythonpath.sh'
[9.889s] Level 1:colcon.colcon_core.environment:checking '/home/pi/Robot_server/ros2_ws/install/camera_pkg/bin'
[9.889s] Level 1:colcon.colcon_core.environment:create_environment_scripts_only(camera_pkg)
[9.939s] INFO:colcon.colcon_core.shell:Creating package script '/home/pi/Robot_server/ros2_ws/install/camera_pkg/share/camera_pkg/package.ps1'
[9.944s] INFO:colcon.colcon_core.shell:Creating package descriptor '/home/pi/Robot_server/ros2_ws/install/camera_pkg/share/camera_pkg/package.dsv'
[9.947s] INFO:colcon.colcon_core.shell:Creating package script '/home/pi/Robot_server/ros2_ws/install/camera_pkg/share/camera_pkg/package.sh'
[9.951s] INFO:colcon.colcon_core.shell:Creating package script '/home/pi/Robot_server/ros2_ws/install/camera_pkg/share/camera_pkg/package.bash'
[9.955s] INFO:colcon.colcon_core.shell:Creating package script '/home/pi/Robot_server/ros2_ws/install/camera_pkg/share/camera_pkg/package.zsh'
[9.958s] Level 1:colcon.colcon_core.environment:create_file_with_runtime_dependencies(/home/pi/Robot_server/ros2_ws/install/camera_pkg/share/colcon-core/packages/camera_pkg)
[9.959s] DEBUG:colcon.colcon_parallel_executor.executor.parallel:closing loop
[9.961s] DEBUG:colcon.colcon_parallel_executor.executor.parallel:loop closed
[9.961s] DEBUG:colcon.colcon_parallel_executor.executor.parallel:run_until_complete finished with '0'
[9.962s] DEBUG:colcon.colcon_core.event_reactor:joining thread
[10.036s] INFO:colcon.colcon_core.plugin_system:Skipping extension 'colcon_notification.desktop_notification.notify_send': Could not find 'notify-send'
[10.036s] INFO:colcon.colcon_core.plugin_system:Skipping extension 'colcon_notification.desktop_notification.terminal_notifier': Not used on non-Darwin systems
[10.036s] INFO:colcon.colcon_core.plugin_system:Skipping extension 'colcon_notification.desktop_notification.win32': Not used on non-Windows systems
[10.037s] INFO:colcon.colcon_notification.desktop_notification:Sending desktop notification using 'notify2'
[10.066s] DEBUG:colcon.colcon_notification.desktop_notification.notify2:Failed to initialize notify2: org.freedesktop.DBus.Error.ServiceUnknown: The name org.freedesktop.Notifications was not provided by any .service files
[10.066s] DEBUG:colcon.colcon_core.event_reactor:joined thread
[10.116s] INFO:colcon.colcon_core.shell:Creating prefix script '/home/pi/Robot_server/ros2_ws/install/local_setup.ps1'
[10.121s] INFO:colcon.colcon_core.shell:Creating prefix util module '/home/pi/Robot_server/ros2_ws/install/_local_setup_util_ps1.py'
[10.127s] INFO:colcon.colcon_core.shell:Creating prefix chain script '/home/pi/Robot_server/ros2_ws/install/setup.ps1'
[10.180s] INFO:colcon.colcon_core.shell:Creating prefix script '/home/pi/Robot_server/ros2_ws/install/local_setup.sh'
[10.183s] INFO:colcon.colcon_core.shell:Creating prefix util module '/home/pi/Robot_server/ros2_ws/install/_local_setup_util_sh.py'
[10.186s] INFO:colcon.colcon_core.shell:Creating prefix chain script '/home/pi/Robot_server/ros2_ws/install/setup.sh'
[10.239s] INFO:colcon.colcon_core.shell:Creating prefix script '/home/pi/Robot_server/ros2_ws/install/local_setup.bash'
[10.244s] INFO:colcon.colcon_core.shell:Creating prefix chain script '/home/pi/Robot_server/ros2_ws/install/setup.bash'
[10.305s] INFO:colcon.colcon_core.shell:Creating prefix script '/home/pi/Robot_server/ros2_ws/install/local_setup.zsh'
[10.309s] INFO:colcon.colcon_core.shell:Creating prefix chain script '/home/pi/Robot_server/ros2_ws/install/setup.zsh'
