[3.387s] DEBUG:colcon:Command line arguments: ['/usr/bin/colcon', 'build', '--packages-select', 'rover_motion_pkg', '--symlink-install']
[3.387s] DEBUG:colcon:Parsed command line arguments: Namespace(log_base=None, log_level=None, verb_name='build', build_base='build', install_base='install', merge_install=False, symlink_install=True, test_result_base=None, continue_on_error=False, executor='parallel', parallel_workers=4, event_handlers=None, ignore_user_meta=False, metas=['./colcon.meta'], base_paths=['.'], packages_ignore=None, packages_ignore_regex=None, paths=None, packages_up_to=None, packages_up_to_regex=None, packages_above=None, packages_above_and_dependencies=None, packages_above_depth=None, packages_select_by_dep=None, packages_skip_by_dep=None, packages_skip_up_to=None, packages_select_build_failed=False, packages_skip_build_finished=False, packages_select_test_failures=False, packages_skip_test_passed=False, packages_select=['rover_motion_pkg'], packages_skip=None, packages_select_regex=None, packages_skip_regex=None, packages_start=None, packages_end=None, allow_overriding=[], cmake_args=None, cmake_target=None, cmake_target_skip_unavailable=False, cmake_clean_cache=False, cmake_clean_first=False, cmake_force_configure=False, ament_cmake_args=None, catkin_cmake_args=None, catkin_skip_building_tests=False, verb_parser=<colcon_defaults.argument_parser.defaults.DefaultArgumentsDecorator object at 0xffff824b3880>, verb_extension=<colcon_core.verb.build.BuildVerb object at 0xffff827c3e80>, main=<bound method BuildVerb.main of <colcon_core.verb.build.BuildVerb object at 0xffff827c3e80>>)
[3.557s] Level 1:colcon.colcon_core.package_discovery:discover_packages(colcon_meta) check parameters
[3.557s] Level 1:colcon.colcon_core.package_discovery:discover_packages(recursive) check parameters
[3.557s] Level 1:colcon.colcon_core.package_discovery:discover_packages(ignore) check parameters
[3.558s] Level 1:colcon.colcon_core.package_discovery:discover_packages(path) check parameters
[3.558s] Level 1:colcon.colcon_core.package_discovery:discover_packages(colcon_meta) discover
[3.558s] Level 1:colcon.colcon_core.package_discovery:discover_packages(recursive) discover
[3.558s] INFO:colcon.colcon_core.package_discovery:Crawling recursively for packages in '/home/pi/Robot_server/ros2_ws'
[3.559s] Level 1:colcon.colcon_core.package_identification:_identify(.) by extensions ['ignore', 'ignore_ament_install']
[3.559s] Level 1:colcon.colcon_core.package_identification:_identify(.) by extension 'ignore'
[3.559s] Level 1:colcon.colcon_core.package_identification:_identify(.) by extension 'ignore_ament_install'
[3.560s] Level 1:colcon.colcon_core.package_identification:_identify(.) by extensions ['colcon_pkg']
[3.560s] Level 1:colcon.colcon_core.package_identification:_identify(.) by extension 'colcon_pkg'
[3.560s] Level 1:colcon.colcon_core.package_identification:_identify(.) by extensions ['colcon_meta']
[3.560s] Level 1:colcon.colcon_core.package_identification:_identify(.) by extension 'colcon_meta'
[3.560s] Level 1:colcon.colcon_core.package_identification:_identify(.) by extensions ['ros']
[3.560s] Level 1:colcon.colcon_core.package_identification:_identify(.) by extension 'ros'
[3.606s] Level 1:colcon.colcon_core.package_identification:_identify(.) by extensions ['cmake', 'python']
[3.606s] Level 1:colcon.colcon_core.package_identification:_identify(.) by extension 'cmake'
[3.607s] Level 1:colcon.colcon_core.package_identification:_identify(.) by extension 'python'
[3.607s] Level 1:colcon.colcon_core.package_identification:_identify(.) by extensions ['python_setup_py']
[3.607s] Level 1:colcon.colcon_core.package_identification:_identify(.) by extension 'python_setup_py'
[3.608s] Level 1:colcon.colcon_core.package_identification:_identify(build) by extensions ['ignore', 'ignore_ament_install']
[3.608s] Level 1:colcon.colcon_core.package_identification:_identify(build) by extension 'ignore'
[3.608s] Level 1:colcon.colcon_core.package_identification:_identify(build) ignored
[3.609s] Level 1:colcon.colcon_core.package_identification:_identify(install) by extensions ['ignore', 'ignore_ament_install']
[3.609s] Level 1:colcon.colcon_core.package_identification:_identify(install) by extension 'ignore'
[3.609s] Level 1:colcon.colcon_core.package_identification:_identify(install) ignored
[3.610s] Level 1:colcon.colcon_core.package_identification:_identify(log) by extensions ['ignore', 'ignore_ament_install']
[3.610s] Level 1:colcon.colcon_core.package_identification:_identify(log) by extension 'ignore'
[3.610s] Level 1:colcon.colcon_core.package_identification:_identify(log) ignored
[3.611s] Level 1:colcon.colcon_core.package_identification:_identify(src) by extensions ['ignore', 'ignore_ament_install']
[3.611s] Level 1:colcon.colcon_core.package_identification:_identify(src) by extension 'ignore'
[3.611s] Level 1:colcon.colcon_core.package_identification:_identify(src) by extension 'ignore_ament_install'
[3.612s] Level 1:colcon.colcon_core.package_identification:_identify(src) by extensions ['colcon_pkg']
[3.612s] Level 1:colcon.colcon_core.package_identification:_identify(src) by extension 'colcon_pkg'
[3.612s] Level 1:colcon.colcon_core.package_identification:_identify(src) by extensions ['colcon_meta']
[3.612s] Level 1:colcon.colcon_core.package_identification:_identify(src) by extension 'colcon_meta'
[3.612s] Level 1:colcon.colcon_core.package_identification:_identify(src) by extensions ['ros']
[3.612s] Level 1:colcon.colcon_core.package_identification:_identify(src) by extension 'ros'
[3.613s] Level 1:colcon.colcon_core.package_identification:_identify(src) by extensions ['cmake', 'python']
[3.613s] Level 1:colcon.colcon_core.package_identification:_identify(src) by extension 'cmake'
[3.613s] Level 1:colcon.colcon_core.package_identification:_identify(src) by extension 'python'
[3.613s] Level 1:colcon.colcon_core.package_identification:_identify(src) by extensions ['python_setup_py']
[3.613s] Level 1:colcon.colcon_core.package_identification:_identify(src) by extension 'python_setup_py'
[3.614s] Level 1:colcon.colcon_core.package_identification:_identify(src/camera_pkg) by extensions ['ignore', 'ignore_ament_install']
[3.614s] Level 1:colcon.colcon_core.package_identification:_identify(src/camera_pkg) by extension 'ignore'
[3.614s] Level 1:colcon.colcon_core.package_identification:_identify(src/camera_pkg) by extension 'ignore_ament_install'
[3.614s] Level 1:colcon.colcon_core.package_identification:_identify(src/camera_pkg) by extensions ['colcon_pkg']
[3.615s] Level 1:colcon.colcon_core.package_identification:_identify(src/camera_pkg) by extension 'colcon_pkg'
[3.615s] Level 1:colcon.colcon_core.package_identification:_identify(src/camera_pkg) by extensions ['colcon_meta']
[3.615s] Level 1:colcon.colcon_core.package_identification:_identify(src/camera_pkg) by extension 'colcon_meta'
[3.615s] Level 1:colcon.colcon_core.package_identification:_identify(src/camera_pkg) by extensions ['ros']
[3.615s] Level 1:colcon.colcon_core.package_identification:_identify(src/camera_pkg) by extension 'ros'
[3.624s] DEBUG:colcon.colcon_core.package_identification:Package 'src/camera_pkg' with type 'ros.ament_python' and name 'camera_pkg'
[3.625s] Level 1:colcon.colcon_core.package_identification:_identify(src/rover_interfaces) by extensions ['ignore', 'ignore_ament_install']
[3.625s] Level 1:colcon.colcon_core.package_identification:_identify(src/rover_interfaces) by extension 'ignore'
[3.626s] Level 1:colcon.colcon_core.package_identification:_identify(src/rover_interfaces) by extension 'ignore_ament_install'
[3.626s] Level 1:colcon.colcon_core.package_identification:_identify(src/rover_interfaces) by extensions ['colcon_pkg']
[3.626s] Level 1:colcon.colcon_core.package_identification:_identify(src/rover_interfaces) by extension 'colcon_pkg'
[3.626s] Level 1:colcon.colcon_core.package_identification:_identify(src/rover_interfaces) by extensions ['colcon_meta']
[3.626s] Level 1:colcon.colcon_core.package_identification:_identify(src/rover_interfaces) by extension 'colcon_meta'
[3.626s] Level 1:colcon.colcon_core.package_identification:_identify(src/rover_interfaces) by extensions ['ros']
[3.627s] Level 1:colcon.colcon_core.package_identification:_identify(src/rover_interfaces) by extension 'ros'
[3.629s] DEBUG:colcon.colcon_core.package_identification:Package 'src/rover_interfaces' with type 'ros.ament_cmake' and name 'rover_interfaces'
[3.629s] Level 1:colcon.colcon_core.package_identification:_identify(src/rover_motion_pkg) by extensions ['ignore', 'ignore_ament_install']
[3.630s] Level 1:colcon.colcon_core.package_identification:_identify(src/rover_motion_pkg) by extension 'ignore'
[3.630s] Level 1:colcon.colcon_core.package_identification:_identify(src/rover_motion_pkg) by extension 'ignore_ament_install'
[3.630s] Level 1:colcon.colcon_core.package_identification:_identify(src/rover_motion_pkg) by extensions ['colcon_pkg']
[3.630s] Level 1:colcon.colcon_core.package_identification:_identify(src/rover_motion_pkg) by extension 'colcon_pkg'
[3.630s] Level 1:colcon.colcon_core.package_identification:_identify(src/rover_motion_pkg) by extensions ['colcon_meta']
[3.630s] Level 1:colcon.colcon_core.package_identification:_identify(src/rover_motion_pkg) by extension 'colcon_meta'
[3.631s] Level 1:colcon.colcon_core.package_identification:_identify(src/rover_motion_pkg) by extensions ['ros']
[3.631s] Level 1:colcon.colcon_core.package_identification:_identify(src/rover_motion_pkg) by extension 'ros'
[3.633s] DEBUG:colcon.colcon_core.package_identification:Package 'src/rover_motion_pkg' with type 'ros.ament_python' and name 'rover_motion_pkg'
[3.633s] Level 1:colcon.colcon_core.package_discovery:discover_packages(recursive) using defaults
[3.634s] Level 1:colcon.colcon_core.package_discovery:discover_packages(ignore) discover
[3.634s] Level 1:colcon.colcon_core.package_discovery:discover_packages(ignore) using defaults
[3.634s] Level 1:colcon.colcon_core.package_discovery:discover_packages(path) discover
[3.634s] Level 1:colcon.colcon_core.package_discovery:discover_packages(path) using defaults
[3.872s] INFO:colcon.colcon_core.package_selection:Skipping not selected package 'rover_interfaces' in 'src/rover_interfaces'
[3.873s] INFO:colcon.colcon_core.package_selection:Skipping not selected package 'camera_pkg' in 'src/camera_pkg'
[3.965s] Level 1:colcon.colcon_core.package_discovery:discover_packages(prefix_path) check parameters
[3.965s] Level 1:colcon.colcon_core.package_discovery:discover_packages(prefix_path) discover
[4.078s] DEBUG:colcon.colcon_installed_package_information.package_discovery:Found 3 installed packages in /home/pi/Robot_server/ros2_ws/install
[4.137s] DEBUG:colcon.colcon_installed_package_information.package_discovery:Found 181 installed packages in /opt/ros/humble
[4.141s] Level 1:colcon.colcon_core.package_discovery:discover_packages(prefix_path) using defaults
[4.410s] Level 5:colcon.colcon_core.verb:set package 'rover_motion_pkg' build argument 'cmake_args' from command line to 'None'
[4.410s] Level 5:colcon.colcon_core.verb:set package 'rover_motion_pkg' build argument 'cmake_target' from command line to 'None'
[4.410s] Level 5:colcon.colcon_core.verb:set package 'rover_motion_pkg' build argument 'cmake_target_skip_unavailable' from command line to 'False'
[4.410s] Level 5:colcon.colcon_core.verb:set package 'rover_motion_pkg' build argument 'cmake_clean_cache' from command line to 'False'
[4.410s] Level 5:colcon.colcon_core.verb:set package 'rover_motion_pkg' build argument 'cmake_clean_first' from command line to 'False'
[4.410s] Level 5:colcon.colcon_core.verb:set package 'rover_motion_pkg' build argument 'cmake_force_configure' from command line to 'False'
[4.410s] Level 5:colcon.colcon_core.verb:set package 'rover_motion_pkg' build argument 'ament_cmake_args' from command line to 'None'
[4.410s] Level 5:colcon.colcon_core.verb:set package 'rover_motion_pkg' build argument 'catkin_cmake_args' from command line to 'None'
[4.411s] Level 5:colcon.colcon_core.verb:set package 'rover_motion_pkg' build argument 'catkin_skip_building_tests' from command line to 'False'
[4.411s] DEBUG:colcon.colcon_core.verb:Building package 'rover_motion_pkg' with the following arguments: {'ament_cmake_args': None, 'build_base': '/home/pi/Robot_server/ros2_ws/build/rover_motion_pkg', 'catkin_cmake_args': None, 'catkin_skip_building_tests': False, 'cmake_args': None, 'cmake_clean_cache': False, 'cmake_clean_first': False, 'cmake_force_configure': False, 'cmake_target': None, 'cmake_target_skip_unavailable': False, 'install_base': '/home/pi/Robot_server/ros2_ws/install/rover_motion_pkg', 'merge_install': False, 'path': '/home/pi/Robot_server/ros2_ws/src/rover_motion_pkg', 'symlink_install': True, 'test_result_base': None}
[4.456s] INFO:colcon.colcon_core.executor:Executing jobs using 'parallel' executor
[4.505s] DEBUG:colcon.colcon_parallel_executor.executor.parallel:run_until_complete
[4.506s] INFO:colcon.colcon_ros.task.ament_python.build:Building ROS package in '/home/pi/Robot_server/ros2_ws/src/rover_motion_pkg' with build type 'ament_python'
[4.506s] Level 1:colcon.colcon_core.shell:create_environment_hook('rover_motion_pkg', 'ament_prefix_path')
[4.566s] INFO:colcon.colcon_core.plugin_system:Skipping extension 'colcon_core.shell.bat': Not used on non-Windows systems
[4.567s] INFO:colcon.colcon_core.shell:Creating environment hook '/home/pi/Robot_server/ros2_ws/install/rover_motion_pkg/share/rover_motion_pkg/hook/ament_prefix_path.ps1'
[4.571s] INFO:colcon.colcon_core.shell:Creating environment descriptor '/home/pi/Robot_server/ros2_ws/install/rover_motion_pkg/share/rover_motion_pkg/hook/ament_prefix_path.dsv'
[4.573s] INFO:colcon.colcon_core.shell:Creating environment hook '/home/pi/Robot_server/ros2_ws/install/rover_motion_pkg/share/rover_motion_pkg/hook/ament_prefix_path.sh'
[4.625s] INFO:colcon.colcon_core.shell:Skip shell extension 'powershell' for command environment: Not usable outside of PowerShell
[4.625s] DEBUG:colcon.colcon_core.shell:Skip shell extension 'dsv' for command environment
[5.895s] INFO:colcon.colcon_core.task.python.build:Building Python package in '/home/pi/Robot_server/ros2_ws/src/rover_motion_pkg'
[5.946s] INFO:colcon.colcon_core.shell:Skip shell extension 'powershell' for command environment: Not usable outside of PowerShell
[5.946s] DEBUG:colcon.colcon_core.shell:Skip shell extension 'dsv' for command environment
[7.995s] DEBUG:colcon.colcon_core.task.python.build:While undoing a previous installation files outside the Python library path are being ignored: /home/pi/Robot_server/ros2_ws/install/rover_motion_pkg/share/ament_index/resource_index/packages/rover_motion_pkg
[7.996s] DEBUG:colcon.colcon_core.task.python.build:While undoing a previous installation files outside the Python library path are being ignored: /home/pi/Robot_server/ros2_ws/install/rover_motion_pkg/share/rover_motion_pkg/package.xml
[8.004s] DEBUG:colcon.colcon_core.event_handler.log_command:Invoking command in '/home/pi/Robot_server/ros2_ws/build/rover_motion_pkg': PYTHONPATH=/home/pi/Robot_server/ros2_ws/build/rover_motion_pkg/prefix_override:/home/pi/Robot_server/ros2_ws/install/rover_motion_pkg/lib/python3.10/site-packages:${PYTHONPATH} /usr/bin/python3 setup.py develop --editable --build-directory /home/pi/Robot_server/ros2_ws/build/rover_motion_pkg/build --no-deps install_data
[9.788s] Level 1:colcon.colcon_core.shell:create_environment_hook('rover_motion_pkg', 'pythonpath_develop')
[9.790s] DEBUG:colcon.colcon_core.event_handler.log_command:Invoked command in '/home/pi/Robot_server/ros2_ws/build/rover_motion_pkg' returned '0': PYTHONPATH=/home/pi/Robot_server/ros2_ws/build/rover_motion_pkg/prefix_override:/home/pi/Robot_server/ros2_ws/install/rover_motion_pkg/lib/python3.10/site-packages:${PYTHONPATH} /usr/bin/python3 setup.py develop --editable --build-directory /home/pi/Robot_server/ros2_ws/build/rover_motion_pkg/build --no-deps install_data
[9.841s] INFO:colcon.colcon_core.shell:Creating environment hook '/home/pi/Robot_server/ros2_ws/build/rover_motion_pkg/share/rover_motion_pkg/hook/pythonpath_develop.ps1'
[9.843s] INFO:colcon.colcon_core.shell:Creating environment descriptor '/home/pi/Robot_server/ros2_ws/build/rover_motion_pkg/share/rover_motion_pkg/hook/pythonpath_develop.dsv'
[9.845s] INFO:colcon.colcon_core.shell:Creating environment hook '/home/pi/Robot_server/ros2_ws/build/rover_motion_pkg/share/rover_motion_pkg/hook/pythonpath_develop.sh'
[9.907s] Level 1:colcon.colcon_core.environment:checking '/home/pi/Robot_server/ros2_ws/install/rover_motion_pkg' for CMake module files
[9.910s] Level 1:colcon.colcon_core.environment:checking '/home/pi/Robot_server/ros2_ws/install/rover_motion_pkg' for CMake config files
[9.913s] Level 1:colcon.colcon_core.environment:checking '/home/pi/Robot_server/ros2_ws/install/rover_motion_pkg/lib'
[9.914s] Level 1:colcon.colcon_core.environment:checking '/home/pi/Robot_server/ros2_ws/install/rover_motion_pkg/bin'
[9.914s] Level 1:colcon.colcon_core.environment:checking '/home/pi/Robot_server/ros2_ws/install/rover_motion_pkg/lib/pkgconfig/rover_motion_pkg.pc'
[9.915s] Level 1:colcon.colcon_core.environment:checking '/home/pi/Robot_server/ros2_ws/install/rover_motion_pkg/lib/python3.10/site-packages'
[9.916s] Level 1:colcon.colcon_core.shell:create_environment_hook('rover_motion_pkg', 'pythonpath')
[9.966s] INFO:colcon.colcon_core.shell:Creating environment hook '/home/pi/Robot_server/ros2_ws/install/rover_motion_pkg/share/rover_motion_pkg/hook/pythonpath.ps1'
[9.968s] INFO:colcon.colcon_core.shell:Creating environment descriptor '/home/pi/Robot_server/ros2_ws/install/rover_motion_pkg/share/rover_motion_pkg/hook/pythonpath.dsv'
[9.969s] INFO:colcon.colcon_core.shell:Creating environment hook '/home/pi/Robot_server/ros2_ws/install/rover_motion_pkg/share/rover_motion_pkg/hook/pythonpath.sh'
[9.972s] Level 1:colcon.colcon_core.environment:checking '/home/pi/Robot_server/ros2_ws/install/rover_motion_pkg/bin'
[9.972s] Level 1:colcon.colcon_core.environment:create_environment_scripts_only(rover_motion_pkg)
[10.018s] INFO:colcon.colcon_core.shell:Creating package script '/home/pi/Robot_server/ros2_ws/install/rover_motion_pkg/share/rover_motion_pkg/package.ps1'
[10.023s] INFO:colcon.colcon_core.shell:Creating package descriptor '/home/pi/Robot_server/ros2_ws/install/rover_motion_pkg/share/rover_motion_pkg/package.dsv'
[10.026s] INFO:colcon.colcon_core.shell:Creating package script '/home/pi/Robot_server/ros2_ws/install/rover_motion_pkg/share/rover_motion_pkg/package.sh'
[10.030s] INFO:colcon.colcon_core.shell:Creating package script '/home/pi/Robot_server/ros2_ws/install/rover_motion_pkg/share/rover_motion_pkg/package.bash'
[10.034s] INFO:colcon.colcon_core.shell:Creating package script '/home/pi/Robot_server/ros2_ws/install/rover_motion_pkg/share/rover_motion_pkg/package.zsh'
[10.037s] Level 1:colcon.colcon_core.environment:create_file_with_runtime_dependencies(/home/pi/Robot_server/ros2_ws/install/rover_motion_pkg/share/colcon-core/packages/rover_motion_pkg)
[10.039s] DEBUG:colcon.colcon_parallel_executor.executor.parallel:closing loop
[10.040s] DEBUG:colcon.colcon_parallel_executor.executor.parallel:loop closed
[10.040s] DEBUG:colcon.colcon_parallel_executor.executor.parallel:run_until_complete finished with '0'
[10.041s] DEBUG:colcon.colcon_core.event_reactor:joining thread
[10.113s] INFO:colcon.colcon_core.plugin_system:Skipping extension 'colcon_notification.desktop_notification.notify_send': Could not find 'notify-send'
[10.113s] INFO:colcon.colcon_core.plugin_system:Skipping extension 'colcon_notification.desktop_notification.terminal_notifier': Not used on non-Darwin systems
[10.113s] INFO:colcon.colcon_core.plugin_system:Skipping extension 'colcon_notification.desktop_notification.win32': Not used on non-Windows systems
[10.114s] INFO:colcon.colcon_notification.desktop_notification:Sending desktop notification using 'notify2'
[10.158s] DEBUG:colcon.colcon_notification.desktop_notification.notify2:Failed to initialize notify2: org.freedesktop.DBus.Error.ServiceUnknown: The name org.freedesktop.Notifications was not provided by any .service files
[10.159s] DEBUG:colcon.colcon_core.event_reactor:joined thread
[10.222s] INFO:colcon.colcon_core.shell:Creating prefix script '/home/pi/Robot_server/ros2_ws/install/local_setup.ps1'
[10.227s] INFO:colcon.colcon_core.shell:Creating prefix util module '/home/pi/Robot_server/ros2_ws/install/_local_setup_util_ps1.py'
[10.236s] INFO:colcon.colcon_core.shell:Creating prefix chain script '/home/pi/Robot_server/ros2_ws/install/setup.ps1'
[10.306s] INFO:colcon.colcon_core.shell:Creating prefix script '/home/pi/Robot_server/ros2_ws/install/local_setup.sh'
[10.312s] INFO:colcon.colcon_core.shell:Creating prefix util module '/home/pi/Robot_server/ros2_ws/install/_local_setup_util_sh.py'
[10.314s] INFO:colcon.colcon_core.shell:Creating prefix chain script '/home/pi/Robot_server/ros2_ws/install/setup.sh'
[10.387s] INFO:colcon.colcon_core.shell:Creating prefix script '/home/pi/Robot_server/ros2_ws/install/local_setup.bash'
[10.390s] INFO:colcon.colcon_core.shell:Creating prefix chain script '/home/pi/Robot_server/ros2_ws/install/setup.bash'
[10.472s] INFO:colcon.colcon_core.shell:Creating prefix script '/home/pi/Robot_server/ros2_ws/install/local_setup.zsh'
[10.475s] INFO:colcon.colcon_core.shell:Creating prefix chain script '/home/pi/Robot_server/ros2_ws/install/setup.zsh'
