[3.643s] DEBUG:colcon:Command line arguments: ['/usr/bin/colcon', 'build', '--packages-select', 'rover_bringup', '--symlink-install']
[3.644s] DEBUG:colcon:Parsed command line arguments: Namespace(log_base=None, log_level=None, verb_name='build', build_base='build', install_base='install', merge_install=False, symlink_install=True, test_result_base=None, continue_on_error=False, executor='parallel', parallel_workers=4, event_handlers=None, ignore_user_meta=False, metas=['./colcon.meta'], base_paths=['.'], packages_ignore=None, packages_ignore_regex=None, paths=None, packages_up_to=None, packages_up_to_regex=None, packages_above=None, packages_above_and_dependencies=None, packages_above_depth=None, packages_select_by_dep=None, packages_skip_by_dep=None, packages_skip_up_to=None, packages_select_build_failed=False, packages_skip_build_finished=False, packages_select_test_failures=False, packages_skip_test_passed=False, packages_select=['rover_bringup'], packages_skip=None, packages_select_regex=None, packages_skip_regex=None, packages_start=None, packages_end=None, allow_overriding=[], cmake_args=None, cmake_target=None, cmake_target_skip_unavailable=False, cmake_clean_cache=False, cmake_clean_first=False, cmake_force_configure=False, ament_cmake_args=None, catkin_cmake_args=None, catkin_skip_building_tests=False, verb_parser=<colcon_defaults.argument_parser.defaults.DefaultArgumentsDecorator object at 0xffff9e1dc880>, verb_extension=<colcon_core.verb.build.BuildVerb object at 0xffff9e519480>, main=<bound method BuildVerb.main of <colcon_core.verb.build.BuildVerb object at 0xffff9e519480>>)
[3.819s] Level 1:colcon.colcon_core.package_discovery:discover_packages(colcon_meta) check parameters
[3.820s] Level 1:colcon.colcon_core.package_discovery:discover_packages(recursive) check parameters
[3.820s] Level 1:colcon.colcon_core.package_discovery:discover_packages(ignore) check parameters
[3.820s] Level 1:colcon.colcon_core.package_discovery:discover_packages(path) check parameters
[3.820s] Level 1:colcon.colcon_core.package_discovery:discover_packages(colcon_meta) discover
[3.820s] Level 1:colcon.colcon_core.package_discovery:discover_packages(recursive) discover
[3.821s] INFO:colcon.colcon_core.package_discovery:Crawling recursively for packages in '/home/pi/Robot_server/ros2_ws'
[3.821s] Level 1:colcon.colcon_core.package_identification:_identify(.) by extensions ['ignore', 'ignore_ament_install']
[3.822s] Level 1:colcon.colcon_core.package_identification:_identify(.) by extension 'ignore'
[3.822s] Level 1:colcon.colcon_core.package_identification:_identify(.) by extension 'ignore_ament_install'
[3.822s] Level 1:colcon.colcon_core.package_identification:_identify(.) by extensions ['colcon_pkg']
[3.822s] Level 1:colcon.colcon_core.package_identification:_identify(.) by extension 'colcon_pkg'
[3.822s] Level 1:colcon.colcon_core.package_identification:_identify(.) by extensions ['colcon_meta']
[3.823s] Level 1:colcon.colcon_core.package_identification:_identify(.) by extension 'colcon_meta'
[3.823s] Level 1:colcon.colcon_core.package_identification:_identify(.) by extensions ['ros']
[3.823s] Level 1:colcon.colcon_core.package_identification:_identify(.) by extension 'ros'
[3.872s] Level 1:colcon.colcon_core.package_identification:_identify(.) by extensions ['cmake', 'python']
[3.872s] Level 1:colcon.colcon_core.package_identification:_identify(.) by extension 'cmake'
[3.872s] Level 1:colcon.colcon_core.package_identification:_identify(.) by extension 'python'
[3.873s] Level 1:colcon.colcon_core.package_identification:_identify(.) by extensions ['python_setup_py']
[3.873s] Level 1:colcon.colcon_core.package_identification:_identify(.) by extension 'python_setup_py'
[3.873s] Level 1:colcon.colcon_core.package_identification:_identify(build) by extensions ['ignore', 'ignore_ament_install']
[3.874s] Level 1:colcon.colcon_core.package_identification:_identify(build) by extension 'ignore'
[3.874s] Level 1:colcon.colcon_core.package_identification:_identify(build) ignored
[3.875s] Level 1:colcon.colcon_core.package_identification:_identify(install) by extensions ['ignore', 'ignore_ament_install']
[3.875s] Level 1:colcon.colcon_core.package_identification:_identify(install) by extension 'ignore'
[3.875s] Level 1:colcon.colcon_core.package_identification:_identify(install) ignored
[3.876s] Level 1:colcon.colcon_core.package_identification:_identify(log) by extensions ['ignore', 'ignore_ament_install']
[3.877s] Level 1:colcon.colcon_core.package_identification:_identify(log) by extension 'ignore'
[3.877s] Level 1:colcon.colcon_core.package_identification:_identify(log) ignored
[3.878s] Level 1:colcon.colcon_core.package_identification:_identify(src) by extensions ['ignore', 'ignore_ament_install']
[3.879s] Level 1:colcon.colcon_core.package_identification:_identify(src) by extension 'ignore'
[3.879s] Level 1:colcon.colcon_core.package_identification:_identify(src) by extension 'ignore_ament_install'
[3.879s] Level 1:colcon.colcon_core.package_identification:_identify(src) by extensions ['colcon_pkg']
[3.880s] Level 1:colcon.colcon_core.package_identification:_identify(src) by extension 'colcon_pkg'
[3.880s] Level 1:colcon.colcon_core.package_identification:_identify(src) by extensions ['colcon_meta']
[3.880s] Level 1:colcon.colcon_core.package_identification:_identify(src) by extension 'colcon_meta'
[3.881s] Level 1:colcon.colcon_core.package_identification:_identify(src) by extensions ['ros']
[3.881s] Level 1:colcon.colcon_core.package_identification:_identify(src) by extension 'ros'
[3.882s] Level 1:colcon.colcon_core.package_identification:_identify(src) by extensions ['cmake', 'python']
[3.882s] Level 1:colcon.colcon_core.package_identification:_identify(src) by extension 'cmake'
[3.882s] Level 1:colcon.colcon_core.package_identification:_identify(src) by extension 'python'
[3.882s] Level 1:colcon.colcon_core.package_identification:_identify(src) by extensions ['python_setup_py']
[3.883s] Level 1:colcon.colcon_core.package_identification:_identify(src) by extension 'python_setup_py'
[3.884s] Level 1:colcon.colcon_core.package_identification:_identify(src/camera_pkg) by extensions ['ignore', 'ignore_ament_install']
[3.884s] Level 1:colcon.colcon_core.package_identification:_identify(src/camera_pkg) by extension 'ignore'
[3.885s] Level 1:colcon.colcon_core.package_identification:_identify(src/camera_pkg) by extension 'ignore_ament_install'
[3.885s] Level 1:colcon.colcon_core.package_identification:_identify(src/camera_pkg) by extensions ['colcon_pkg']
[3.886s] Level 1:colcon.colcon_core.package_identification:_identify(src/camera_pkg) by extension 'colcon_pkg'
[3.886s] Level 1:colcon.colcon_core.package_identification:_identify(src/camera_pkg) by extensions ['colcon_meta']
[3.887s] Level 1:colcon.colcon_core.package_identification:_identify(src/camera_pkg) by extension 'colcon_meta'
[3.887s] Level 1:colcon.colcon_core.package_identification:_identify(src/camera_pkg) by extensions ['ros']
[3.887s] Level 1:colcon.colcon_core.package_identification:_identify(src/camera_pkg) by extension 'ros'
[3.897s] DEBUG:colcon.colcon_core.package_identification:Package 'src/camera_pkg' with type 'ros.ament_python' and name 'camera_pkg'
[3.898s] Level 1:colcon.colcon_core.package_identification:_identify(src/rover_bringup) by extensions ['ignore', 'ignore_ament_install']
[3.898s] Level 1:colcon.colcon_core.package_identification:_identify(src/rover_bringup) by extension 'ignore'
[3.898s] Level 1:colcon.colcon_core.package_identification:_identify(src/rover_bringup) by extension 'ignore_ament_install'
[3.899s] Level 1:colcon.colcon_core.package_identification:_identify(src/rover_bringup) by extensions ['colcon_pkg']
[3.899s] Level 1:colcon.colcon_core.package_identification:_identify(src/rover_bringup) by extension 'colcon_pkg'
[3.899s] Level 1:colcon.colcon_core.package_identification:_identify(src/rover_bringup) by extensions ['colcon_meta']
[3.899s] Level 1:colcon.colcon_core.package_identification:_identify(src/rover_bringup) by extension 'colcon_meta'
[3.899s] Level 1:colcon.colcon_core.package_identification:_identify(src/rover_bringup) by extensions ['ros']
[3.900s] Level 1:colcon.colcon_core.package_identification:_identify(src/rover_bringup) by extension 'ros'
[3.902s] DEBUG:colcon.colcon_core.package_identification:Package 'src/rover_bringup' with type 'ros.ament_cmake' and name 'rover_bringup'
[3.902s] Level 1:colcon.colcon_core.package_identification:_identify(src/rover_control_pkg) by extensions ['ignore', 'ignore_ament_install']
[3.903s] Level 1:colcon.colcon_core.package_identification:_identify(src/rover_control_pkg) by extension 'ignore'
[3.903s] Level 1:colcon.colcon_core.package_identification:_identify(src/rover_control_pkg) by extension 'ignore_ament_install'
[3.903s] Level 1:colcon.colcon_core.package_identification:_identify(src/rover_control_pkg) by extensions ['colcon_pkg']
[3.903s] Level 1:colcon.colcon_core.package_identification:_identify(src/rover_control_pkg) by extension 'colcon_pkg'
[3.904s] Level 1:colcon.colcon_core.package_identification:_identify(src/rover_control_pkg) by extensions ['colcon_meta']
[3.904s] Level 1:colcon.colcon_core.package_identification:_identify(src/rover_control_pkg) by extension 'colcon_meta'
[3.904s] Level 1:colcon.colcon_core.package_identification:_identify(src/rover_control_pkg) by extensions ['ros']
[3.904s] Level 1:colcon.colcon_core.package_identification:_identify(src/rover_control_pkg) by extension 'ros'
[3.906s] DEBUG:colcon.colcon_core.package_identification:Package 'src/rover_control_pkg' with type 'ros.ament_python' and name 'rover_control_pkg'
[3.907s] Level 1:colcon.colcon_core.package_identification:_identify(src/rover_interfaces) by extensions ['ignore', 'ignore_ament_install']
[3.908s] Level 1:colcon.colcon_core.package_identification:_identify(src/rover_interfaces) by extension 'ignore'
[3.908s] Level 1:colcon.colcon_core.package_identification:_identify(src/rover_interfaces) by extension 'ignore_ament_install'
[3.908s] Level 1:colcon.colcon_core.package_identification:_identify(src/rover_interfaces) by extensions ['colcon_pkg']
[3.908s] Level 1:colcon.colcon_core.package_identification:_identify(src/rover_interfaces) by extension 'colcon_pkg'
[3.908s] Level 1:colcon.colcon_core.package_identification:_identify(src/rover_interfaces) by extensions ['colcon_meta']
[3.908s] Level 1:colcon.colcon_core.package_identification:_identify(src/rover_interfaces) by extension 'colcon_meta'
[3.909s] Level 1:colcon.colcon_core.package_identification:_identify(src/rover_interfaces) by extensions ['ros']
[3.909s] Level 1:colcon.colcon_core.package_identification:_identify(src/rover_interfaces) by extension 'ros'
[3.911s] DEBUG:colcon.colcon_core.package_identification:Package 'src/rover_interfaces' with type 'ros.ament_cmake' and name 'rover_interfaces'
[3.911s] Level 1:colcon.colcon_core.package_identification:_identify(src/rover_motion_pkg) by extensions ['ignore', 'ignore_ament_install']
[3.912s] Level 1:colcon.colcon_core.package_identification:_identify(src/rover_motion_pkg) by extension 'ignore'
[3.912s] Level 1:colcon.colcon_core.package_identification:_identify(src/rover_motion_pkg) by extension 'ignore_ament_install'
[3.912s] Level 1:colcon.colcon_core.package_identification:_identify(src/rover_motion_pkg) by extensions ['colcon_pkg']
[3.913s] Level 1:colcon.colcon_core.package_identification:_identify(src/rover_motion_pkg) by extension 'colcon_pkg'
[3.913s] Level 1:colcon.colcon_core.package_identification:_identify(src/rover_motion_pkg) by extensions ['colcon_meta']
[3.913s] Level 1:colcon.colcon_core.package_identification:_identify(src/rover_motion_pkg) by extension 'colcon_meta'
[3.913s] Level 1:colcon.colcon_core.package_identification:_identify(src/rover_motion_pkg) by extensions ['ros']
[3.913s] Level 1:colcon.colcon_core.package_identification:_identify(src/rover_motion_pkg) by extension 'ros'
[3.916s] DEBUG:colcon.colcon_core.package_identification:Package 'src/rover_motion_pkg' with type 'ros.ament_python' and name 'rover_motion_pkg'
[3.916s] Level 1:colcon.colcon_core.package_discovery:discover_packages(recursive) using defaults
[3.916s] Level 1:colcon.colcon_core.package_discovery:discover_packages(ignore) discover
[3.916s] Level 1:colcon.colcon_core.package_discovery:discover_packages(ignore) using defaults
[3.916s] Level 1:colcon.colcon_core.package_discovery:discover_packages(path) discover
[3.917s] Level 1:colcon.colcon_core.package_discovery:discover_packages(path) using defaults
[4.146s] INFO:colcon.colcon_core.package_selection:Skipping not selected package 'rover_interfaces' in 'src/rover_interfaces'
[4.146s] INFO:colcon.colcon_core.package_selection:Skipping not selected package 'camera_pkg' in 'src/camera_pkg'
[4.146s] INFO:colcon.colcon_core.package_selection:Skipping not selected package 'rover_control_pkg' in 'src/rover_control_pkg'
[4.146s] INFO:colcon.colcon_core.package_selection:Skipping not selected package 'rover_motion_pkg' in 'src/rover_motion_pkg'
[4.242s] Level 1:colcon.colcon_core.package_discovery:discover_packages(prefix_path) check parameters
[4.242s] Level 1:colcon.colcon_core.package_discovery:discover_packages(prefix_path) discover
[4.355s] DEBUG:colcon.colcon_installed_package_information.package_discovery:Found 4 installed packages in /home/pi/Robot_server/ros2_ws/install
[4.421s] DEBUG:colcon.colcon_installed_package_information.package_discovery:Found 181 installed packages in /opt/ros/humble
[4.425s] Level 1:colcon.colcon_core.package_discovery:discover_packages(prefix_path) using defaults
[4.711s] Level 5:colcon.colcon_core.verb:set package 'rover_bringup' build argument 'cmake_args' from command line to 'None'
[4.711s] Level 5:colcon.colcon_core.verb:set package 'rover_bringup' build argument 'cmake_target' from command line to 'None'
[4.711s] Level 5:colcon.colcon_core.verb:set package 'rover_bringup' build argument 'cmake_target_skip_unavailable' from command line to 'False'
[4.711s] Level 5:colcon.colcon_core.verb:set package 'rover_bringup' build argument 'cmake_clean_cache' from command line to 'False'
[4.711s] Level 5:colcon.colcon_core.verb:set package 'rover_bringup' build argument 'cmake_clean_first' from command line to 'False'
[4.711s] Level 5:colcon.colcon_core.verb:set package 'rover_bringup' build argument 'cmake_force_configure' from command line to 'False'
[4.712s] Level 5:colcon.colcon_core.verb:set package 'rover_bringup' build argument 'ament_cmake_args' from command line to 'None'
[4.712s] Level 5:colcon.colcon_core.verb:set package 'rover_bringup' build argument 'catkin_cmake_args' from command line to 'None'
[4.712s] Level 5:colcon.colcon_core.verb:set package 'rover_bringup' build argument 'catkin_skip_building_tests' from command line to 'False'
[4.712s] DEBUG:colcon.colcon_core.verb:Building package 'rover_bringup' with the following arguments: {'ament_cmake_args': None, 'build_base': '/home/pi/Robot_server/ros2_ws/build/rover_bringup', 'catkin_cmake_args': None, 'catkin_skip_building_tests': False, 'cmake_args': None, 'cmake_clean_cache': False, 'cmake_clean_first': False, 'cmake_force_configure': False, 'cmake_target': None, 'cmake_target_skip_unavailable': False, 'install_base': '/home/pi/Robot_server/ros2_ws/install/rover_bringup', 'merge_install': False, 'path': '/home/pi/Robot_server/ros2_ws/src/rover_bringup', 'symlink_install': True, 'test_result_base': None}
[4.760s] INFO:colcon.colcon_core.executor:Executing jobs using 'parallel' executor
[4.811s] DEBUG:colcon.colcon_parallel_executor.executor.parallel:run_until_complete
[4.812s] INFO:colcon.colcon_ros.task.ament_cmake.build:Building ROS package in '/home/pi/Robot_server/ros2_ws/src/rover_bringup' with build type 'ament_cmake'
[4.813s] INFO:colcon.colcon_cmake.task.cmake.build:Building CMake package in '/home/pi/Robot_server/ros2_ws/src/rover_bringup'
[4.874s] INFO:colcon.colcon_core.plugin_system:Skipping extension 'colcon_core.shell.bat': Not used on non-Windows systems
[4.875s] INFO:colcon.colcon_core.shell:Skip shell extension 'powershell' for command environment: Not usable outside of PowerShell
[4.876s] DEBUG:colcon.colcon_core.shell:Skip shell extension 'dsv' for command environment
[5.088s] DEBUG:colcon.colcon_core.event_handler.log_command:Invoking command in '/home/pi/Robot_server/ros2_ws/build/rover_bringup': AMENT_PREFIX_PATH=/home/pi/Robot_server/ros2_ws/install/rover_motion_pkg:/home/pi/Robot_server/ros2_ws/install/rover_control_pkg:/home/pi/Robot_server/ros2_ws/install/camera_pkg:/home/pi/Robot_server/ros2_ws/install/rover_interfaces:/opt/ros/humble CMAKE_PREFIX_PATH=${CMAKE_PREFIX_PATH}:/home/pi/Robot_server/ros2_ws/install/rover_control_pkg:/home/pi/Robot_server/ros2_ws/install/rover_motion_pkg:/home/pi/Robot_server/ros2_ws/install/camera_pkg:/opt/ros/humble PYTHONPATH=/home/pi/Robot_server/ros2_ws/build/rover_motion_pkg:/home/pi/Robot_server/ros2_ws/install/rover_motion_pkg/lib/python3.10/site-packages:/home/pi/Robot_server/ros2_ws/build/rover_control_pkg:/home/pi/Robot_server/ros2_ws/install/rover_control_pkg/lib/python3.10/site-packages:/home/pi/Robot_server/ros2_ws/build/camera_pkg:/home/pi/Robot_server/ros2_ws/install/camera_pkg/lib/python3.10/site-packages:/home/pi/Robot_server/ros2_ws/install/rover_interfaces/local/lib/python3.10/dist-packages:/opt/ros/humble/lib/python3.10/site-packages:/opt/ros/humble/local/lib/python3.10/dist-packages /usr/bin/cmake /home/pi/Robot_server/ros2_ws/src/rover_bringup -DAMENT_CMAKE_SYMLINK_INSTALL=1 -DCMAKE_INSTALL_PREFIX=/home/pi/Robot_server/ros2_ws/install/rover_bringup
[8.611s] DEBUG:colcon.colcon_core.event_handler.log_command:Invoked command in '/home/pi/Robot_server/ros2_ws/build/rover_bringup' returned '0': AMENT_PREFIX_PATH=/home/pi/Robot_server/ros2_ws/install/rover_motion_pkg:/home/pi/Robot_server/ros2_ws/install/rover_control_pkg:/home/pi/Robot_server/ros2_ws/install/camera_pkg:/home/pi/Robot_server/ros2_ws/install/rover_interfaces:/opt/ros/humble CMAKE_PREFIX_PATH=${CMAKE_PREFIX_PATH}:/home/pi/Robot_server/ros2_ws/install/rover_control_pkg:/home/pi/Robot_server/ros2_ws/install/rover_motion_pkg:/home/pi/Robot_server/ros2_ws/install/camera_pkg:/opt/ros/humble PYTHONPATH=/home/pi/Robot_server/ros2_ws/build/rover_motion_pkg:/home/pi/Robot_server/ros2_ws/install/rover_motion_pkg/lib/python3.10/site-packages:/home/pi/Robot_server/ros2_ws/build/rover_control_pkg:/home/pi/Robot_server/ros2_ws/install/rover_control_pkg/lib/python3.10/site-packages:/home/pi/Robot_server/ros2_ws/build/camera_pkg:/home/pi/Robot_server/ros2_ws/install/camera_pkg/lib/python3.10/site-packages:/home/pi/Robot_server/ros2_ws/install/rover_interfaces/local/lib/python3.10/dist-packages:/opt/ros/humble/lib/python3.10/site-packages:/opt/ros/humble/local/lib/python3.10/dist-packages /usr/bin/cmake /home/pi/Robot_server/ros2_ws/src/rover_bringup -DAMENT_CMAKE_SYMLINK_INSTALL=1 -DCMAKE_INSTALL_PREFIX=/home/pi/Robot_server/ros2_ws/install/rover_bringup
[8.621s] DEBUG:colcon.colcon_core.event_handler.log_command:Invoking command in '/home/pi/Robot_server/ros2_ws/build/rover_bringup': AMENT_PREFIX_PATH=/home/pi/Robot_server/ros2_ws/install/rover_motion_pkg:/home/pi/Robot_server/ros2_ws/install/rover_control_pkg:/home/pi/Robot_server/ros2_ws/install/camera_pkg:/home/pi/Robot_server/ros2_ws/install/rover_interfaces:/opt/ros/humble CMAKE_PREFIX_PATH=${CMAKE_PREFIX_PATH}:/home/pi/Robot_server/ros2_ws/install/rover_control_pkg:/home/pi/Robot_server/ros2_ws/install/rover_motion_pkg:/home/pi/Robot_server/ros2_ws/install/camera_pkg:/opt/ros/humble PYTHONPATH=/home/pi/Robot_server/ros2_ws/build/rover_motion_pkg:/home/pi/Robot_server/ros2_ws/install/rover_motion_pkg/lib/python3.10/site-packages:/home/pi/Robot_server/ros2_ws/build/rover_control_pkg:/home/pi/Robot_server/ros2_ws/install/rover_control_pkg/lib/python3.10/site-packages:/home/pi/Robot_server/ros2_ws/build/camera_pkg:/home/pi/Robot_server/ros2_ws/install/camera_pkg/lib/python3.10/site-packages:/home/pi/Robot_server/ros2_ws/install/rover_interfaces/local/lib/python3.10/dist-packages:/opt/ros/humble/lib/python3.10/site-packages:/opt/ros/humble/local/lib/python3.10/dist-packages /usr/bin/cmake --build /home/pi/Robot_server/ros2_ws/build/rover_bringup -- -j4 -l4
[8.764s] DEBUG:colcon.colcon_core.event_handler.log_command:Invoked command in '/home/pi/Robot_server/ros2_ws/build/rover_bringup' returned '0': AMENT_PREFIX_PATH=/home/pi/Robot_server/ros2_ws/install/rover_motion_pkg:/home/pi/Robot_server/ros2_ws/install/rover_control_pkg:/home/pi/Robot_server/ros2_ws/install/camera_pkg:/home/pi/Robot_server/ros2_ws/install/rover_interfaces:/opt/ros/humble CMAKE_PREFIX_PATH=${CMAKE_PREFIX_PATH}:/home/pi/Robot_server/ros2_ws/install/rover_control_pkg:/home/pi/Robot_server/ros2_ws/install/rover_motion_pkg:/home/pi/Robot_server/ros2_ws/install/camera_pkg:/opt/ros/humble PYTHONPATH=/home/pi/Robot_server/ros2_ws/build/rover_motion_pkg:/home/pi/Robot_server/ros2_ws/install/rover_motion_pkg/lib/python3.10/site-packages:/home/pi/Robot_server/ros2_ws/build/rover_control_pkg:/home/pi/Robot_server/ros2_ws/install/rover_control_pkg/lib/python3.10/site-packages:/home/pi/Robot_server/ros2_ws/build/camera_pkg:/home/pi/Robot_server/ros2_ws/install/camera_pkg/lib/python3.10/site-packages:/home/pi/Robot_server/ros2_ws/install/rover_interfaces/local/lib/python3.10/dist-packages:/opt/ros/humble/lib/python3.10/site-packages:/opt/ros/humble/local/lib/python3.10/dist-packages /usr/bin/cmake --build /home/pi/Robot_server/ros2_ws/build/rover_bringup -- -j4 -l4
[8.910s] DEBUG:colcon.colcon_core.event_handler.log_command:Invoking command in '/home/pi/Robot_server/ros2_ws/build/rover_bringup': AMENT_PREFIX_PATH=/home/pi/Robot_server/ros2_ws/install/rover_motion_pkg:/home/pi/Robot_server/ros2_ws/install/rover_control_pkg:/home/pi/Robot_server/ros2_ws/install/camera_pkg:/home/pi/Robot_server/ros2_ws/install/rover_interfaces:/opt/ros/humble CMAKE_PREFIX_PATH=${CMAKE_PREFIX_PATH}:/home/pi/Robot_server/ros2_ws/install/rover_control_pkg:/home/pi/Robot_server/ros2_ws/install/rover_motion_pkg:/home/pi/Robot_server/ros2_ws/install/camera_pkg:/opt/ros/humble PYTHONPATH=/home/pi/Robot_server/ros2_ws/build/rover_motion_pkg:/home/pi/Robot_server/ros2_ws/install/rover_motion_pkg/lib/python3.10/site-packages:/home/pi/Robot_server/ros2_ws/build/rover_control_pkg:/home/pi/Robot_server/ros2_ws/install/rover_control_pkg/lib/python3.10/site-packages:/home/pi/Robot_server/ros2_ws/build/camera_pkg:/home/pi/Robot_server/ros2_ws/install/camera_pkg/lib/python3.10/site-packages:/home/pi/Robot_server/ros2_ws/install/rover_interfaces/local/lib/python3.10/dist-packages:/opt/ros/humble/lib/python3.10/site-packages:/opt/ros/humble/local/lib/python3.10/dist-packages /usr/bin/cmake --install /home/pi/Robot_server/ros2_ws/build/rover_bringup
[9.454s] Level 1:colcon.colcon_core.environment:create_environment_scripts_only(rover_bringup)
[9.456s] DEBUG:colcon.colcon_core.event_handler.log_command:Invoked command in '/home/pi/Robot_server/ros2_ws/build/rover_bringup' returned '0': AMENT_PREFIX_PATH=/home/pi/Robot_server/ros2_ws/install/rover_motion_pkg:/home/pi/Robot_server/ros2_ws/install/rover_control_pkg:/home/pi/Robot_server/ros2_ws/install/camera_pkg:/home/pi/Robot_server/ros2_ws/install/rover_interfaces:/opt/ros/humble CMAKE_PREFIX_PATH=${CMAKE_PREFIX_PATH}:/home/pi/Robot_server/ros2_ws/install/rover_control_pkg:/home/pi/Robot_server/ros2_ws/install/rover_motion_pkg:/home/pi/Robot_server/ros2_ws/install/camera_pkg:/opt/ros/humble PYTHONPATH=/home/pi/Robot_server/ros2_ws/build/rover_motion_pkg:/home/pi/Robot_server/ros2_ws/install/rover_motion_pkg/lib/python3.10/site-packages:/home/pi/Robot_server/ros2_ws/build/rover_control_pkg:/home/pi/Robot_server/ros2_ws/install/rover_control_pkg/lib/python3.10/site-packages:/home/pi/Robot_server/ros2_ws/build/camera_pkg:/home/pi/Robot_server/ros2_ws/install/camera_pkg/lib/python3.10/site-packages:/home/pi/Robot_server/ros2_ws/install/rover_interfaces/local/lib/python3.10/dist-packages:/opt/ros/humble/lib/python3.10/site-packages:/opt/ros/humble/local/lib/python3.10/dist-packages /usr/bin/cmake --install /home/pi/Robot_server/ros2_ws/build/rover_bringup
[9.516s] Level 1:colcon.colcon_core.environment:checking '/home/pi/Robot_server/ros2_ws/install/rover_bringup' for CMake module files
[9.519s] Level 1:colcon.colcon_core.environment:checking '/home/pi/Robot_server/ros2_ws/install/rover_bringup' for CMake config files
[9.520s] Level 1:colcon.colcon_core.shell:create_environment_hook('rover_bringup', 'cmake_prefix_path')
[9.569s] INFO:colcon.colcon_core.shell:Creating environment hook '/home/pi/Robot_server/ros2_ws/install/rover_bringup/share/rover_bringup/hook/cmake_prefix_path.ps1'
[9.571s] INFO:colcon.colcon_core.shell:Creating environment descriptor '/home/pi/Robot_server/ros2_ws/install/rover_bringup/share/rover_bringup/hook/cmake_prefix_path.dsv'
[9.573s] INFO:colcon.colcon_core.shell:Creating environment hook '/home/pi/Robot_server/ros2_ws/install/rover_bringup/share/rover_bringup/hook/cmake_prefix_path.sh'
[9.577s] Level 1:colcon.colcon_core.environment:checking '/home/pi/Robot_server/ros2_ws/install/rover_bringup/bin'
[9.577s] Level 1:colcon.colcon_core.environment:checking '/home/pi/Robot_server/ros2_ws/install/rover_bringup/lib/pkgconfig/rover_bringup.pc'
[9.578s] Level 1:colcon.colcon_core.environment:checking '/home/pi/Robot_server/ros2_ws/install/rover_bringup/lib/python3.10/site-packages'
[9.579s] Level 1:colcon.colcon_core.environment:checking '/home/pi/Robot_server/ros2_ws/install/rover_bringup/bin'
[9.632s] INFO:colcon.colcon_core.shell:Creating package script '/home/pi/Robot_server/ros2_ws/install/rover_bringup/share/rover_bringup/package.ps1'
[9.635s] INFO:colcon.colcon_core.shell:Creating package descriptor '/home/pi/Robot_server/ros2_ws/install/rover_bringup/share/rover_bringup/package.dsv'
[9.638s] INFO:colcon.colcon_core.shell:Creating package script '/home/pi/Robot_server/ros2_ws/install/rover_bringup/share/rover_bringup/package.sh'
[9.641s] INFO:colcon.colcon_core.shell:Creating package script '/home/pi/Robot_server/ros2_ws/install/rover_bringup/share/rover_bringup/package.bash'
[9.645s] INFO:colcon.colcon_core.shell:Creating package script '/home/pi/Robot_server/ros2_ws/install/rover_bringup/share/rover_bringup/package.zsh'
[9.647s] Level 1:colcon.colcon_core.environment:create_file_with_runtime_dependencies(/home/pi/Robot_server/ros2_ws/install/rover_bringup/share/colcon-core/packages/rover_bringup)
[9.808s] Level 1:colcon.colcon_core.environment:create_environment_scripts_only(rover_bringup)
[9.861s] Level 1:colcon.colcon_core.environment:checking '/home/pi/Robot_server/ros2_ws/install/rover_bringup' for CMake module files
[9.864s] Level 1:colcon.colcon_core.environment:checking '/home/pi/Robot_server/ros2_ws/install/rover_bringup' for CMake config files
[9.866s] Level 1:colcon.colcon_core.shell:create_environment_hook('rover_bringup', 'cmake_prefix_path')
[9.931s] INFO:colcon.colcon_core.shell:Creating environment hook '/home/pi/Robot_server/ros2_ws/install/rover_bringup/share/rover_bringup/hook/cmake_prefix_path.ps1'
[9.933s] INFO:colcon.colcon_core.shell:Creating environment descriptor '/home/pi/Robot_server/ros2_ws/install/rover_bringup/share/rover_bringup/hook/cmake_prefix_path.dsv'
[9.935s] INFO:colcon.colcon_core.shell:Creating environment hook '/home/pi/Robot_server/ros2_ws/install/rover_bringup/share/rover_bringup/hook/cmake_prefix_path.sh'
[9.939s] Level 1:colcon.colcon_core.environment:checking '/home/pi/Robot_server/ros2_ws/install/rover_bringup/bin'
[9.939s] Level 1:colcon.colcon_core.environment:checking '/home/pi/Robot_server/ros2_ws/install/rover_bringup/lib/pkgconfig/rover_bringup.pc'
[9.940s] Level 1:colcon.colcon_core.environment:checking '/home/pi/Robot_server/ros2_ws/install/rover_bringup/lib/python3.10/site-packages'
[9.942s] Level 1:colcon.colcon_core.environment:checking '/home/pi/Robot_server/ros2_ws/install/rover_bringup/bin'
[10.023s] INFO:colcon.colcon_core.shell:Creating package script '/home/pi/Robot_server/ros2_ws/install/rover_bringup/share/rover_bringup/package.ps1'
[10.026s] INFO:colcon.colcon_core.shell:Creating package descriptor '/home/pi/Robot_server/ros2_ws/install/rover_bringup/share/rover_bringup/package.dsv'
[10.029s] INFO:colcon.colcon_core.shell:Creating package script '/home/pi/Robot_server/ros2_ws/install/rover_bringup/share/rover_bringup/package.sh'
[10.032s] INFO:colcon.colcon_core.shell:Creating package script '/home/pi/Robot_server/ros2_ws/install/rover_bringup/share/rover_bringup/package.bash'
[10.034s] INFO:colcon.colcon_core.shell:Creating package script '/home/pi/Robot_server/ros2_ws/install/rover_bringup/share/rover_bringup/package.zsh'
[10.036s] Level 1:colcon.colcon_core.environment:create_file_with_runtime_dependencies(/home/pi/Robot_server/ros2_ws/install/rover_bringup/share/colcon-core/packages/rover_bringup)
[10.038s] DEBUG:colcon.colcon_parallel_executor.executor.parallel:closing loop
[10.039s] DEBUG:colcon.colcon_parallel_executor.executor.parallel:loop closed
[10.039s] DEBUG:colcon.colcon_parallel_executor.executor.parallel:run_until_complete finished with '0'
[10.039s] DEBUG:colcon.colcon_core.event_reactor:joining thread
[10.114s] INFO:colcon.colcon_core.plugin_system:Skipping extension 'colcon_notification.desktop_notification.notify_send': Could not find 'notify-send'
[10.114s] INFO:colcon.colcon_core.plugin_system:Skipping extension 'colcon_notification.desktop_notification.terminal_notifier': Not used on non-Darwin systems
[10.114s] INFO:colcon.colcon_core.plugin_system:Skipping extension 'colcon_notification.desktop_notification.win32': Not used on non-Windows systems
[10.115s] INFO:colcon.colcon_notification.desktop_notification:Sending desktop notification using 'notify2'
[10.117s] DEBUG:colcon.colcon_notification.desktop_notification.notify2:Failed to initialize notify2: org.freedesktop.DBus.Error.ServiceUnknown: The name org.freedesktop.Notifications was not provided by any .service files
[10.118s] DEBUG:colcon.colcon_core.event_reactor:joined thread
[10.173s] INFO:colcon.colcon_core.shell:Creating prefix script '/home/pi/Robot_server/ros2_ws/install/local_setup.ps1'
[10.177s] INFO:colcon.colcon_core.shell:Creating prefix util module '/home/pi/Robot_server/ros2_ws/install/_local_setup_util_ps1.py'
[10.184s] INFO:colcon.colcon_core.shell:Creating prefix chain script '/home/pi/Robot_server/ros2_ws/install/setup.ps1'
[10.237s] INFO:colcon.colcon_core.shell:Creating prefix script '/home/pi/Robot_server/ros2_ws/install/local_setup.sh'
[10.239s] INFO:colcon.colcon_core.shell:Creating prefix util module '/home/pi/Robot_server/ros2_ws/install/_local_setup_util_sh.py'
[10.242s] INFO:colcon.colcon_core.shell:Creating prefix chain script '/home/pi/Robot_server/ros2_ws/install/setup.sh'
[10.303s] INFO:colcon.colcon_core.shell:Creating prefix script '/home/pi/Robot_server/ros2_ws/install/local_setup.bash'
[10.305s] INFO:colcon.colcon_core.shell:Creating prefix chain script '/home/pi/Robot_server/ros2_ws/install/setup.bash'
[10.359s] INFO:colcon.colcon_core.shell:Creating prefix script '/home/pi/Robot_server/ros2_ws/install/local_setup.zsh'
[10.361s] INFO:colcon.colcon_core.shell:Creating prefix chain script '/home/pi/Robot_server/ros2_ws/install/setup.zsh'
