[0.242s] Invoking command in '/home/pi/Robot_server/ros2_ws/build/rover_interfaces': CMAKE_PREFIX_PATH=${CMAKE_PREFIX_PATH}:/home/pi/Robot_server/ros2_ws/install/rover_motion_pkg:/home/pi/Robot_server/ros2_ws/install/camera_pkg:/opt/ros/humble /usr/bin/cmake --build /home/pi/Robot_server/ros2_ws/build/rover_interfaces -- -j4 -l4
[0.700s] -- Found ament_cmake: 1.3.6 (/opt/ros/humble/share/ament_cmake/cmake)
[1.375s] -- Override CMake install command with custom implementation using symlinks instead of copying resources
[1.442s] -- Found rosidl_default_generators: 1.2.0 (/opt/ros/humble/share/rosidl_default_generators/cmake)
[1.455s] -- Using all available rosidl_typesupport_c: rosidl_typesupport_fastrtps_c;rosidl_typesupport_introspection_c
[1.472s] -- Found rosidl_adapter: 3.1.5 (/opt/ros/humble/share/rosidl_adapter/cmake)
[1.671s] -- Using all available rosidl_typesupport_cpp: rosidl_typesupport_fastrtps_cpp;rosidl_typesupport_introspection_cpp
[2.934s] -- Found ament_cmake_ros: 0.10.0 (/opt/ros/humble/share/ament_cmake_ros/cmake)
[3.783s] -- Using all available rosidl_typesupport_c: rosidl_typesupport_fastrtps_c;rosidl_typesupport_introspection_c
[4.896s] -- Using all available rosidl_typesupport_cpp: rosidl_typesupport_fastrtps_cpp;rosidl_typesupport_introspection_cpp
[5.006s] -- Found python_cmake_module: 0.10.0 (/opt/ros/humble/share/python_cmake_module/cmake)
[5.127s] -- Using PYTHON_EXECUTABLE: /usr/bin/python3
[5.128s] -- Using PYTHON_INCLUDE_DIRS: /usr/include/python3.10
[5.129s] -- Using PYTHON_LIBRARIES: /usr/lib/aarch64-linux-gnu/libpython3.10.so
[5.253s] -- Configuring done
[5.505s] -- Generating done
[5.524s] -- Build files have been written to: /home/pi/Robot_server/ros2_ws/build/rover_interfaces
[5.649s] [35m[1mConsolidate compiler generated dependencies of target rover_interfaces__rosidl_generator_c[0m
[5.698s] [  3%] Built target rover_interfaces__cpp
[5.732s] [  3%] Built target ament_cmake_python_symlink_rover_interfaces
[5.736s] [ 12%] Built target rover_interfaces__rosidl_generator_c
[5.750s] [35m[1mConsolidate compiler generated dependencies of target rover_interfaces__rosidl_typesupport_fastrtps_cpp[0m
[5.762s] [35m[1mConsolidate compiler generated dependencies of target rover_interfaces__rosidl_typesupport_introspection_cpp[0m
[5.784s] [35m[1mConsolidate compiler generated dependencies of target rover_interfaces__rosidl_typesupport_cpp[0m
[5.864s] [ 29%] Built target rover_interfaces__rosidl_typesupport_introspection_cpp
[5.867s] [ 32%] Built target rover_interfaces__rosidl_typesupport_fastrtps_cpp
[5.900s] [ 41%] Built target rover_interfaces__rosidl_typesupport_cpp
[5.915s] [35m[1mConsolidate compiler generated dependencies of target rover_interfaces__rosidl_typesupport_fastrtps_c[0m
[5.955s] [35m[1mConsolidate compiler generated dependencies of target rover_interfaces__rosidl_typesupport_introspection_c[0m
[5.963s] [35m[1mConsolidate compiler generated dependencies of target rover_interfaces__rosidl_typesupport_c[0m
[5.993s] [ 51%] Built target rover_interfaces__rosidl_typesupport_fastrtps_c
[6.018s] [ 61%] Built target rover_interfaces__rosidl_typesupport_introspection_c
[6.022s] [ 70%] Built target rover_interfaces__rosidl_typesupport_c
[6.111s] [ 70%] Built target rover_interfaces
[6.194s] [ 74%] Built target rover_interfaces__py
[6.257s] [35m[1mConsolidate compiler generated dependencies of target rover_interfaces__rosidl_generator_py[0m
[6.330s] [ 80%] Built target rover_interfaces__rosidl_generator_py
[6.376s] [35m[1mConsolidate compiler generated dependencies of target rover_interfaces__rosidl_typesupport_fastrtps_c__pyext[0m
[6.381s] [35m[1mConsolidate compiler generated dependencies of target rover_interfaces__rosidl_typesupport_introspection_c__pyext[0m
[6.393s] [35m[1mConsolidate compiler generated dependencies of target rover_interfaces__rosidl_typesupport_c__pyext[0m
[6.470s] [ 87%] Built target rover_interfaces__rosidl_typesupport_introspection_c__pyext
[6.475s] [ 93%] Built target rover_interfaces__rosidl_typesupport_fastrtps_c__pyext
[6.490s] [100%] Built target rover_interfaces__rosidl_typesupport_c__pyext
[7.067s] running egg_info
[7.070s] writing rover_interfaces.egg-info/PKG-INFO
[7.071s] writing dependency_links to rover_interfaces.egg-info/dependency_links.txt
[7.072s] writing top-level names to rover_interfaces.egg-info/top_level.txt
[7.096s] reading manifest file 'rover_interfaces.egg-info/SOURCES.txt'
[7.102s] writing manifest file 'rover_interfaces.egg-info/SOURCES.txt'
[7.227s] [100%] Built target ament_cmake_python_build_rover_interfaces_egg
[7.270s] Invoked command in '/home/pi/Robot_server/ros2_ws/build/rover_interfaces' returned '0': CMAKE_PREFIX_PATH=${CMAKE_PREFIX_PATH}:/home/pi/Robot_server/ros2_ws/install/rover_motion_pkg:/home/pi/Robot_server/ros2_ws/install/camera_pkg:/opt/ros/humble /usr/bin/cmake --build /home/pi/Robot_server/ros2_ws/build/rover_interfaces -- -j4 -l4
[7.781s] Invoking command in '/home/pi/Robot_server/ros2_ws/build/rover_interfaces': CMAKE_PREFIX_PATH=${CMAKE_PREFIX_PATH}:/home/pi/Robot_server/ros2_ws/install/rover_motion_pkg:/home/pi/Robot_server/ros2_ws/install/camera_pkg:/opt/ros/humble /usr/bin/cmake --install /home/pi/Robot_server/ros2_ws/build/rover_interfaces
[7.807s] -- Install configuration: ""
[7.809s] -- Execute custom install script
[7.811s] -- Up-to-date symlink: /home/pi/Robot_server/ros2_ws/install/rover_interfaces/share/ament_index/resource_index/rosidl_interfaces/rover_interfaces
[7.821s] -- Up-to-date symlink: /home/pi/Robot_server/ros2_ws/install/rover_interfaces/include/rover_interfaces/rover_interfaces/msg/detail/motor_control__functions.h
[7.822s] -- Up-to-date symlink: /home/pi/Robot_server/ros2_ws/install/rover_interfaces/include/rover_interfaces/rover_interfaces/msg/detail/motor_control__struct.h
[7.822s] -- Up-to-date symlink: /home/pi/Robot_server/ros2_ws/install/rover_interfaces/include/rover_interfaces/rover_interfaces/msg/detail/motor_control__type_support.h
[7.823s] -- Up-to-date symlink: /home/pi/Robot_server/ros2_ws/install/rover_interfaces/include/rover_interfaces/rover_interfaces/msg/motor_control.h
[7.823s] -- Up-to-date symlink: /home/pi/Robot_server/ros2_ws/install/rover_interfaces/include/rover_interfaces/rover_interfaces/msg/rosidl_generator_c__visibility_control.h
[7.824s] -- Up-to-date symlink: /home/pi/Robot_server/ros2_ws/install/rover_interfaces/share/rover_interfaces/environment/library_path.sh
[7.835s] -- Up-to-date symlink: /home/pi/Robot_server/ros2_ws/install/rover_interfaces/share/rover_interfaces/environment/library_path.dsv
[7.839s] -- Up-to-date symlink: /home/pi/Robot_server/ros2_ws/install/rover_interfaces/include/rover_interfaces/rover_interfaces/msg/detail/motor_control__rosidl_typesupport_fastrtps_c.h
[7.840s] -- Up-to-date symlink: /home/pi/Robot_server/ros2_ws/install/rover_interfaces/include/rover_interfaces/rover_interfaces/msg/rosidl_typesupport_fastrtps_c__visibility_control.h
[7.841s] -- Up-to-date symlink: /home/pi/Robot_server/ros2_ws/install/rover_interfaces/include/rover_interfaces/rover_interfaces/msg/detail/motor_control__rosidl_typesupport_introspection_c.h
[7.841s] -- Up-to-date symlink: /home/pi/Robot_server/ros2_ws/install/rover_interfaces/include/rover_interfaces/rover_interfaces/msg/rosidl_typesupport_introspection_c__visibility_control.h
[7.847s] -- Up-to-date symlink: /home/pi/Robot_server/ros2_ws/install/rover_interfaces/include/rover_interfaces/rover_interfaces/msg/detail/motor_control__builder.hpp
[7.848s] -- Up-to-date symlink: /home/pi/Robot_server/ros2_ws/install/rover_interfaces/include/rover_interfaces/rover_interfaces/msg/detail/motor_control__struct.hpp
[7.853s] -- Up-to-date symlink: /home/pi/Robot_server/ros2_ws/install/rover_interfaces/include/rover_interfaces/rover_interfaces/msg/detail/motor_control__traits.hpp
[7.854s] -- Up-to-date symlink: /home/pi/Robot_server/ros2_ws/install/rover_interfaces/include/rover_interfaces/rover_interfaces/msg/motor_control.hpp
[7.854s] -- Up-to-date symlink: /home/pi/Robot_server/ros2_ws/install/rover_interfaces/include/rover_interfaces/rover_interfaces/msg/detail/motor_control__rosidl_typesupport_fastrtps_cpp.hpp
[7.858s] -- Up-to-date symlink: /home/pi/Robot_server/ros2_ws/install/rover_interfaces/include/rover_interfaces/rover_interfaces/msg/rosidl_typesupport_fastrtps_cpp__visibility_control.h
[7.859s] -- Up-to-date symlink: /home/pi/Robot_server/ros2_ws/install/rover_interfaces/include/rover_interfaces/rover_interfaces/msg/detail/motor_control__rosidl_typesupport_introspection_cpp.hpp
[7.860s] -- Up-to-date symlink: /home/pi/Robot_server/ros2_ws/install/rover_interfaces/share/rover_interfaces/environment/pythonpath.sh
[7.861s] -- Up-to-date symlink: /home/pi/Robot_server/ros2_ws/install/rover_interfaces/share/rover_interfaces/environment/pythonpath.dsv
[7.862s] -- Up-to-date symlink: /home/pi/Robot_server/ros2_ws/install/rover_interfaces/local/lib/python3.10/dist-packages/rover_interfaces-0.0.0-py3.10.egg-info/PKG-INFO
[7.862s] -- Up-to-date symlink: /home/pi/Robot_server/ros2_ws/install/rover_interfaces/local/lib/python3.10/dist-packages/rover_interfaces-0.0.0-py3.10.egg-info/SOURCES.txt
[7.873s] -- Up-to-date symlink: /home/pi/Robot_server/ros2_ws/install/rover_interfaces/local/lib/python3.10/dist-packages/rover_interfaces-0.0.0-py3.10.egg-info/dependency_links.txt
[7.874s] -- Up-to-date symlink: /home/pi/Robot_server/ros2_ws/install/rover_interfaces/local/lib/python3.10/dist-packages/rover_interfaces-0.0.0-py3.10.egg-info/top_level.txt
[7.875s] -- Up-to-date symlink: /home/pi/Robot_server/ros2_ws/install/rover_interfaces/local/lib/python3.10/dist-packages/rover_interfaces/__init__.py
[7.876s] -- Up-to-date symlink: /home/pi/Robot_server/ros2_ws/install/rover_interfaces/local/lib/python3.10/dist-packages/rover_interfaces/_rover_interfaces_s.ep.rosidl_typesupport_c.c
[7.881s] -- Up-to-date symlink: /home/pi/Robot_server/ros2_ws/install/rover_interfaces/local/lib/python3.10/dist-packages/rover_interfaces/_rover_interfaces_s.ep.rosidl_typesupport_fastrtps_c.c
[7.882s] -- Up-to-date symlink: /home/pi/Robot_server/ros2_ws/install/rover_interfaces/local/lib/python3.10/dist-packages/rover_interfaces/_rover_interfaces_s.ep.rosidl_typesupport_introspection_c.c
[7.883s] -- Up-to-date symlink: /home/pi/Robot_server/ros2_ws/install/rover_interfaces/local/lib/python3.10/dist-packages/rover_interfaces/librover_interfaces__rosidl_generator_py.so
[7.883s] -- Up-to-date symlink: /home/pi/Robot_server/ros2_ws/install/rover_interfaces/local/lib/python3.10/dist-packages/rover_interfaces/msg/__init__.py
[7.884s] -- Up-to-date symlink: /home/pi/Robot_server/ros2_ws/install/rover_interfaces/local/lib/python3.10/dist-packages/rover_interfaces/msg/_motor_control.py
[7.890s] -- Up-to-date symlink: /home/pi/Robot_server/ros2_ws/install/rover_interfaces/local/lib/python3.10/dist-packages/rover_interfaces/msg/_motor_control_s.c
[7.892s] -- Up-to-date symlink: /home/pi/Robot_server/ros2_ws/install/rover_interfaces/local/lib/python3.10/dist-packages/rover_interfaces/rover_interfaces_s__rosidl_typesupport_c.cpython-310-aarch64-linux-gnu.so
[7.893s] -- Up-to-date symlink: /home/pi/Robot_server/ros2_ws/install/rover_interfaces/local/lib/python3.10/dist-packages/rover_interfaces/rover_interfaces_s__rosidl_typesupport_fastrtps_c.cpython-310-aarch64-linux-gnu.so
[7.893s] -- Up-to-date symlink: /home/pi/Robot_server/ros2_ws/install/rover_interfaces/local/lib/python3.10/dist-packages/rover_interfaces/rover_interfaces_s__rosidl_typesupport_introspection_c.cpython-310-aarch64-linux-gnu.so
[7.895s] -- Up-to-date symlink: /home/pi/Robot_server/ros2_ws/install/rover_interfaces/local/lib/python3.10/dist-packages/rover_interfaces/rover_interfaces_s__rosidl_typesupport_fastrtps_c.cpython-310-aarch64-linux-gnu.so
[7.895s] -- Up-to-date symlink: /home/pi/Robot_server/ros2_ws/install/rover_interfaces/local/lib/python3.10/dist-packages/rover_interfaces/rover_interfaces_s__rosidl_typesupport_introspection_c.cpython-310-aarch64-linux-gnu.so
[7.913s] -- Up-to-date symlink: /home/pi/Robot_server/ros2_ws/install/rover_interfaces/local/lib/python3.10/dist-packages/rover_interfaces/rover_interfaces_s__rosidl_typesupport_c.cpython-310-aarch64-linux-gnu.so
[7.914s] -- Up-to-date symlink: /home/pi/Robot_server/ros2_ws/install/rover_interfaces/share/rover_interfaces/msg/MotorControl.idl
[7.916s] -- Up-to-date symlink: /home/pi/Robot_server/ros2_ws/install/rover_interfaces/share/rover_interfaces/msg/MotorControl.msg
[7.917s] -- Up-to-date symlink: /home/pi/Robot_server/ros2_ws/install/rover_interfaces/share/ament_index/resource_index/package_run_dependencies/rover_interfaces
[7.918s] -- Up-to-date symlink: /home/pi/Robot_server/ros2_ws/install/rover_interfaces/share/ament_index/resource_index/parent_prefix_path/rover_interfaces
[7.924s] -- Up-to-date symlink: /home/pi/Robot_server/ros2_ws/install/rover_interfaces/share/rover_interfaces/environment/ament_prefix_path.sh
[7.924s] -- Up-to-date symlink: /home/pi/Robot_server/ros2_ws/install/rover_interfaces/share/rover_interfaces/environment/ament_prefix_path.dsv
[7.925s] -- Up-to-date symlink: /home/pi/Robot_server/ros2_ws/install/rover_interfaces/share/rover_interfaces/environment/path.sh
[7.926s] -- Up-to-date symlink: /home/pi/Robot_server/ros2_ws/install/rover_interfaces/share/rover_interfaces/environment/path.dsv
[7.927s] -- Up-to-date symlink: /home/pi/Robot_server/ros2_ws/install/rover_interfaces/share/rover_interfaces/local_setup.bash
[7.928s] -- Up-to-date symlink: /home/pi/Robot_server/ros2_ws/install/rover_interfaces/share/rover_interfaces/local_setup.sh
[7.929s] -- Up-to-date symlink: /home/pi/Robot_server/ros2_ws/install/rover_interfaces/share/rover_interfaces/local_setup.zsh
[7.929s] -- Up-to-date symlink: /home/pi/Robot_server/ros2_ws/install/rover_interfaces/share/rover_interfaces/local_setup.dsv
[7.930s] -- Symlinking: /home/pi/Robot_server/ros2_ws/install/rover_interfaces/share/rover_interfaces/package.dsv
[7.987s] -- Up-to-date symlink: /home/pi/Robot_server/ros2_ws/install/rover_interfaces/share/ament_index/resource_index/packages/rover_interfaces
[7.989s] -- Up-to-date symlink: /home/pi/Robot_server/ros2_ws/install/rover_interfaces/share/rover_interfaces/cmake/rosidl_cmake-extras.cmake
[7.992s] -- Up-to-date symlink: /home/pi/Robot_server/ros2_ws/install/rover_interfaces/share/rover_interfaces/cmake/ament_cmake_export_include_directories-extras.cmake
[8.006s] -- Up-to-date symlink: /home/pi/Robot_server/ros2_ws/install/rover_interfaces/share/rover_interfaces/cmake/ament_cmake_export_libraries-extras.cmake
[8.008s] -- Up-to-date symlink: /home/pi/Robot_server/ros2_ws/install/rover_interfaces/share/rover_interfaces/cmake/ament_cmake_export_targets-extras.cmake
[8.009s] -- Up-to-date symlink: /home/pi/Robot_server/ros2_ws/install/rover_interfaces/share/rover_interfaces/cmake/rosidl_cmake_export_typesupport_targets-extras.cmake
[8.010s] -- Up-to-date symlink: /home/pi/Robot_server/ros2_ws/install/rover_interfaces/share/rover_interfaces/cmake/ament_cmake_export_dependencies-extras.cmake
[8.011s] -- Up-to-date symlink: /home/pi/Robot_server/ros2_ws/install/rover_interfaces/share/rover_interfaces/cmake/rosidl_cmake_export_typesupport_libraries-extras.cmake
[8.012s] -- Up-to-date symlink: /home/pi/Robot_server/ros2_ws/install/rover_interfaces/share/rover_interfaces/cmake/rover_interfacesConfig.cmake
[8.013s] -- Up-to-date symlink: /home/pi/Robot_server/ros2_ws/install/rover_interfaces/share/rover_interfaces/cmake/rover_interfacesConfig-version.cmake
[8.013s] -- Up-to-date symlink: /home/pi/Robot_server/ros2_ws/install/rover_interfaces/share/rover_interfaces/package.xml
[8.014s] -- Up-to-date: /home/pi/Robot_server/ros2_ws/install/rover_interfaces/lib/librover_interfaces__rosidl_generator_c.so
[8.024s] -- Up-to-date: /home/pi/Robot_server/ros2_ws/install/rover_interfaces/lib/librover_interfaces__rosidl_typesupport_fastrtps_c.so
[8.028s] -- Up-to-date: /home/pi/Robot_server/ros2_ws/install/rover_interfaces/lib/librover_interfaces__rosidl_typesupport_introspection_c.so
[8.033s] -- Up-to-date: /home/pi/Robot_server/ros2_ws/install/rover_interfaces/lib/librover_interfaces__rosidl_typesupport_c.so
[8.051s] -- Up-to-date: /home/pi/Robot_server/ros2_ws/install/rover_interfaces/lib/librover_interfaces__rosidl_typesupport_fastrtps_cpp.so
[8.056s] -- Up-to-date: /home/pi/Robot_server/ros2_ws/install/rover_interfaces/lib/librover_interfaces__rosidl_typesupport_introspection_cpp.so
[8.060s] -- Up-to-date: /home/pi/Robot_server/ros2_ws/install/rover_interfaces/lib/librover_interfaces__rosidl_typesupport_cpp.so
[8.321s] Listing '/home/pi/Robot_server/ros2_ws/install/rover_interfaces/local/lib/python3.10/dist-packages/rover_interfaces'...
[8.323s] Compiling '/home/pi/Robot_server/ros2_ws/install/rover_interfaces/local/lib/python3.10/dist-packages/rover_interfaces/__init__.py'...
[8.323s] Listing '/home/pi/Robot_server/ros2_ws/install/rover_interfaces/local/lib/python3.10/dist-packages/rover_interfaces/msg'...
[8.372s] -- Up-to-date: /home/pi/Robot_server/ros2_ws/install/rover_interfaces/lib/librover_interfaces__rosidl_generator_py.so
[8.380s] -- Up-to-date: /home/pi/Robot_server/ros2_ws/install/rover_interfaces/share/rover_interfaces/cmake/export_rover_interfaces__rosidl_generator_cExport.cmake
[8.385s] -- Up-to-date: /home/pi/Robot_server/ros2_ws/install/rover_interfaces/share/rover_interfaces/cmake/export_rover_interfaces__rosidl_generator_cExport-noconfig.cmake
[8.386s] -- Up-to-date: /home/pi/Robot_server/ros2_ws/install/rover_interfaces/share/rover_interfaces/cmake/export_rover_interfaces__rosidl_typesupport_fastrtps_cExport.cmake
[8.389s] -- Up-to-date: /home/pi/Robot_server/ros2_ws/install/rover_interfaces/share/rover_interfaces/cmake/export_rover_interfaces__rosidl_typesupport_fastrtps_cExport-noconfig.cmake
[8.396s] -- Up-to-date: /home/pi/Robot_server/ros2_ws/install/rover_interfaces/share/rover_interfaces/cmake/rover_interfaces__rosidl_typesupport_introspection_cExport.cmake
[8.398s] -- Up-to-date: /home/pi/Robot_server/ros2_ws/install/rover_interfaces/share/rover_interfaces/cmake/rover_interfaces__rosidl_typesupport_introspection_cExport-noconfig.cmake
[8.399s] -- Up-to-date: /home/pi/Robot_server/ros2_ws/install/rover_interfaces/share/rover_interfaces/cmake/rover_interfaces__rosidl_typesupport_cExport.cmake
[8.399s] -- Up-to-date: /home/pi/Robot_server/ros2_ws/install/rover_interfaces/share/rover_interfaces/cmake/rover_interfaces__rosidl_typesupport_cExport-noconfig.cmake
[8.407s] -- Up-to-date: /home/pi/Robot_server/ros2_ws/install/rover_interfaces/share/rover_interfaces/cmake/export_rover_interfaces__rosidl_generator_cppExport.cmake
[8.408s] -- Up-to-date: /home/pi/Robot_server/ros2_ws/install/rover_interfaces/share/rover_interfaces/cmake/export_rover_interfaces__rosidl_typesupport_fastrtps_cppExport.cmake
[8.409s] -- Up-to-date: /home/pi/Robot_server/ros2_ws/install/rover_interfaces/share/rover_interfaces/cmake/export_rover_interfaces__rosidl_typesupport_fastrtps_cppExport-noconfig.cmake
[8.410s] -- Up-to-date: /home/pi/Robot_server/ros2_ws/install/rover_interfaces/share/rover_interfaces/cmake/rover_interfaces__rosidl_typesupport_introspection_cppExport.cmake
[8.411s] -- Up-to-date: /home/pi/Robot_server/ros2_ws/install/rover_interfaces/share/rover_interfaces/cmake/rover_interfaces__rosidl_typesupport_introspection_cppExport-noconfig.cmake
[8.412s] -- Up-to-date: /home/pi/Robot_server/ros2_ws/install/rover_interfaces/share/rover_interfaces/cmake/rover_interfaces__rosidl_typesupport_cppExport.cmake
[8.413s] -- Up-to-date: /home/pi/Robot_server/ros2_ws/install/rover_interfaces/share/rover_interfaces/cmake/rover_interfaces__rosidl_typesupport_cppExport-noconfig.cmake
[8.414s] -- Up-to-date: /home/pi/Robot_server/ros2_ws/install/rover_interfaces/share/rover_interfaces/cmake/export_rover_interfaces__rosidl_generator_pyExport.cmake
[8.415s] -- Up-to-date: /home/pi/Robot_server/ros2_ws/install/rover_interfaces/share/rover_interfaces/cmake/export_rover_interfaces__rosidl_generator_pyExport-noconfig.cmake
[8.437s] Invoked command in '/home/pi/Robot_server/ros2_ws/build/rover_interfaces' returned '0': CMAKE_PREFIX_PATH=${CMAKE_PREFIX_PATH}:/home/pi/Robot_server/ros2_ws/install/rover_motion_pkg:/home/pi/Robot_server/ros2_ws/install/camera_pkg:/opt/ros/humble /usr/bin/cmake --install /home/pi/Robot_server/ros2_ws/build/rover_interfaces
