[0.228s] Invoking command in '/home/pi/Robot_server/ros2_ws/build/rover_interfaces': CMAKE_PREFIX_PATH=/opt/ros/humble /usr/bin/cmake /home/pi/Robot_server/ros2_ws/src/rover_interfaces -DAMENT_CMAKE_SYMLINK_INSTALL=1 -DCMAKE_INSTALL_PREFIX=/home/pi/Robot_server/ros2_ws/install/rover_interfaces
[1.094s] -- The C compiler identification is GNU 11.4.0
[1.355s] -- The CXX compiler identification is GNU 11.4.0
[1.401s] -- Detecting C compiler ABI info
[1.742s] -- Detecting C compiler ABI info - done
[1.768s] -- Check for working C compiler: /usr/bin/cc - skipped
[1.770s] -- Detecting C compile features
[1.773s] -- Detecting C compile features - done
[1.787s] -- Detecting CXX compiler ABI info
[2.114s] -- Detecting CXX compiler ABI info - done
[2.140s] -- Check for working CXX compiler: /usr/bin/c++ - skipped
[2.141s] -- Detecting CXX compile features
[2.143s] -- Detecting CXX compile features - done
[2.174s] -- Found ament_cmake: 1.3.6 (/opt/ros/humble/share/ament_cmake/cmake)
[2.943s] -- Found Python3: /usr/bin/python3.10 (found version "3.10.12") found components: Interpreter 
[3.231s] -- Override CMake install command with custom implementation using symlinks instead of copying resources
[3.478s] -- Found rosidl_default_generators: 1.2.0 (/opt/ros/humble/share/rosidl_default_generators/cmake)
[3.503s] -- Using all available rosidl_typesupport_c: rosidl_typesupport_fastrtps_c;rosidl_typesupport_introspection_c
[3.560s] -- Found rosidl_adapter: 3.1.5 (/opt/ros/humble/share/rosidl_adapter/cmake)
[3.852s] -- Using all available rosidl_typesupport_cpp: rosidl_typesupport_fastrtps_cpp;rosidl_typesupport_introspection_cpp
[4.842s] [31mCMake Error at /opt/ros/humble/share/rosidl_cmake/cmake/rosidl_generate_interfaces.cmake:229 (message):
[4.843s]   Packages installing interfaces must include
[4.843s]   '<member_of_group>rosidl_interface_packages</member_of_group>' in their
[4.844s]   package.xml
[4.844s] Call Stack (most recent call first):
[4.845s]   CMakeLists.txt:16 (rosidl_generate_interfaces)
[4.845s] 
[4.845s] [0m
[4.845s] -- Configuring incomplete, errors occurred!
[4.846s] See also "/home/pi/Robot_server/ros2_ws/build/rover_interfaces/CMakeFiles/CMakeOutput.log".
[4.866s] Invoked command in '/home/pi/Robot_server/ros2_ws/build/rover_interfaces' returned '1': CMAKE_PREFIX_PATH=/opt/ros/humble /usr/bin/cmake /home/pi/Robot_server/ros2_ws/src/rover_interfaces -DAMENT_CMAKE_SYMLINK_INSTALL=1 -DCMAKE_INSTALL_PREFIX=/home/pi/Robot_server/ros2_ws/install/rover_interfaces
