[0.240s] Invoking command in '/home/pi/Robot_server/ros2_ws/build/rover_interfaces': CMAKE_PREFIX_PATH=/opt/ros/humble /usr/bin/cmake /home/pi/Robot_server/ros2_ws/src/rover_interfaces -DCMAKE_INSTALL_PREFIX=/home/pi/Robot_server/ros2_ws/install/rover_interfaces
[0.278s] -- Found ament_cmake: 1.3.6 (/opt/ros/humble/share/ament_cmake/cmake)
[0.856s] -- Override CMake install command with custom implementation using symlinks instead of copying resources
[0.887s] -- Found rosidl_default_generators: 1.2.0 (/opt/ros/humble/share/rosidl_default_generators/cmake)
[0.894s] -- Using all available rosidl_typesupport_c: rosidl_typesupport_fastrtps_c;rosidl_typesupport_introspection_c
[0.905s] -- Found rosidl_adapter: 3.1.5 (/opt/ros/humble/share/rosidl_adapter/cmake)
[1.038s] -- Using all available rosidl_typesupport_cpp: rosidl_typesupport_fastrtps_cpp;rosidl_typesupport_introspection_cpp
[2.176s] -- Found ament_cmake_ros: 0.10.0 (/opt/ros/humble/share/ament_cmake_ros/cmake)
[2.987s] -- Using all available rosidl_typesupport_c: rosidl_typesupport_fastrtps_c;rosidl_typesupport_introspection_c
[3.997s] -- Using all available rosidl_typesupport_cpp: rosidl_typesupport_fastrtps_cpp;rosidl_typesupport_introspection_cpp
[4.100s] -- Found PythonInterp: /usr/bin/python3 (found suitable version "3.10.12", minimum required is "3.6") 
[4.116s] -- Found python_cmake_module: 0.10.0 (/opt/ros/humble/share/python_cmake_module/cmake)
[4.237s] -- Found PythonLibs: /usr/lib/aarch64-linux-gnu/libpython3.10.so (found suitable version "3.10.12", minimum required is "3.5") 
[4.237s] -- Using PYTHON_EXECUTABLE: /usr/bin/python3
[4.238s] -- Using PYTHON_INCLUDE_DIRS: /usr/include/python3.10
[4.239s] -- Using PYTHON_LIBRARIES: /usr/lib/aarch64-linux-gnu/libpython3.10.so
[4.333s] -- Found PythonExtra: .so  
[4.550s] -- Configuring done
[4.715s] -- Generating done
[4.729s] -- Build files have been written to: /home/pi/Robot_server/ros2_ws/build/rover_interfaces
[4.753s] Invoked command in '/home/pi/Robot_server/ros2_ws/build/rover_interfaces' returned '0': CMAKE_PREFIX_PATH=/opt/ros/humble /usr/bin/cmake /home/pi/Robot_server/ros2_ws/src/rover_interfaces -DCMAKE_INSTALL_PREFIX=/home/pi/Robot_server/ros2_ws/install/rover_interfaces
[4.761s] Invoking command in '/home/pi/Robot_server/ros2_ws/build/rover_interfaces': CMAKE_PREFIX_PATH=/opt/ros/humble /usr/bin/cmake --build /home/pi/Robot_server/ros2_ws/build/rover_interfaces -- -j4 -l4
[4.910s] [  3%] [34m[1mGenerating C code for ROS interfaces[0m
[4.973s] [  6%] [34m[1mGenerating C++ code for ROS interfaces[0m
[4.986s] [  6%] Built target ament_cmake_python_symlink_rover_interfaces
[6.185s] [  6%] Built target rover_interfaces__cpp
[6.228s] [  9%] [34m[1mGenerating C++ type support dispatch for ROS interfaces[0m
[6.231s] [ 12%] [34m[1mGenerating C++ type support for eProsima Fast-RTPS[0m
[6.283s] [ 16%] [32mBuilding C object CMakeFiles/rover_interfaces__rosidl_generator_c.dir/rosidl_generator_c/rover_interfaces/msg/detail/motor_control__functions.c.o[0m
[6.447s] running egg_info
[6.450s] creating rover_interfaces.egg-info
[6.451s] writing rover_interfaces.egg-info/PKG-INFO
[6.454s] writing dependency_links to rover_interfaces.egg-info/dependency_links.txt
[6.458s] writing top-level names to rover_interfaces.egg-info/top_level.txt
[6.459s] writing manifest file 'rover_interfaces.egg-info/SOURCES.txt'
[6.466s] reading manifest file 'rover_interfaces.egg-info/SOURCES.txt'
[6.469s] writing manifest file 'rover_interfaces.egg-info/SOURCES.txt'
[6.641s] [ 16%] Built target ament_cmake_python_build_rover_interfaces_egg
[6.693s] [ 19%] [34m[1mGenerating C++ introspection for ROS interfaces[0m
[6.731s] [ 22%] [32m[1mLinking C shared library librover_interfaces__rosidl_generator_c.so[0m
[6.950s] [ 22%] Built target rover_interfaces__rosidl_generator_c
[7.001s] [ 25%] [34m[1mGenerating C type support for eProsima Fast-RTPS[0m
[7.455s] [ 29%] [32mBuilding CXX object CMakeFiles/rover_interfaces__rosidl_typesupport_cpp.dir/rosidl_typesupport_cpp/rover_interfaces/msg/motor_control__type_support.cpp.o[0m
[7.610s] [ 32%] [32mBuilding CXX object CMakeFiles/rover_interfaces__rosidl_typesupport_fastrtps_cpp.dir/rosidl_typesupport_fastrtps_cpp/rover_interfaces/msg/detail/dds_fastrtps/motor_control__type_support.cpp.o[0m
[7.963s] [ 35%] [32mBuilding CXX object CMakeFiles/rover_interfaces__rosidl_typesupport_introspection_cpp.dir/rosidl_typesupport_introspection_cpp/rover_interfaces/msg/detail/motor_control__type_support.cpp.o[0m
[8.325s] [ 38%] [32mBuilding CXX object CMakeFiles/rover_interfaces__rosidl_typesupport_fastrtps_c.dir/rosidl_typesupport_fastrtps_c/rover_interfaces/msg/detail/motor_control__type_support_c.cpp.o[0m
[9.108s] [ 41%] [32m[1mLinking CXX shared library librover_interfaces__rosidl_typesupport_cpp.so[0m
[9.324s] [ 41%] Built target rover_interfaces__rosidl_typesupport_cpp
[9.382s] [ 45%] [34m[1mGenerating C introspection for ROS interfaces[0m
[10.234s] [ 48%] [32m[1mLinking CXX shared library librover_interfaces__rosidl_typesupport_fastrtps_cpp.so[0m
[10.434s] [ 51%] [32m[1mLinking CXX shared library librover_interfaces__rosidl_typesupport_introspection_cpp.so[0m
[10.538s] [ 54%] [32m[1mLinking CXX shared library librover_interfaces__rosidl_typesupport_fastrtps_c.so[0m
[10.630s] [ 54%] Built target rover_interfaces__rosidl_typesupport_fastrtps_cpp
[10.713s] [ 58%] [34m[1mGenerating C type support dispatch for ROS interfaces[0m
[10.829s] [ 58%] Built target rover_interfaces__rosidl_typesupport_introspection_cpp
[10.905s] [ 61%] [32mBuilding C object CMakeFiles/rover_interfaces__rosidl_typesupport_introspection_c.dir/rosidl_typesupport_introspection_c/rover_interfaces/msg/detail/motor_control__type_support.c.o[0m
[10.937s] [ 61%] Built target rover_interfaces__rosidl_typesupport_fastrtps_c
[11.073s] [ 64%] [32m[1mLinking C shared library librover_interfaces__rosidl_typesupport_introspection_c.so[0m
[11.191s] [ 64%] Built target rover_interfaces__rosidl_typesupport_introspection_c
[11.707s] [ 67%] [32mBuilding CXX object CMakeFiles/rover_interfaces__rosidl_typesupport_c.dir/rosidl_typesupport_c/rover_interfaces/msg/motor_control__type_support.cpp.o[0m
[11.845s] [ 70%] [32m[1mLinking CXX shared library librover_interfaces__rosidl_typesupport_c.so[0m
[11.999s] [ 70%] Built target rover_interfaces__rosidl_typesupport_c
[12.078s] [ 70%] Built target rover_interfaces
[12.157s] [ 74%] [34m[1mGenerating Python code for ROS interfaces[0m
[13.331s] [ 74%] Built target rover_interfaces__py
[13.409s] [ 77%] [32mBuilding C object CMakeFiles/rover_interfaces__rosidl_generator_py.dir/rosidl_generator_py/rover_interfaces/msg/_motor_control_s.c.o[0m
[13.973s] [ 80%] [32m[1mLinking C shared library rosidl_generator_py/rover_interfaces/librover_interfaces__rosidl_generator_py.so[0m
[14.143s] [ 80%] Built target rover_interfaces__rosidl_generator_py
[14.225s] [ 87%] [32mBuilding C object CMakeFiles/rover_interfaces__rosidl_typesupport_introspection_c__pyext.dir/rosidl_generator_py/rover_interfaces/_rover_interfaces_s.ep.rosidl_typesupport_introspection_c.c.o[0m
[14.227s] [ 87%] [32mBuilding C object CMakeFiles/rover_interfaces__rosidl_typesupport_fastrtps_c__pyext.dir/rosidl_generator_py/rover_interfaces/_rover_interfaces_s.ep.rosidl_typesupport_fastrtps_c.c.o[0m
[14.229s] [ 90%] [32mBuilding C object CMakeFiles/rover_interfaces__rosidl_typesupport_c__pyext.dir/rosidl_generator_py/rover_interfaces/_rover_interfaces_s.ep.rosidl_typesupport_c.c.o[0m
[14.655s] [ 93%] [32m[1mLinking C shared library rosidl_generator_py/rover_interfaces/rover_interfaces_s__rosidl_typesupport_c.cpython-310-aarch64-linux-gnu.so[0m
[14.678s] [ 96%] [32m[1mLinking C shared library rosidl_generator_py/rover_interfaces/rover_interfaces_s__rosidl_typesupport_introspection_c.cpython-310-aarch64-linux-gnu.so[0m
[14.757s] [100%] [32m[1mLinking C shared library rosidl_generator_py/rover_interfaces/rover_interfaces_s__rosidl_typesupport_fastrtps_c.cpython-310-aarch64-linux-gnu.so[0m
[14.831s] [100%] Built target rover_interfaces__rosidl_typesupport_c__pyext
[14.843s] [100%] Built target rover_interfaces__rosidl_typesupport_introspection_c__pyext
[14.910s] [100%] Built target rover_interfaces__rosidl_typesupport_fastrtps_c__pyext
[14.949s] Invoked command in '/home/pi/Robot_server/ros2_ws/build/rover_interfaces' returned '0': CMAKE_PREFIX_PATH=/opt/ros/humble /usr/bin/cmake --build /home/pi/Robot_server/ros2_ws/build/rover_interfaces -- -j4 -l4
[15.328s] Invoking command in '/home/pi/Robot_server/ros2_ws/build/rover_interfaces': CMAKE_PREFIX_PATH=/opt/ros/humble /usr/bin/cmake --install /home/pi/Robot_server/ros2_ws/build/rover_interfaces
[15.352s] -- Install configuration: ""
[15.354s] -- Execute custom install script
[15.356s] -- Symlinking: /home/pi/Robot_server/ros2_ws/install/rover_interfaces/share/ament_index/resource_index/rosidl_interfaces/rover_interfaces
[15.387s] -- Symlinking: /home/pi/Robot_server/ros2_ws/install/rover_interfaces/include/rover_interfaces/rover_interfaces/msg/detail/motor_control__functions.h
[15.417s] -- Symlinking: /home/pi/Robot_server/ros2_ws/install/rover_interfaces/include/rover_interfaces/rover_interfaces/msg/detail/motor_control__struct.h
[15.447s] -- Symlinking: /home/pi/Robot_server/ros2_ws/install/rover_interfaces/include/rover_interfaces/rover_interfaces/msg/detail/motor_control__type_support.h
[15.476s] -- Symlinking: /home/pi/Robot_server/ros2_ws/install/rover_interfaces/include/rover_interfaces/rover_interfaces/msg/motor_control.h
[15.505s] -- Symlinking: /home/pi/Robot_server/ros2_ws/install/rover_interfaces/include/rover_interfaces/rover_interfaces/msg/rosidl_generator_c__visibility_control.h
[15.535s] -- Symlinking: /home/pi/Robot_server/ros2_ws/install/rover_interfaces/share/rover_interfaces/environment/library_path.sh
[15.565s] -- Symlinking: /home/pi/Robot_server/ros2_ws/install/rover_interfaces/share/rover_interfaces/environment/library_path.dsv
[15.596s] -- Symlinking: /home/pi/Robot_server/ros2_ws/install/rover_interfaces/include/rover_interfaces/rover_interfaces/msg/detail/motor_control__rosidl_typesupport_fastrtps_c.h
[15.626s] -- Symlinking: /home/pi/Robot_server/ros2_ws/install/rover_interfaces/include/rover_interfaces/rover_interfaces/msg/rosidl_typesupport_fastrtps_c__visibility_control.h
[15.657s] -- Symlinking: /home/pi/Robot_server/ros2_ws/install/rover_interfaces/include/rover_interfaces/rover_interfaces/msg/detail/motor_control__rosidl_typesupport_introspection_c.h
[15.686s] -- Symlinking: /home/pi/Robot_server/ros2_ws/install/rover_interfaces/include/rover_interfaces/rover_interfaces/msg/rosidl_typesupport_introspection_c__visibility_control.h
[15.717s] -- Symlinking: /home/pi/Robot_server/ros2_ws/install/rover_interfaces/include/rover_interfaces/rover_interfaces/msg/detail/motor_control__builder.hpp
[15.747s] -- Symlinking: /home/pi/Robot_server/ros2_ws/install/rover_interfaces/include/rover_interfaces/rover_interfaces/msg/detail/motor_control__struct.hpp
[15.776s] -- Symlinking: /home/pi/Robot_server/ros2_ws/install/rover_interfaces/include/rover_interfaces/rover_interfaces/msg/detail/motor_control__traits.hpp
[15.806s] -- Symlinking: /home/pi/Robot_server/ros2_ws/install/rover_interfaces/include/rover_interfaces/rover_interfaces/msg/motor_control.hpp
[15.836s] -- Symlinking: /home/pi/Robot_server/ros2_ws/install/rover_interfaces/include/rover_interfaces/rover_interfaces/msg/detail/motor_control__rosidl_typesupport_fastrtps_cpp.hpp
[15.866s] -- Symlinking: /home/pi/Robot_server/ros2_ws/install/rover_interfaces/include/rover_interfaces/rover_interfaces/msg/rosidl_typesupport_fastrtps_cpp__visibility_control.h
[15.897s] -- Symlinking: /home/pi/Robot_server/ros2_ws/install/rover_interfaces/include/rover_interfaces/rover_interfaces/msg/detail/motor_control__rosidl_typesupport_introspection_cpp.hpp
[15.927s] -- Symlinking: /home/pi/Robot_server/ros2_ws/install/rover_interfaces/share/rover_interfaces/environment/pythonpath.sh
[15.957s] -- Symlinking: /home/pi/Robot_server/ros2_ws/install/rover_interfaces/share/rover_interfaces/environment/pythonpath.dsv
[15.988s] -- Symlinking: /home/pi/Robot_server/ros2_ws/install/rover_interfaces/local/lib/python3.10/dist-packages/rover_interfaces-0.0.0-py3.10.egg-info/PKG-INFO
[16.018s] -- Symlinking: /home/pi/Robot_server/ros2_ws/install/rover_interfaces/local/lib/python3.10/dist-packages/rover_interfaces-0.0.0-py3.10.egg-info/SOURCES.txt
[16.047s] -- Symlinking: /home/pi/Robot_server/ros2_ws/install/rover_interfaces/local/lib/python3.10/dist-packages/rover_interfaces-0.0.0-py3.10.egg-info/dependency_links.txt
[16.077s] -- Symlinking: /home/pi/Robot_server/ros2_ws/install/rover_interfaces/local/lib/python3.10/dist-packages/rover_interfaces-0.0.0-py3.10.egg-info/top_level.txt
[16.110s] -- Symlinking: /home/pi/Robot_server/ros2_ws/install/rover_interfaces/local/lib/python3.10/dist-packages/rover_interfaces/__init__.py
[16.141s] -- Symlinking: /home/pi/Robot_server/ros2_ws/install/rover_interfaces/local/lib/python3.10/dist-packages/rover_interfaces/_rover_interfaces_s.ep.rosidl_typesupport_c.c
[16.170s] -- Symlinking: /home/pi/Robot_server/ros2_ws/install/rover_interfaces/local/lib/python3.10/dist-packages/rover_interfaces/_rover_interfaces_s.ep.rosidl_typesupport_fastrtps_c.c
[16.201s] -- Symlinking: /home/pi/Robot_server/ros2_ws/install/rover_interfaces/local/lib/python3.10/dist-packages/rover_interfaces/_rover_interfaces_s.ep.rosidl_typesupport_introspection_c.c
[16.230s] -- Symlinking: /home/pi/Robot_server/ros2_ws/install/rover_interfaces/local/lib/python3.10/dist-packages/rover_interfaces/librover_interfaces__rosidl_generator_py.so
[16.262s] -- Symlinking: /home/pi/Robot_server/ros2_ws/install/rover_interfaces/local/lib/python3.10/dist-packages/rover_interfaces/msg/__init__.py
[16.292s] -- Symlinking: /home/pi/Robot_server/ros2_ws/install/rover_interfaces/local/lib/python3.10/dist-packages/rover_interfaces/msg/_motor_control.py
[16.322s] -- Symlinking: /home/pi/Robot_server/ros2_ws/install/rover_interfaces/local/lib/python3.10/dist-packages/rover_interfaces/msg/_motor_control_s.c
[16.350s] -- Symlinking: /home/pi/Robot_server/ros2_ws/install/rover_interfaces/local/lib/python3.10/dist-packages/rover_interfaces/rover_interfaces_s__rosidl_typesupport_c.cpython-310-aarch64-linux-gnu.so
[16.379s] -- Symlinking: /home/pi/Robot_server/ros2_ws/install/rover_interfaces/local/lib/python3.10/dist-packages/rover_interfaces/rover_interfaces_s__rosidl_typesupport_fastrtps_c.cpython-310-aarch64-linux-gnu.so
[16.410s] -- Symlinking: /home/pi/Robot_server/ros2_ws/install/rover_interfaces/local/lib/python3.10/dist-packages/rover_interfaces/rover_interfaces_s__rosidl_typesupport_introspection_c.cpython-310-aarch64-linux-gnu.so
[16.441s] -- Up-to-date symlink: /home/pi/Robot_server/ros2_ws/install/rover_interfaces/local/lib/python3.10/dist-packages/rover_interfaces/rover_interfaces_s__rosidl_typesupport_fastrtps_c.cpython-310-aarch64-linux-gnu.so
[16.442s] -- Up-to-date symlink: /home/pi/Robot_server/ros2_ws/install/rover_interfaces/local/lib/python3.10/dist-packages/rover_interfaces/rover_interfaces_s__rosidl_typesupport_introspection_c.cpython-310-aarch64-linux-gnu.so
[16.444s] -- Up-to-date symlink: /home/pi/Robot_server/ros2_ws/install/rover_interfaces/local/lib/python3.10/dist-packages/rover_interfaces/rover_interfaces_s__rosidl_typesupport_c.cpython-310-aarch64-linux-gnu.so
[16.445s] -- Symlinking: /home/pi/Robot_server/ros2_ws/install/rover_interfaces/share/rover_interfaces/msg/MotorControl.idl
[16.478s] -- Symlinking: /home/pi/Robot_server/ros2_ws/install/rover_interfaces/share/rover_interfaces/msg/MotorControl.msg
[16.508s] -- Symlinking: /home/pi/Robot_server/ros2_ws/install/rover_interfaces/share/ament_index/resource_index/package_run_dependencies/rover_interfaces
[16.538s] -- Symlinking: /home/pi/Robot_server/ros2_ws/install/rover_interfaces/share/ament_index/resource_index/parent_prefix_path/rover_interfaces
[16.569s] -- Symlinking: /home/pi/Robot_server/ros2_ws/install/rover_interfaces/share/rover_interfaces/environment/ament_prefix_path.sh
[16.598s] -- Symlinking: /home/pi/Robot_server/ros2_ws/install/rover_interfaces/share/rover_interfaces/environment/ament_prefix_path.dsv
[16.627s] -- Symlinking: /home/pi/Robot_server/ros2_ws/install/rover_interfaces/share/rover_interfaces/environment/path.sh
[16.657s] -- Symlinking: /home/pi/Robot_server/ros2_ws/install/rover_interfaces/share/rover_interfaces/environment/path.dsv
[16.687s] -- Symlinking: /home/pi/Robot_server/ros2_ws/install/rover_interfaces/share/rover_interfaces/local_setup.bash
[16.717s] -- Symlinking: /home/pi/Robot_server/ros2_ws/install/rover_interfaces/share/rover_interfaces/local_setup.sh
[16.747s] -- Symlinking: /home/pi/Robot_server/ros2_ws/install/rover_interfaces/share/rover_interfaces/local_setup.zsh
[16.777s] -- Symlinking: /home/pi/Robot_server/ros2_ws/install/rover_interfaces/share/rover_interfaces/local_setup.dsv
[16.806s] -- Symlinking: /home/pi/Robot_server/ros2_ws/install/rover_interfaces/share/rover_interfaces/package.dsv
[16.837s] -- Symlinking: /home/pi/Robot_server/ros2_ws/install/rover_interfaces/share/ament_index/resource_index/packages/rover_interfaces
[16.867s] -- Symlinking: /home/pi/Robot_server/ros2_ws/install/rover_interfaces/share/rover_interfaces/cmake/rosidl_cmake-extras.cmake
[16.897s] -- Symlinking: /home/pi/Robot_server/ros2_ws/install/rover_interfaces/share/rover_interfaces/cmake/ament_cmake_export_include_directories-extras.cmake
[16.926s] -- Symlinking: /home/pi/Robot_server/ros2_ws/install/rover_interfaces/share/rover_interfaces/cmake/ament_cmake_export_libraries-extras.cmake
[16.957s] -- Symlinking: /home/pi/Robot_server/ros2_ws/install/rover_interfaces/share/rover_interfaces/cmake/ament_cmake_export_targets-extras.cmake
[16.988s] -- Symlinking: /home/pi/Robot_server/ros2_ws/install/rover_interfaces/share/rover_interfaces/cmake/rosidl_cmake_export_typesupport_targets-extras.cmake
[17.017s] -- Symlinking: /home/pi/Robot_server/ros2_ws/install/rover_interfaces/share/rover_interfaces/cmake/ament_cmake_export_dependencies-extras.cmake
[17.046s] -- Symlinking: /home/pi/Robot_server/ros2_ws/install/rover_interfaces/share/rover_interfaces/cmake/rosidl_cmake_export_typesupport_libraries-extras.cmake
[17.076s] -- Symlinking: /home/pi/Robot_server/ros2_ws/install/rover_interfaces/share/rover_interfaces/cmake/rover_interfacesConfig.cmake
[17.106s] -- Symlinking: /home/pi/Robot_server/ros2_ws/install/rover_interfaces/share/rover_interfaces/cmake/rover_interfacesConfig-version.cmake
[17.135s] -- Symlinking: /home/pi/Robot_server/ros2_ws/install/rover_interfaces/share/rover_interfaces/package.xml
[17.165s] -- Installing: /home/pi/Robot_server/ros2_ws/install/rover_interfaces/lib/librover_interfaces__rosidl_generator_c.so
[17.167s] -- Set runtime path of "/home/pi/Robot_server/ros2_ws/install/rover_interfaces/lib/librover_interfaces__rosidl_generator_c.so" to ""
[17.168s] -- Installing: /home/pi/Robot_server/ros2_ws/install/rover_interfaces/lib/librover_interfaces__rosidl_typesupport_fastrtps_c.so
[17.170s] -- Set runtime path of "/home/pi/Robot_server/ros2_ws/install/rover_interfaces/lib/librover_interfaces__rosidl_typesupport_fastrtps_c.so" to ""
[17.171s] -- Installing: /home/pi/Robot_server/ros2_ws/install/rover_interfaces/lib/librover_interfaces__rosidl_typesupport_introspection_c.so
[17.173s] -- Set runtime path of "/home/pi/Robot_server/ros2_ws/install/rover_interfaces/lib/librover_interfaces__rosidl_typesupport_introspection_c.so" to ""
[17.174s] -- Installing: /home/pi/Robot_server/ros2_ws/install/rover_interfaces/lib/librover_interfaces__rosidl_typesupport_c.so
[17.176s] -- Set runtime path of "/home/pi/Robot_server/ros2_ws/install/rover_interfaces/lib/librover_interfaces__rosidl_typesupport_c.so" to ""
[17.177s] -- Installing: /home/pi/Robot_server/ros2_ws/install/rover_interfaces/lib/librover_interfaces__rosidl_typesupport_fastrtps_cpp.so
[17.179s] -- Set runtime path of "/home/pi/Robot_server/ros2_ws/install/rover_interfaces/lib/librover_interfaces__rosidl_typesupport_fastrtps_cpp.so" to ""
[17.180s] -- Installing: /home/pi/Robot_server/ros2_ws/install/rover_interfaces/lib/librover_interfaces__rosidl_typesupport_introspection_cpp.so
[17.183s] -- Set runtime path of "/home/pi/Robot_server/ros2_ws/install/rover_interfaces/lib/librover_interfaces__rosidl_typesupport_introspection_cpp.so" to ""
[17.184s] -- Installing: /home/pi/Robot_server/ros2_ws/install/rover_interfaces/lib/librover_interfaces__rosidl_typesupport_cpp.so
[17.186s] -- Set runtime path of "/home/pi/Robot_server/ros2_ws/install/rover_interfaces/lib/librover_interfaces__rosidl_typesupport_cpp.so" to ""
[17.352s] Listing '/home/pi/Robot_server/ros2_ws/install/rover_interfaces/local/lib/python3.10/dist-packages/rover_interfaces'...
[17.352s] Compiling '/home/pi/Robot_server/ros2_ws/install/rover_interfaces/local/lib/python3.10/dist-packages/rover_interfaces/__init__.py'...
[17.353s] Listing '/home/pi/Robot_server/ros2_ws/install/rover_interfaces/local/lib/python3.10/dist-packages/rover_interfaces/msg'...
[17.353s] Compiling '/home/pi/Robot_server/ros2_ws/install/rover_interfaces/local/lib/python3.10/dist-packages/rover_interfaces/msg/__init__.py'...
[17.354s] Compiling '/home/pi/Robot_server/ros2_ws/install/rover_interfaces/local/lib/python3.10/dist-packages/rover_interfaces/msg/_motor_control.py'...
[17.354s] -- Installing: /home/pi/Robot_server/ros2_ws/install/rover_interfaces/lib/librover_interfaces__rosidl_generator_py.so
[17.366s] -- Set runtime path of "/home/pi/Robot_server/ros2_ws/install/rover_interfaces/lib/librover_interfaces__rosidl_generator_py.so" to ""
[17.367s] -- Installing: /home/pi/Robot_server/ros2_ws/install/rover_interfaces/share/rover_interfaces/cmake/export_rover_interfaces__rosidl_generator_cExport.cmake
[17.368s] -- Installing: /home/pi/Robot_server/ros2_ws/install/rover_interfaces/share/rover_interfaces/cmake/export_rover_interfaces__rosidl_generator_cExport-noconfig.cmake
[17.370s] -- Installing: /home/pi/Robot_server/ros2_ws/install/rover_interfaces/share/rover_interfaces/cmake/export_rover_interfaces__rosidl_typesupport_fastrtps_cExport.cmake
[17.372s] -- Installing: /home/pi/Robot_server/ros2_ws/install/rover_interfaces/share/rover_interfaces/cmake/export_rover_interfaces__rosidl_typesupport_fastrtps_cExport-noconfig.cmake
[17.374s] -- Installing: /home/pi/Robot_server/ros2_ws/install/rover_interfaces/share/rover_interfaces/cmake/rover_interfaces__rosidl_typesupport_introspection_cExport.cmake
[17.375s] -- Installing: /home/pi/Robot_server/ros2_ws/install/rover_interfaces/share/rover_interfaces/cmake/rover_interfaces__rosidl_typesupport_introspection_cExport-noconfig.cmake
[17.377s] -- Installing: /home/pi/Robot_server/ros2_ws/install/rover_interfaces/share/rover_interfaces/cmake/rover_interfaces__rosidl_typesupport_cExport.cmake
[17.378s] -- Installing: /home/pi/Robot_server/ros2_ws/install/rover_interfaces/share/rover_interfaces/cmake/rover_interfaces__rosidl_typesupport_cExport-noconfig.cmake
[17.380s] -- Installing: /home/pi/Robot_server/ros2_ws/install/rover_interfaces/share/rover_interfaces/cmake/export_rover_interfaces__rosidl_generator_cppExport.cmake
[17.381s] -- Installing: /home/pi/Robot_server/ros2_ws/install/rover_interfaces/share/rover_interfaces/cmake/export_rover_interfaces__rosidl_typesupport_fastrtps_cppExport.cmake
[17.383s] -- Installing: /home/pi/Robot_server/ros2_ws/install/rover_interfaces/share/rover_interfaces/cmake/export_rover_interfaces__rosidl_typesupport_fastrtps_cppExport-noconfig.cmake
[17.384s] -- Installing: /home/pi/Robot_server/ros2_ws/install/rover_interfaces/share/rover_interfaces/cmake/rover_interfaces__rosidl_typesupport_introspection_cppExport.cmake
[17.386s] -- Installing: /home/pi/Robot_server/ros2_ws/install/rover_interfaces/share/rover_interfaces/cmake/rover_interfaces__rosidl_typesupport_introspection_cppExport-noconfig.cmake
[17.388s] -- Installing: /home/pi/Robot_server/ros2_ws/install/rover_interfaces/share/rover_interfaces/cmake/rover_interfaces__rosidl_typesupport_cppExport.cmake
[17.389s] -- Installing: /home/pi/Robot_server/ros2_ws/install/rover_interfaces/share/rover_interfaces/cmake/rover_interfaces__rosidl_typesupport_cppExport-noconfig.cmake
[17.390s] -- Installing: /home/pi/Robot_server/ros2_ws/install/rover_interfaces/share/rover_interfaces/cmake/export_rover_interfaces__rosidl_generator_pyExport.cmake
[17.392s] -- Installing: /home/pi/Robot_server/ros2_ws/install/rover_interfaces/share/rover_interfaces/cmake/export_rover_interfaces__rosidl_generator_pyExport-noconfig.cmake
[17.400s] Invoked command in '/home/pi/Robot_server/ros2_ws/build/rover_interfaces' returned '0': CMAKE_PREFIX_PATH=/opt/ros/humble /usr/bin/cmake --install /home/pi/Robot_server/ros2_ws/build/rover_interfaces
