[0.230s] Invoking command in '/home/pi/Robot_server/ros2_ws/build/rover_interfaces': CMAKE_PREFIX_PATH=${CMAKE_PREFIX_PATH}:/home/pi/Robot_server/ros2_ws/install/rover_motion_pkg:/home/pi/Robot_server/ros2_ws/install/camera_pkg:/opt/ros/humble /usr/bin/cmake --build /home/pi/Robot_server/ros2_ws/build/rover_interfaces -- -j4 -l4
[0.334s] -- Found ament_cmake: 1.3.6 (/opt/ros/humble/share/ament_cmake/cmake)
[0.969s] -- Override CMake install command with custom implementation using symlinks instead of copying resources
[1.000s] -- Found rosidl_default_generators: 1.2.0 (/opt/ros/humble/share/rosidl_default_generators/cmake)
[1.008s] -- Using all available rosidl_typesupport_c: rosidl_typesupport_fastrtps_c;rosidl_typesupport_introspection_c
[1.019s] -- Found rosidl_adapter: 3.1.5 (/opt/ros/humble/share/rosidl_adapter/cmake)
[1.166s] -- Using all available rosidl_typesupport_cpp: rosidl_typesupport_fastrtps_cpp;rosidl_typesupport_introspection_cpp
[2.362s] -- Found ament_cmake_ros: 0.10.0 (/opt/ros/humble/share/ament_cmake_ros/cmake)
[3.176s] -- Using all available rosidl_typesupport_c: rosidl_typesupport_fastrtps_c;rosidl_typesupport_introspection_c
[4.272s] -- Using all available rosidl_typesupport_cpp: rosidl_typesupport_fastrtps_cpp;rosidl_typesupport_introspection_cpp
[4.376s] -- Found python_cmake_module: 0.10.0 (/opt/ros/humble/share/python_cmake_module/cmake)
[4.483s] -- Using PYTHON_EXECUTABLE: /usr/bin/python3
[4.484s] -- Using PYTHON_INCLUDE_DIRS: /usr/include/python3.10
[4.484s] -- Using PYTHON_LIBRARIES: /usr/lib/aarch64-linux-gnu/libpython3.10.so
[4.573s] -- Configuring done
[4.738s] -- Generating done
[4.758s] -- Build files have been written to: /home/pi/Robot_server/ros2_ws/build/rover_interfaces
[4.861s] [35m[1mConsolidate compiler generated dependencies of target rover_interfaces__rosidl_generator_c[0m
[4.911s] [  3%] Built target rover_interfaces__cpp
[4.917s] [ 12%] Built target rover_interfaces__rosidl_generator_c
[4.948s] [ 12%] Built target ament_cmake_python_symlink_rover_interfaces
[4.960s] [35m[1mConsolidate compiler generated dependencies of target rover_interfaces__rosidl_typesupport_cpp[0m
[4.978s] [35m[1mConsolidate compiler generated dependencies of target rover_interfaces__rosidl_typesupport_introspection_cpp[0m
[4.982s] [35m[1mConsolidate compiler generated dependencies of target rover_interfaces__rosidl_typesupport_fastrtps_cpp[0m
[4.993s] [35m[1mConsolidate compiler generated dependencies of target rover_interfaces__rosidl_typesupport_fastrtps_c[0m
[5.020s] [ 22%] Built target rover_interfaces__rosidl_typesupport_cpp
[5.055s] [ 32%] Built target rover_interfaces__rosidl_typesupport_introspection_cpp
[5.065s] [ 41%] Built target rover_interfaces__rosidl_typesupport_fastrtps_cpp
[5.074s] [ 51%] Built target rover_interfaces__rosidl_typesupport_fastrtps_c
[5.091s] [35m[1mConsolidate compiler generated dependencies of target rover_interfaces__rosidl_typesupport_introspection_c[0m
[5.110s] [35m[1mConsolidate compiler generated dependencies of target rover_interfaces__rosidl_typesupport_c[0m
[5.148s] [ 61%] Built target rover_interfaces__rosidl_typesupport_introspection_c
[5.164s] [ 70%] Built target rover_interfaces__rosidl_typesupport_c
[5.246s] [ 70%] Built target rover_interfaces
[5.328s] [ 74%] Built target rover_interfaces__py
[5.371s] [35m[1mConsolidate compiler generated dependencies of target rover_interfaces__rosidl_generator_py[0m
[5.435s] [ 80%] Built target rover_interfaces__rosidl_generator_py
[5.485s] [35m[1mConsolidate compiler generated dependencies of target rover_interfaces__rosidl_typesupport_fastrtps_c__pyext[0m
[5.513s] [35m[1mConsolidate compiler generated dependencies of target rover_interfaces__rosidl_typesupport_introspection_c__pyext[0m
[5.537s] [35m[1mConsolidate compiler generated dependencies of target rover_interfaces__rosidl_typesupport_c__pyext[0m
[5.609s] [ 87%] Built target rover_interfaces__rosidl_typesupport_fastrtps_c__pyext
[5.616s] [ 93%] Built target rover_interfaces__rosidl_typesupport_introspection_c__pyext
[5.651s] [100%] Built target rover_interfaces__rosidl_typesupport_c__pyext
[6.436s] running egg_info
[6.438s] writing rover_interfaces.egg-info/PKG-INFO
[6.440s] writing dependency_links to rover_interfaces.egg-info/dependency_links.txt
[6.441s] writing top-level names to rover_interfaces.egg-info/top_level.txt
[6.454s] reading manifest file 'rover_interfaces.egg-info/SOURCES.txt'
[6.457s] writing manifest file 'rover_interfaces.egg-info/SOURCES.txt'
[6.617s] [100%] Built target ament_cmake_python_build_rover_interfaces_egg
[6.664s] Invoked command in '/home/pi/Robot_server/ros2_ws/build/rover_interfaces' returned '0': CMAKE_PREFIX_PATH=${CMAKE_PREFIX_PATH}:/home/pi/Robot_server/ros2_ws/install/rover_motion_pkg:/home/pi/Robot_server/ros2_ws/install/camera_pkg:/opt/ros/humble /usr/bin/cmake --build /home/pi/Robot_server/ros2_ws/build/rover_interfaces -- -j4 -l4
[7.146s] Invoking command in '/home/pi/Robot_server/ros2_ws/build/rover_interfaces': CMAKE_PREFIX_PATH=${CMAKE_PREFIX_PATH}:/home/pi/Robot_server/ros2_ws/install/rover_motion_pkg:/home/pi/Robot_server/ros2_ws/install/camera_pkg:/opt/ros/humble /usr/bin/cmake --install /home/pi/Robot_server/ros2_ws/build/rover_interfaces
[7.198s] -- Install configuration: ""
[7.200s] -- Execute custom install script
[7.202s] -- Up-to-date symlink: /home/pi/Robot_server/ros2_ws/install/rover_interfaces/share/ament_index/resource_index/rosidl_interfaces/rover_interfaces
[7.206s] -- Up-to-date symlink: /home/pi/Robot_server/ros2_ws/install/rover_interfaces/include/rover_interfaces/rover_interfaces/msg/detail/motor_control__functions.h
[7.209s] -- Up-to-date symlink: /home/pi/Robot_server/ros2_ws/install/rover_interfaces/include/rover_interfaces/rover_interfaces/msg/detail/motor_control__struct.h
[7.213s] -- Up-to-date symlink: /home/pi/Robot_server/ros2_ws/install/rover_interfaces/include/rover_interfaces/rover_interfaces/msg/detail/motor_control__type_support.h
[7.216s] -- Up-to-date symlink: /home/pi/Robot_server/ros2_ws/install/rover_interfaces/include/rover_interfaces/rover_interfaces/msg/motor_control.h
[7.218s] -- Up-to-date symlink: /home/pi/Robot_server/ros2_ws/install/rover_interfaces/include/rover_interfaces/rover_interfaces/msg/rosidl_generator_c__visibility_control.h
[7.220s] -- Up-to-date symlink: /home/pi/Robot_server/ros2_ws/install/rover_interfaces/share/rover_interfaces/environment/library_path.sh
[7.223s] -- Up-to-date symlink: /home/pi/Robot_server/ros2_ws/install/rover_interfaces/share/rover_interfaces/environment/library_path.dsv
[7.229s] -- Up-to-date symlink: /home/pi/Robot_server/ros2_ws/install/rover_interfaces/include/rover_interfaces/rover_interfaces/msg/detail/motor_control__rosidl_typesupport_fastrtps_c.h
[7.232s] -- Up-to-date symlink: /home/pi/Robot_server/ros2_ws/install/rover_interfaces/include/rover_interfaces/rover_interfaces/msg/rosidl_typesupport_fastrtps_c__visibility_control.h
[7.236s] -- Up-to-date symlink: /home/pi/Robot_server/ros2_ws/install/rover_interfaces/include/rover_interfaces/rover_interfaces/msg/detail/motor_control__rosidl_typesupport_introspection_c.h
[7.238s] -- Up-to-date symlink: /home/pi/Robot_server/ros2_ws/install/rover_interfaces/include/rover_interfaces/rover_interfaces/msg/rosidl_typesupport_introspection_c__visibility_control.h
[7.242s] -- Up-to-date symlink: /home/pi/Robot_server/ros2_ws/install/rover_interfaces/include/rover_interfaces/rover_interfaces/msg/detail/motor_control__builder.hpp
[7.244s] -- Up-to-date symlink: /home/pi/Robot_server/ros2_ws/install/rover_interfaces/include/rover_interfaces/rover_interfaces/msg/detail/motor_control__struct.hpp
[7.247s] -- Up-to-date symlink: /home/pi/Robot_server/ros2_ws/install/rover_interfaces/include/rover_interfaces/rover_interfaces/msg/detail/motor_control__traits.hpp
[7.251s] -- Up-to-date symlink: /home/pi/Robot_server/ros2_ws/install/rover_interfaces/include/rover_interfaces/rover_interfaces/msg/motor_control.hpp
[7.256s] -- Up-to-date symlink: /home/pi/Robot_server/ros2_ws/install/rover_interfaces/include/rover_interfaces/rover_interfaces/msg/detail/motor_control__rosidl_typesupport_fastrtps_cpp.hpp
[7.258s] -- Up-to-date symlink: /home/pi/Robot_server/ros2_ws/install/rover_interfaces/include/rover_interfaces/rover_interfaces/msg/rosidl_typesupport_fastrtps_cpp__visibility_control.h
[7.260s] -- Up-to-date symlink: /home/pi/Robot_server/ros2_ws/install/rover_interfaces/include/rover_interfaces/rover_interfaces/msg/detail/motor_control__rosidl_typesupport_introspection_cpp.hpp
[7.263s] -- Up-to-date symlink: /home/pi/Robot_server/ros2_ws/install/rover_interfaces/share/rover_interfaces/environment/pythonpath.sh
[7.265s] -- Up-to-date symlink: /home/pi/Robot_server/ros2_ws/install/rover_interfaces/share/rover_interfaces/environment/pythonpath.dsv
[7.268s] -- Up-to-date symlink: /home/pi/Robot_server/ros2_ws/install/rover_interfaces/local/lib/python3.10/dist-packages/rover_interfaces-0.0.0-py3.10.egg-info/PKG-INFO
[7.269s] -- Up-to-date symlink: /home/pi/Robot_server/ros2_ws/install/rover_interfaces/local/lib/python3.10/dist-packages/rover_interfaces-0.0.0-py3.10.egg-info/SOURCES.txt
[7.274s] -- Up-to-date symlink: /home/pi/Robot_server/ros2_ws/install/rover_interfaces/local/lib/python3.10/dist-packages/rover_interfaces-0.0.0-py3.10.egg-info/dependency_links.txt
[7.275s] -- Up-to-date symlink: /home/pi/Robot_server/ros2_ws/install/rover_interfaces/local/lib/python3.10/dist-packages/rover_interfaces-0.0.0-py3.10.egg-info/top_level.txt
[7.278s] -- Up-to-date symlink: /home/pi/Robot_server/ros2_ws/install/rover_interfaces/local/lib/python3.10/dist-packages/rover_interfaces/__init__.py
[7.279s] -- Up-to-date symlink: /home/pi/Robot_server/ros2_ws/install/rover_interfaces/local/lib/python3.10/dist-packages/rover_interfaces/_rover_interfaces_s.ep.rosidl_typesupport_c.c
[7.281s] -- Up-to-date symlink: /home/pi/Robot_server/ros2_ws/install/rover_interfaces/local/lib/python3.10/dist-packages/rover_interfaces/_rover_interfaces_s.ep.rosidl_typesupport_fastrtps_c.c
[7.282s] -- Up-to-date symlink: /home/pi/Robot_server/ros2_ws/install/rover_interfaces/local/lib/python3.10/dist-packages/rover_interfaces/_rover_interfaces_s.ep.rosidl_typesupport_introspection_c.c
[7.283s] -- Up-to-date symlink: /home/pi/Robot_server/ros2_ws/install/rover_interfaces/local/lib/python3.10/dist-packages/rover_interfaces/librover_interfaces__rosidl_generator_py.so
[7.285s] -- Up-to-date symlink: /home/pi/Robot_server/ros2_ws/install/rover_interfaces/local/lib/python3.10/dist-packages/rover_interfaces/msg/__init__.py
[7.286s] -- Up-to-date symlink: /home/pi/Robot_server/ros2_ws/install/rover_interfaces/local/lib/python3.10/dist-packages/rover_interfaces/msg/_motor_control.py
[7.293s] -- Up-to-date symlink: /home/pi/Robot_server/ros2_ws/install/rover_interfaces/local/lib/python3.10/dist-packages/rover_interfaces/msg/_motor_control_s.c
[7.294s] -- Up-to-date symlink: /home/pi/Robot_server/ros2_ws/install/rover_interfaces/local/lib/python3.10/dist-packages/rover_interfaces/rover_interfaces_s__rosidl_typesupport_c.cpython-310-aarch64-linux-gnu.so
[7.295s] -- Up-to-date symlink: /home/pi/Robot_server/ros2_ws/install/rover_interfaces/local/lib/python3.10/dist-packages/rover_interfaces/rover_interfaces_s__rosidl_typesupport_fastrtps_c.cpython-310-aarch64-linux-gnu.so
[7.296s] -- Up-to-date symlink: /home/pi/Robot_server/ros2_ws/install/rover_interfaces/local/lib/python3.10/dist-packages/rover_interfaces/rover_interfaces_s__rosidl_typesupport_introspection_c.cpython-310-aarch64-linux-gnu.so
[7.296s] -- Up-to-date symlink: /home/pi/Robot_server/ros2_ws/install/rover_interfaces/local/lib/python3.10/dist-packages/rover_interfaces/rover_interfaces_s__rosidl_typesupport_fastrtps_c.cpython-310-aarch64-linux-gnu.so
[7.297s] -- Up-to-date symlink: /home/pi/Robot_server/ros2_ws/install/rover_interfaces/local/lib/python3.10/dist-packages/rover_interfaces/rover_interfaces_s__rosidl_typesupport_introspection_c.cpython-310-aarch64-linux-gnu.so
[7.299s] -- Up-to-date symlink: /home/pi/Robot_server/ros2_ws/install/rover_interfaces/local/lib/python3.10/dist-packages/rover_interfaces/rover_interfaces_s__rosidl_typesupport_c.cpython-310-aarch64-linux-gnu.so
[7.307s] -- Up-to-date symlink: /home/pi/Robot_server/ros2_ws/install/rover_interfaces/share/rover_interfaces/msg/MotorControl.idl
[7.308s] -- Up-to-date symlink: /home/pi/Robot_server/ros2_ws/install/rover_interfaces/share/rover_interfaces/msg/MotorControl.msg
[7.309s] -- Up-to-date symlink: /home/pi/Robot_server/ros2_ws/install/rover_interfaces/share/ament_index/resource_index/package_run_dependencies/rover_interfaces
[7.310s] -- Up-to-date symlink: /home/pi/Robot_server/ros2_ws/install/rover_interfaces/share/ament_index/resource_index/parent_prefix_path/rover_interfaces
[7.311s] -- Up-to-date symlink: /home/pi/Robot_server/ros2_ws/install/rover_interfaces/share/rover_interfaces/environment/ament_prefix_path.sh
[7.312s] -- Up-to-date symlink: /home/pi/Robot_server/ros2_ws/install/rover_interfaces/share/rover_interfaces/environment/ament_prefix_path.dsv
[7.317s] -- Up-to-date symlink: /home/pi/Robot_server/ros2_ws/install/rover_interfaces/share/rover_interfaces/environment/path.sh
[7.326s] -- Up-to-date symlink: /home/pi/Robot_server/ros2_ws/install/rover_interfaces/share/rover_interfaces/environment/path.dsv
[7.327s] -- Up-to-date symlink: /home/pi/Robot_server/ros2_ws/install/rover_interfaces/share/rover_interfaces/local_setup.bash
[7.329s] -- Up-to-date symlink: /home/pi/Robot_server/ros2_ws/install/rover_interfaces/share/rover_interfaces/local_setup.sh
[7.331s] -- Up-to-date symlink: /home/pi/Robot_server/ros2_ws/install/rover_interfaces/share/rover_interfaces/local_setup.zsh
[7.332s] -- Up-to-date symlink: /home/pi/Robot_server/ros2_ws/install/rover_interfaces/share/rover_interfaces/local_setup.dsv
[7.334s] -- Symlinking: /home/pi/Robot_server/ros2_ws/install/rover_interfaces/share/rover_interfaces/package.dsv
[7.394s] -- Up-to-date symlink: /home/pi/Robot_server/ros2_ws/install/rover_interfaces/share/ament_index/resource_index/packages/rover_interfaces
[7.398s] -- Up-to-date symlink: /home/pi/Robot_server/ros2_ws/install/rover_interfaces/share/rover_interfaces/cmake/rosidl_cmake-extras.cmake
[7.404s] -- Up-to-date symlink: /home/pi/Robot_server/ros2_ws/install/rover_interfaces/share/rover_interfaces/cmake/ament_cmake_export_include_directories-extras.cmake
[7.406s] -- Up-to-date symlink: /home/pi/Robot_server/ros2_ws/install/rover_interfaces/share/rover_interfaces/cmake/ament_cmake_export_libraries-extras.cmake
[7.407s] -- Up-to-date symlink: /home/pi/Robot_server/ros2_ws/install/rover_interfaces/share/rover_interfaces/cmake/ament_cmake_export_targets-extras.cmake
[7.409s] -- Up-to-date symlink: /home/pi/Robot_server/ros2_ws/install/rover_interfaces/share/rover_interfaces/cmake/rosidl_cmake_export_typesupport_targets-extras.cmake
[7.412s] -- Up-to-date symlink: /home/pi/Robot_server/ros2_ws/install/rover_interfaces/share/rover_interfaces/cmake/ament_cmake_export_dependencies-extras.cmake
[7.413s] -- Up-to-date symlink: /home/pi/Robot_server/ros2_ws/install/rover_interfaces/share/rover_interfaces/cmake/rosidl_cmake_export_typesupport_libraries-extras.cmake
[7.414s] -- Up-to-date symlink: /home/pi/Robot_server/ros2_ws/install/rover_interfaces/share/rover_interfaces/cmake/rover_interfacesConfig.cmake
[7.418s] -- Up-to-date symlink: /home/pi/Robot_server/ros2_ws/install/rover_interfaces/share/rover_interfaces/cmake/rover_interfacesConfig-version.cmake
[7.418s] -- Up-to-date symlink: /home/pi/Robot_server/ros2_ws/install/rover_interfaces/share/rover_interfaces/package.xml
[7.419s] -- Up-to-date: /home/pi/Robot_server/ros2_ws/install/rover_interfaces/lib/librover_interfaces__rosidl_generator_c.so
[7.423s] -- Up-to-date: /home/pi/Robot_server/ros2_ws/install/rover_interfaces/lib/librover_interfaces__rosidl_typesupport_fastrtps_c.so
[7.424s] -- Up-to-date: /home/pi/Robot_server/ros2_ws/install/rover_interfaces/lib/librover_interfaces__rosidl_typesupport_introspection_c.so
[7.424s] -- Up-to-date: /home/pi/Robot_server/ros2_ws/install/rover_interfaces/lib/librover_interfaces__rosidl_typesupport_c.so
[7.428s] -- Up-to-date: /home/pi/Robot_server/ros2_ws/install/rover_interfaces/lib/librover_interfaces__rosidl_typesupport_fastrtps_cpp.so
[7.429s] -- Up-to-date: /home/pi/Robot_server/ros2_ws/install/rover_interfaces/lib/librover_interfaces__rosidl_typesupport_introspection_cpp.so
[7.430s] -- Up-to-date: /home/pi/Robot_server/ros2_ws/install/rover_interfaces/lib/librover_interfaces__rosidl_typesupport_cpp.so
[7.652s] Listing '/home/pi/Robot_server/ros2_ws/install/rover_interfaces/local/lib/python3.10/dist-packages/rover_interfaces'...
[7.656s] Compiling '/home/pi/Robot_server/ros2_ws/install/rover_interfaces/local/lib/python3.10/dist-packages/rover_interfaces/__init__.py'...
[7.660s] Listing '/home/pi/Robot_server/ros2_ws/install/rover_interfaces/local/lib/python3.10/dist-packages/rover_interfaces/msg'...
[7.699s] -- Up-to-date: /home/pi/Robot_server/ros2_ws/install/rover_interfaces/lib/librover_interfaces__rosidl_generator_py.so
[7.702s] -- Up-to-date: /home/pi/Robot_server/ros2_ws/install/rover_interfaces/share/rover_interfaces/cmake/export_rover_interfaces__rosidl_generator_cExport.cmake
[7.703s] -- Up-to-date: /home/pi/Robot_server/ros2_ws/install/rover_interfaces/share/rover_interfaces/cmake/export_rover_interfaces__rosidl_generator_cExport-noconfig.cmake
[7.707s] -- Up-to-date: /home/pi/Robot_server/ros2_ws/install/rover_interfaces/share/rover_interfaces/cmake/export_rover_interfaces__rosidl_typesupport_fastrtps_cExport.cmake
[7.708s] -- Up-to-date: /home/pi/Robot_server/ros2_ws/install/rover_interfaces/share/rover_interfaces/cmake/export_rover_interfaces__rosidl_typesupport_fastrtps_cExport-noconfig.cmake
[7.708s] -- Up-to-date: /home/pi/Robot_server/ros2_ws/install/rover_interfaces/share/rover_interfaces/cmake/rover_interfaces__rosidl_typesupport_introspection_cExport.cmake
[7.709s] -- Up-to-date: /home/pi/Robot_server/ros2_ws/install/rover_interfaces/share/rover_interfaces/cmake/rover_interfaces__rosidl_typesupport_introspection_cExport-noconfig.cmake
[7.710s] -- Up-to-date: /home/pi/Robot_server/ros2_ws/install/rover_interfaces/share/rover_interfaces/cmake/rover_interfaces__rosidl_typesupport_cExport.cmake
[7.711s] -- Up-to-date: /home/pi/Robot_server/ros2_ws/install/rover_interfaces/share/rover_interfaces/cmake/rover_interfaces__rosidl_typesupport_cExport-noconfig.cmake
[7.712s] -- Up-to-date: /home/pi/Robot_server/ros2_ws/install/rover_interfaces/share/rover_interfaces/cmake/export_rover_interfaces__rosidl_generator_cppExport.cmake
[7.713s] -- Up-to-date: /home/pi/Robot_server/ros2_ws/install/rover_interfaces/share/rover_interfaces/cmake/export_rover_interfaces__rosidl_typesupport_fastrtps_cppExport.cmake
[7.714s] -- Up-to-date: /home/pi/Robot_server/ros2_ws/install/rover_interfaces/share/rover_interfaces/cmake/export_rover_interfaces__rosidl_typesupport_fastrtps_cppExport-noconfig.cmake
[7.715s] -- Up-to-date: /home/pi/Robot_server/ros2_ws/install/rover_interfaces/share/rover_interfaces/cmake/rover_interfaces__rosidl_typesupport_introspection_cppExport.cmake
[7.716s] -- Up-to-date: /home/pi/Robot_server/ros2_ws/install/rover_interfaces/share/rover_interfaces/cmake/rover_interfaces__rosidl_typesupport_introspection_cppExport-noconfig.cmake
[7.717s] -- Up-to-date: /home/pi/Robot_server/ros2_ws/install/rover_interfaces/share/rover_interfaces/cmake/rover_interfaces__rosidl_typesupport_cppExport.cmake
[7.718s] -- Up-to-date: /home/pi/Robot_server/ros2_ws/install/rover_interfaces/share/rover_interfaces/cmake/rover_interfaces__rosidl_typesupport_cppExport-noconfig.cmake
[7.724s] -- Up-to-date: /home/pi/Robot_server/ros2_ws/install/rover_interfaces/share/rover_interfaces/cmake/export_rover_interfaces__rosidl_generator_pyExport.cmake
[7.724s] -- Up-to-date: /home/pi/Robot_server/ros2_ws/install/rover_interfaces/share/rover_interfaces/cmake/export_rover_interfaces__rosidl_generator_pyExport-noconfig.cmake
[7.732s] Invoked command in '/home/pi/Robot_server/ros2_ws/build/rover_interfaces' returned '0': CMAKE_PREFIX_PATH=${CMAKE_PREFIX_PATH}:/home/pi/Robot_server/ros2_ws/install/rover_motion_pkg:/home/pi/Robot_server/ros2_ws/install/camera_pkg:/opt/ros/humble /usr/bin/cmake --install /home/pi/Robot_server/ros2_ws/build/rover_interfaces
