[3.339s] DEBUG:colcon:Command line arguments: ['/usr/bin/colcon', 'build']
[3.340s] DEBUG:colcon:Parsed command line arguments: Namespace(log_base=None, log_level=None, verb_name='build', build_base='build', install_base='install', merge_install=False, symlink_install=False, test_result_base=None, continue_on_error=False, executor='parallel', parallel_workers=4, event_handlers=None, ignore_user_meta=False, metas=['./colcon.meta'], base_paths=['.'], packages_ignore=None, packages_ignore_regex=None, paths=None, packages_up_to=None, packages_up_to_regex=None, packages_above=None, packages_above_and_dependencies=None, packages_above_depth=None, packages_select_by_dep=None, packages_skip_by_dep=None, packages_skip_up_to=None, packages_select_build_failed=False, packages_skip_build_finished=False, packages_select_test_failures=False, packages_skip_test_passed=False, packages_select=None, packages_skip=None, packages_select_regex=None, packages_skip_regex=None, packages_start=None, packages_end=None, allow_overriding=[], cmake_args=None, cmake_target=None, cmake_target_skip_unavailable=False, cmake_clean_cache=False, cmake_clean_first=False, cmake_force_configure=False, ament_cmake_args=None, catkin_cmake_args=None, catkin_skip_building_tests=False, verb_parser=<colcon_defaults.argument_parser.defaults.DefaultArgumentsDecorator object at 0xffff98e6ad40>, verb_extension=<colcon_core.verb.build.BuildVerb object at 0xffff9918ba00>, main=<bound method BuildVerb.main of <colcon_core.verb.build.BuildVerb object at 0xffff9918ba00>>)
[3.504s] Level 1:colcon.colcon_core.package_discovery:discover_packages(colcon_meta) check parameters
[3.505s] Level 1:colcon.colcon_core.package_discovery:discover_packages(recursive) check parameters
[3.505s] Level 1:colcon.colcon_core.package_discovery:discover_packages(ignore) check parameters
[3.505s] Level 1:colcon.colcon_core.package_discovery:discover_packages(path) check parameters
[3.505s] Level 1:colcon.colcon_core.package_discovery:discover_packages(colcon_meta) discover
[3.506s] Level 1:colcon.colcon_core.package_discovery:discover_packages(recursive) discover
[3.506s] INFO:colcon.colcon_core.package_discovery:Crawling recursively for packages in '/home/pi/Robot_server/ros2_ws'
[3.506s] Level 1:colcon.colcon_core.package_identification:_identify(.) by extensions ['ignore', 'ignore_ament_install']
[3.507s] Level 1:colcon.colcon_core.package_identification:_identify(.) by extension 'ignore'
[3.507s] Level 1:colcon.colcon_core.package_identification:_identify(.) by extension 'ignore_ament_install'
[3.507s] Level 1:colcon.colcon_core.package_identification:_identify(.) by extensions ['colcon_pkg']
[3.508s] Level 1:colcon.colcon_core.package_identification:_identify(.) by extension 'colcon_pkg'
[3.508s] Level 1:colcon.colcon_core.package_identification:_identify(.) by extensions ['colcon_meta']
[3.508s] Level 1:colcon.colcon_core.package_identification:_identify(.) by extension 'colcon_meta'
[3.508s] Level 1:colcon.colcon_core.package_identification:_identify(.) by extensions ['ros']
[3.508s] Level 1:colcon.colcon_core.package_identification:_identify(.) by extension 'ros'
[3.554s] Level 1:colcon.colcon_core.package_identification:_identify(.) by extensions ['cmake', 'python']
[3.554s] Level 1:colcon.colcon_core.package_identification:_identify(.) by extension 'cmake'
[3.555s] Level 1:colcon.colcon_core.package_identification:_identify(.) by extension 'python'
[3.555s] Level 1:colcon.colcon_core.package_identification:_identify(.) by extensions ['python_setup_py']
[3.555s] Level 1:colcon.colcon_core.package_identification:_identify(.) by extension 'python_setup_py'
[3.555s] Level 1:colcon.colcon_core.package_identification:_identify(build) by extensions ['ignore', 'ignore_ament_install']
[3.556s] Level 1:colcon.colcon_core.package_identification:_identify(build) by extension 'ignore'
[3.556s] Level 1:colcon.colcon_core.package_identification:_identify(build) ignored
[3.557s] Level 1:colcon.colcon_core.package_identification:_identify(install) by extensions ['ignore', 'ignore_ament_install']
[3.557s] Level 1:colcon.colcon_core.package_identification:_identify(install) by extension 'ignore'
[3.557s] Level 1:colcon.colcon_core.package_identification:_identify(install) ignored
[3.558s] Level 1:colcon.colcon_core.package_identification:_identify(log) by extensions ['ignore', 'ignore_ament_install']
[3.558s] Level 1:colcon.colcon_core.package_identification:_identify(log) by extension 'ignore'
[3.558s] Level 1:colcon.colcon_core.package_identification:_identify(log) ignored
[3.559s] Level 1:colcon.colcon_core.package_identification:_identify(src) by extensions ['ignore', 'ignore_ament_install']
[3.559s] Level 1:colcon.colcon_core.package_identification:_identify(src) by extension 'ignore'
[3.559s] Level 1:colcon.colcon_core.package_identification:_identify(src) by extension 'ignore_ament_install'
[3.560s] Level 1:colcon.colcon_core.package_identification:_identify(src) by extensions ['colcon_pkg']
[3.560s] Level 1:colcon.colcon_core.package_identification:_identify(src) by extension 'colcon_pkg'
[3.560s] Level 1:colcon.colcon_core.package_identification:_identify(src) by extensions ['colcon_meta']
[3.560s] Level 1:colcon.colcon_core.package_identification:_identify(src) by extension 'colcon_meta'
[3.560s] Level 1:colcon.colcon_core.package_identification:_identify(src) by extensions ['ros']
[3.560s] Level 1:colcon.colcon_core.package_identification:_identify(src) by extension 'ros'
[3.561s] Level 1:colcon.colcon_core.package_identification:_identify(src) by extensions ['cmake', 'python']
[3.561s] Level 1:colcon.colcon_core.package_identification:_identify(src) by extension 'cmake'
[3.561s] Level 1:colcon.colcon_core.package_identification:_identify(src) by extension 'python'
[3.561s] Level 1:colcon.colcon_core.package_identification:_identify(src) by extensions ['python_setup_py']
[3.561s] Level 1:colcon.colcon_core.package_identification:_identify(src) by extension 'python_setup_py'
[3.562s] Level 1:colcon.colcon_core.package_identification:_identify(src/rover_motion_pkg) by extensions ['ignore', 'ignore_ament_install']
[3.562s] Level 1:colcon.colcon_core.package_identification:_identify(src/rover_motion_pkg) by extension 'ignore'
[3.562s] Level 1:colcon.colcon_core.package_identification:_identify(src/rover_motion_pkg) by extension 'ignore_ament_install'
[3.563s] Level 1:colcon.colcon_core.package_identification:_identify(src/rover_motion_pkg) by extensions ['colcon_pkg']
[3.563s] Level 1:colcon.colcon_core.package_identification:_identify(src/rover_motion_pkg) by extension 'colcon_pkg'
[3.563s] Level 1:colcon.colcon_core.package_identification:_identify(src/rover_motion_pkg) by extensions ['colcon_meta']
[3.563s] Level 1:colcon.colcon_core.package_identification:_identify(src/rover_motion_pkg) by extension 'colcon_meta'
[3.563s] Level 1:colcon.colcon_core.package_identification:_identify(src/rover_motion_pkg) by extensions ['ros']
[3.563s] Level 1:colcon.colcon_core.package_identification:_identify(src/rover_motion_pkg) by extension 'ros'
[3.572s] DEBUG:colcon.colcon_core.package_identification:Package 'src/rover_motion_pkg' with type 'ros.ament_python' and name 'rover_motion_pkg'
[3.573s] Level 1:colcon.colcon_core.package_discovery:discover_packages(recursive) using defaults
[3.573s] Level 1:colcon.colcon_core.package_discovery:discover_packages(ignore) discover
[3.573s] Level 1:colcon.colcon_core.package_discovery:discover_packages(ignore) using defaults
[3.573s] Level 1:colcon.colcon_core.package_discovery:discover_packages(path) discover
[3.573s] Level 1:colcon.colcon_core.package_discovery:discover_packages(path) using defaults
[3.869s] Level 1:colcon.colcon_core.package_discovery:discover_packages(prefix_path) check parameters
[3.869s] Level 1:colcon.colcon_core.package_discovery:discover_packages(prefix_path) discover
[3.964s] DEBUG:colcon.colcon_installed_package_information.package_discovery:Found 1 installed packages in /home/pi/Robot_server/ros2_ws/install
[4.015s] DEBUG:colcon.colcon_installed_package_information.package_discovery:Found 180 installed packages in /opt/ros/humble
[4.019s] Level 1:colcon.colcon_core.package_discovery:discover_packages(prefix_path) using defaults
[4.273s] Level 5:colcon.colcon_core.verb:set package 'rover_motion_pkg' build argument 'cmake_args' from command line to 'None'
[4.273s] Level 5:colcon.colcon_core.verb:set package 'rover_motion_pkg' build argument 'cmake_target' from command line to 'None'
[4.273s] Level 5:colcon.colcon_core.verb:set package 'rover_motion_pkg' build argument 'cmake_target_skip_unavailable' from command line to 'False'
[4.273s] Level 5:colcon.colcon_core.verb:set package 'rover_motion_pkg' build argument 'cmake_clean_cache' from command line to 'False'
[4.274s] Level 5:colcon.colcon_core.verb:set package 'rover_motion_pkg' build argument 'cmake_clean_first' from command line to 'False'
[4.274s] Level 5:colcon.colcon_core.verb:set package 'rover_motion_pkg' build argument 'cmake_force_configure' from command line to 'False'
[4.274s] Level 5:colcon.colcon_core.verb:set package 'rover_motion_pkg' build argument 'ament_cmake_args' from command line to 'None'
[4.274s] Level 5:colcon.colcon_core.verb:set package 'rover_motion_pkg' build argument 'catkin_cmake_args' from command line to 'None'
[4.274s] Level 5:colcon.colcon_core.verb:set package 'rover_motion_pkg' build argument 'catkin_skip_building_tests' from command line to 'False'
[4.274s] DEBUG:colcon.colcon_core.verb:Building package 'rover_motion_pkg' with the following arguments: {'ament_cmake_args': None, 'build_base': '/home/pi/Robot_server/ros2_ws/build/rover_motion_pkg', 'catkin_cmake_args': None, 'catkin_skip_building_tests': False, 'cmake_args': None, 'cmake_clean_cache': False, 'cmake_clean_first': False, 'cmake_force_configure': False, 'cmake_target': None, 'cmake_target_skip_unavailable': False, 'install_base': '/home/pi/Robot_server/ros2_ws/install/rover_motion_pkg', 'merge_install': False, 'path': '/home/pi/Robot_server/ros2_ws/src/rover_motion_pkg', 'symlink_install': False, 'test_result_base': None}
[4.318s] INFO:colcon.colcon_core.executor:Executing jobs using 'parallel' executor
[4.366s] DEBUG:colcon.colcon_parallel_executor.executor.parallel:run_until_complete
[4.367s] INFO:colcon.colcon_ros.task.ament_python.build:Building ROS package in '/home/pi/Robot_server/ros2_ws/src/rover_motion_pkg' with build type 'ament_python'
[4.367s] Level 1:colcon.colcon_core.shell:create_environment_hook('rover_motion_pkg', 'ament_prefix_path')
[4.421s] INFO:colcon.colcon_core.plugin_system:Skipping extension 'colcon_core.shell.bat': Not used on non-Windows systems
[4.422s] INFO:colcon.colcon_core.shell:Creating environment hook '/home/pi/Robot_server/ros2_ws/install/rover_motion_pkg/share/rover_motion_pkg/hook/ament_prefix_path.ps1'
[4.424s] INFO:colcon.colcon_core.shell:Creating environment descriptor '/home/pi/Robot_server/ros2_ws/install/rover_motion_pkg/share/rover_motion_pkg/hook/ament_prefix_path.dsv'
[4.426s] INFO:colcon.colcon_core.shell:Creating environment hook '/home/pi/Robot_server/ros2_ws/install/rover_motion_pkg/share/rover_motion_pkg/hook/ament_prefix_path.sh'
[4.475s] INFO:colcon.colcon_core.shell:Skip shell extension 'powershell' for command environment: Not usable outside of PowerShell
[4.476s] DEBUG:colcon.colcon_core.shell:Skip shell extension 'dsv' for command environment
[5.653s] INFO:colcon.colcon_core.task.python.build:Building Python package in '/home/pi/Robot_server/ros2_ws/src/rover_motion_pkg'
[5.703s] INFO:colcon.colcon_core.shell:Skip shell extension 'powershell' for command environment: Not usable outside of PowerShell
[5.703s] DEBUG:colcon.colcon_core.shell:Skip shell extension 'dsv' for command environment
[7.300s] DEBUG:colcon.colcon_core.event_handler.log_command:Invoking command in '/home/pi/Robot_server/ros2_ws/src/rover_motion_pkg': PYTHONPATH=/home/pi/Robot_server/ros2_ws/build/rover_motion_pkg/prefix_override:/home/pi/Robot_server/ros2_ws/install/rover_motion_pkg/lib/python3.10/site-packages:${PYTHONPATH} /usr/bin/python3 setup.py egg_info --egg-base ../../build/rover_motion_pkg build --build-base /home/pi/Robot_server/ros2_ws/build/rover_motion_pkg/build install --record /home/pi/Robot_server/ros2_ws/build/rover_motion_pkg/install.log --single-version-externally-managed
[8.516s] DEBUG:colcon.colcon_core.event_handler.log_command:Invoked command in '/home/pi/Robot_server/ros2_ws/src/rover_motion_pkg' returned '0': PYTHONPATH=/home/pi/Robot_server/ros2_ws/build/rover_motion_pkg/prefix_override:/home/pi/Robot_server/ros2_ws/install/rover_motion_pkg/lib/python3.10/site-packages:${PYTHONPATH} /usr/bin/python3 setup.py egg_info --egg-base ../../build/rover_motion_pkg build --build-base /home/pi/Robot_server/ros2_ws/build/rover_motion_pkg/build install --record /home/pi/Robot_server/ros2_ws/build/rover_motion_pkg/install.log --single-version-externally-managed
[8.575s] Level 1:colcon.colcon_core.environment:checking '/home/pi/Robot_server/ros2_ws/install/rover_motion_pkg' for CMake module files
[8.577s] Level 1:colcon.colcon_core.environment:checking '/home/pi/Robot_server/ros2_ws/install/rover_motion_pkg' for CMake config files
[8.580s] Level 1:colcon.colcon_core.environment:checking '/home/pi/Robot_server/ros2_ws/install/rover_motion_pkg/lib'
[8.581s] Level 1:colcon.colcon_core.environment:checking '/home/pi/Robot_server/ros2_ws/install/rover_motion_pkg/bin'
[8.582s] Level 1:colcon.colcon_core.environment:checking '/home/pi/Robot_server/ros2_ws/install/rover_motion_pkg/lib/pkgconfig/rover_motion_pkg.pc'
[8.583s] Level 1:colcon.colcon_core.environment:checking '/home/pi/Robot_server/ros2_ws/install/rover_motion_pkg/lib/python3.10/site-packages'
[8.583s] Level 1:colcon.colcon_core.shell:create_environment_hook('rover_motion_pkg', 'pythonpath')
[8.629s] INFO:colcon.colcon_core.shell:Creating environment hook '/home/pi/Robot_server/ros2_ws/install/rover_motion_pkg/share/rover_motion_pkg/hook/pythonpath.ps1'
[8.632s] INFO:colcon.colcon_core.shell:Creating environment descriptor '/home/pi/Robot_server/ros2_ws/install/rover_motion_pkg/share/rover_motion_pkg/hook/pythonpath.dsv'
[8.633s] INFO:colcon.colcon_core.shell:Creating environment hook '/home/pi/Robot_server/ros2_ws/install/rover_motion_pkg/share/rover_motion_pkg/hook/pythonpath.sh'
[8.636s] Level 1:colcon.colcon_core.environment:checking '/home/pi/Robot_server/ros2_ws/install/rover_motion_pkg/bin'
[8.636s] Level 1:colcon.colcon_core.environment:create_environment_scripts_only(rover_motion_pkg)
[8.683s] INFO:colcon.colcon_core.shell:Creating package script '/home/pi/Robot_server/ros2_ws/install/rover_motion_pkg/share/rover_motion_pkg/package.ps1'
[8.686s] INFO:colcon.colcon_core.shell:Creating package descriptor '/home/pi/Robot_server/ros2_ws/install/rover_motion_pkg/share/rover_motion_pkg/package.dsv'
[8.689s] INFO:colcon.colcon_core.shell:Creating package script '/home/pi/Robot_server/ros2_ws/install/rover_motion_pkg/share/rover_motion_pkg/package.sh'
[8.692s] INFO:colcon.colcon_core.shell:Creating package script '/home/pi/Robot_server/ros2_ws/install/rover_motion_pkg/share/rover_motion_pkg/package.bash'
[8.695s] INFO:colcon.colcon_core.shell:Creating package script '/home/pi/Robot_server/ros2_ws/install/rover_motion_pkg/share/rover_motion_pkg/package.zsh'
[8.698s] Level 1:colcon.colcon_core.environment:create_file_with_runtime_dependencies(/home/pi/Robot_server/ros2_ws/install/rover_motion_pkg/share/colcon-core/packages/rover_motion_pkg)
[8.700s] DEBUG:colcon.colcon_parallel_executor.executor.parallel:closing loop
[8.701s] DEBUG:colcon.colcon_parallel_executor.executor.parallel:loop closed
[8.701s] DEBUG:colcon.colcon_parallel_executor.executor.parallel:run_until_complete finished with '0'
[8.702s] DEBUG:colcon.colcon_core.event_reactor:joining thread
[8.767s] INFO:colcon.colcon_core.plugin_system:Skipping extension 'colcon_notification.desktop_notification.notify_send': Could not find 'notify-send'
[8.767s] INFO:colcon.colcon_core.plugin_system:Skipping extension 'colcon_notification.desktop_notification.terminal_notifier': Not used on non-Darwin systems
[8.768s] INFO:colcon.colcon_core.plugin_system:Skipping extension 'colcon_notification.desktop_notification.win32': Not used on non-Windows systems
[8.768s] INFO:colcon.colcon_notification.desktop_notification:Sending desktop notification using 'notify2'
[8.771s] DEBUG:colcon.colcon_notification.desktop_notification.notify2:Failed to initialize notify2: org.freedesktop.DBus.Error.ServiceUnknown: The name org.freedesktop.Notifications was not provided by any .service files
[8.771s] DEBUG:colcon.colcon_core.event_reactor:joined thread
[8.820s] INFO:colcon.colcon_core.shell:Creating prefix script '/home/pi/Robot_server/ros2_ws/install/local_setup.ps1'
[8.823s] INFO:colcon.colcon_core.shell:Creating prefix util module '/home/pi/Robot_server/ros2_ws/install/_local_setup_util_ps1.py'
[8.828s] INFO:colcon.colcon_core.shell:Creating prefix chain script '/home/pi/Robot_server/ros2_ws/install/setup.ps1'
[8.877s] INFO:colcon.colcon_core.shell:Creating prefix script '/home/pi/Robot_server/ros2_ws/install/local_setup.sh'
[8.880s] INFO:colcon.colcon_core.shell:Creating prefix util module '/home/pi/Robot_server/ros2_ws/install/_local_setup_util_sh.py'
[8.882s] INFO:colcon.colcon_core.shell:Creating prefix chain script '/home/pi/Robot_server/ros2_ws/install/setup.sh'
[8.930s] INFO:colcon.colcon_core.shell:Creating prefix script '/home/pi/Robot_server/ros2_ws/install/local_setup.bash'
[8.932s] INFO:colcon.colcon_core.shell:Creating prefix chain script '/home/pi/Robot_server/ros2_ws/install/setup.bash'
[8.981s] INFO:colcon.colcon_core.shell:Creating prefix script '/home/pi/Robot_server/ros2_ws/install/local_setup.zsh'
[8.983s] INFO:colcon.colcon_core.shell:Creating prefix chain script '/home/pi/Robot_server/ros2_ws/install/setup.zsh'
