running develop
running egg_info
creating rover_control_pkg.egg-info
writing rover_control_pkg.egg-info/PKG-INFO
writing dependency_links to rover_control_pkg.egg-info/dependency_links.txt
writing entry points to rover_control_pkg.egg-info/entry_points.txt
writing requirements to rover_control_pkg.egg-info/requires.txt
writing top-level names to rover_control_pkg.egg-info/top_level.txt
writing manifest file 'rover_control_pkg.egg-info/SOURCES.txt'
reading manifest file 'rover_control_pkg.egg-info/SOURCES.txt'
writing manifest file 'rover_control_pkg.egg-info/SOURCES.txt'
running build_ext
Creating /home/pi/Robot_server/ros2_ws/install/rover_control_pkg/lib/python3.10/site-packages/rover-control-pkg.egg-link (link to .)

Installed /home/pi/Robot_server/ros2_ws/build/rover_control_pkg
running install_data
creating /home/pi/Robot_server/ros2_ws/install/rover_control_pkg/share/ament_index
creating /home/pi/Robot_server/ros2_ws/install/rover_control_pkg/share/ament_index/resource_index
creating /home/pi/Robot_server/ros2_ws/install/rover_control_pkg/share/ament_index/resource_index/packages
copying resource/rover_control_pkg -> /home/pi/Robot_server/ros2_ws/install/rover_control_pkg/share/ament_index/resource_index/packages
copying package.xml -> /home/pi/Robot_server/ros2_ws/install/rover_control_pkg/share/rover_control_pkg
