[3.618s] Invoking command in '/home/pi/Robot_server/ros2_ws/build/rover_control_pkg': PYTHONPATH=/home/pi/Robot_server/ros2_ws/build/rover_control_pkg/prefix_override:/home/pi/Robot_server/ros2_ws/install/rover_control_pkg/lib/python3.10/site-packages:${PYTHONPATH} /usr/bin/python3 setup.py develop --editable --build-directory /home/pi/Robot_server/ros2_ws/build/rover_control_pkg/build --no-deps install_data
[4.789s] running develop
[5.374s] running egg_info
[5.375s] creating rover_control_pkg.egg-info
[5.380s] writing rover_control_pkg.egg-info/PKG-INFO
[5.381s] writing dependency_links to rover_control_pkg.egg-info/dependency_links.txt
[5.381s] writing entry points to rover_control_pkg.egg-info/entry_points.txt
[5.382s] writing requirements to rover_control_pkg.egg-info/requires.txt
[5.382s] writing top-level names to rover_control_pkg.egg-info/top_level.txt
[5.382s] writing manifest file 'rover_control_pkg.egg-info/SOURCES.txt'
[5.385s] reading manifest file 'rover_control_pkg.egg-info/SOURCES.txt'
[5.388s] writing manifest file 'rover_control_pkg.egg-info/SOURCES.txt'
[5.394s] running build_ext
[5.394s] Creating /home/pi/Robot_server/ros2_ws/install/rover_control_pkg/lib/python3.10/site-packages/rover-control-pkg.egg-link (link to .)
[5.398s] 
[5.398s] Installed /home/pi/Robot_server/ros2_ws/build/rover_control_pkg
[5.399s] running install_data
[5.399s] creating /home/pi/Robot_server/ros2_ws/install/rover_control_pkg/share/ament_index
[5.400s] creating /home/pi/Robot_server/ros2_ws/install/rover_control_pkg/share/ament_index/resource_index
[5.400s] creating /home/pi/Robot_server/ros2_ws/install/rover_control_pkg/share/ament_index/resource_index/packages
[5.401s] copying resource/rover_control_pkg -> /home/pi/Robot_server/ros2_ws/install/rover_control_pkg/share/ament_index/resource_index/packages
[5.402s] copying package.xml -> /home/pi/Robot_server/ros2_ws/install/rover_control_pkg/share/rover_control_pkg
[5.533s] Invoked command in '/home/pi/Robot_server/ros2_ws/build/rover_control_pkg' returned '0': PYTHONPATH=/home/pi/Robot_server/ros2_ws/build/rover_control_pkg/prefix_override:/home/pi/Robot_server/ros2_ws/install/rover_control_pkg/lib/python3.10/site-packages:${PYTHONPATH} /usr/bin/python3 setup.py develop --editable --build-directory /home/pi/Robot_server/ros2_ws/build/rover_control_pkg/build --no-deps install_data
