running egg_info
creating ../../build/rover_motion_pkg/rover_motion_pkg.egg-info
writing ../../build/rover_motion_pkg/rover_motion_pkg.egg-info/PKG-INFO
writing dependency_links to ../../build/rover_motion_pkg/rover_motion_pkg.egg-info/dependency_links.txt
writing entry points to ../../build/rover_motion_pkg/rover_motion_pkg.egg-info/entry_points.txt
writing requirements to ../../build/rover_motion_pkg/rover_motion_pkg.egg-info/requires.txt
writing top-level names to ../../build/rover_motion_pkg/rover_motion_pkg.egg-info/top_level.txt
writing manifest file '../../build/rover_motion_pkg/rover_motion_pkg.egg-info/SOURCES.txt'
reading manifest file '../../build/rover_motion_pkg/rover_motion_pkg.egg-info/SOURCES.txt'
writing manifest file '../../build/rover_motion_pkg/rover_motion_pkg.egg-info/SOURCES.txt'
running build
running build_py
creating /home/pi/Robot_server/ros2_ws/build/rover_motion_pkg/build
creating /home/pi/Robot_server/ros2_ws/build/rover_motion_pkg/build/lib
creating /home/pi/Robot_server/ros2_ws/build/rover_motion_pkg/build/lib/rover_motion_pkg
copying rover_motion_pkg/__init__.py -> /home/pi/Robot_server/ros2_ws/build/rover_motion_pkg/build/lib/rover_motion_pkg
running install
running install_lib
creating /home/pi/Robot_server/ros2_ws/install/rover_motion_pkg/lib/python3.10/site-packages/rover_motion_pkg
copying /home/pi/Robot_server/ros2_ws/build/rover_motion_pkg/build/lib/rover_motion_pkg/__init__.py -> /home/pi/Robot_server/ros2_ws/install/rover_motion_pkg/lib/python3.10/site-packages/rover_motion_pkg
byte-compiling /home/pi/Robot_server/ros2_ws/install/rover_motion_pkg/lib/python3.10/site-packages/rover_motion_pkg/__init__.py to __init__.cpython-310.pyc
running install_data
creating /home/pi/Robot_server/ros2_ws/install/rover_motion_pkg/share/ament_index
creating /home/pi/Robot_server/ros2_ws/install/rover_motion_pkg/share/ament_index/resource_index
creating /home/pi/Robot_server/ros2_ws/install/rover_motion_pkg/share/ament_index/resource_index/packages
copying resource/rover_motion_pkg -> /home/pi/Robot_server/ros2_ws/install/rover_motion_pkg/share/ament_index/resource_index/packages
copying package.xml -> /home/pi/Robot_server/ros2_ws/install/rover_motion_pkg/share/rover_motion_pkg
running install_egg_info
Copying ../../build/rover_motion_pkg/rover_motion_pkg.egg-info to /home/pi/Robot_server/ros2_ws/install/rover_motion_pkg/lib/python3.10/site-packages/rover_motion_pkg-0.0.0-py3.10.egg-info
running install_scripts
writing list of installed files to '/home/pi/Robot_server/ros2_ws/build/rover_motion_pkg/install.log'
