[3.179s] Invoking command in '/home/pi/Robot_server/ros2_ws/src/rover_motion_pkg': PYTHONPATH=/home/pi/Robot_server/ros2_ws/build/rover_motion_pkg/prefix_override:/home/pi/Robot_server/ros2_ws/install/rover_motion_pkg/lib/python3.10/site-packages:${PYTHONPATH} /usr/bin/python3 setup.py egg_info --egg-base ../../build/rover_motion_pkg build --build-base /home/pi/Robot_server/ros2_ws/build/rover_motion_pkg/build install --record /home/pi/Robot_server/ros2_ws/build/rover_motion_pkg/install.log --single-version-externally-managed
[4.037s] running egg_info
[4.039s] creating ../../build/rover_motion_pkg/rover_motion_pkg.egg-info
[4.040s] writing ../../build/rover_motion_pkg/rover_motion_pkg.egg-info/PKG-INFO
[4.041s] writing dependency_links to ../../build/rover_motion_pkg/rover_motion_pkg.egg-info/dependency_links.txt
[4.041s] writing entry points to ../../build/rover_motion_pkg/rover_motion_pkg.egg-info/entry_points.txt
[4.042s] writing requirements to ../../build/rover_motion_pkg/rover_motion_pkg.egg-info/requires.txt
[4.042s] writing top-level names to ../../build/rover_motion_pkg/rover_motion_pkg.egg-info/top_level.txt
[4.043s] writing manifest file '../../build/rover_motion_pkg/rover_motion_pkg.egg-info/SOURCES.txt'
[4.050s] reading manifest file '../../build/rover_motion_pkg/rover_motion_pkg.egg-info/SOURCES.txt'
[4.053s] writing manifest file '../../build/rover_motion_pkg/rover_motion_pkg.egg-info/SOURCES.txt'
[4.054s] running build
[4.054s] running build_py
[4.055s] creating /home/pi/Robot_server/ros2_ws/build/rover_motion_pkg/build
[4.056s] creating /home/pi/Robot_server/ros2_ws/build/rover_motion_pkg/build/lib
[4.056s] creating /home/pi/Robot_server/ros2_ws/build/rover_motion_pkg/build/lib/rover_motion_pkg
[4.057s] copying rover_motion_pkg/__init__.py -> /home/pi/Robot_server/ros2_ws/build/rover_motion_pkg/build/lib/rover_motion_pkg
[4.057s] running install
[4.059s] /usr/lib/python3/dist-packages/setuptools/command/install.py:34: SetuptoolsDeprecationWarning: setup.py install is deprecated. Use build and pip and other standards-based tools.
[4.059s]   warnings.warn(
[4.060s] running install_lib
[4.063s] creating /home/pi/Robot_server/ros2_ws/install/rover_motion_pkg/lib/python3.10/site-packages/rover_motion_pkg
[4.064s] copying /home/pi/Robot_server/ros2_ws/build/rover_motion_pkg/build/lib/rover_motion_pkg/__init__.py -> /home/pi/Robot_server/ros2_ws/install/rover_motion_pkg/lib/python3.10/site-packages/rover_motion_pkg
[4.066s] byte-compiling /home/pi/Robot_server/ros2_ws/install/rover_motion_pkg/lib/python3.10/site-packages/rover_motion_pkg/__init__.py to __init__.cpython-310.pyc
[4.068s] running install_data
[4.070s] creating /home/pi/Robot_server/ros2_ws/install/rover_motion_pkg/share/ament_index
[4.070s] creating /home/pi/Robot_server/ros2_ws/install/rover_motion_pkg/share/ament_index/resource_index
[4.071s] creating /home/pi/Robot_server/ros2_ws/install/rover_motion_pkg/share/ament_index/resource_index/packages
[4.072s] copying resource/rover_motion_pkg -> /home/pi/Robot_server/ros2_ws/install/rover_motion_pkg/share/ament_index/resource_index/packages
[4.072s] copying package.xml -> /home/pi/Robot_server/ros2_ws/install/rover_motion_pkg/share/rover_motion_pkg
[4.072s] running install_egg_info
[4.079s] Copying ../../build/rover_motion_pkg/rover_motion_pkg.egg-info to /home/pi/Robot_server/ros2_ws/install/rover_motion_pkg/lib/python3.10/site-packages/rover_motion_pkg-0.0.0-py3.10.egg-info
[4.084s] running install_scripts
[4.160s] writing list of installed files to '/home/pi/Robot_server/ros2_ws/build/rover_motion_pkg/install.log'
[4.270s] Invoked command in '/home/pi/Robot_server/ros2_ws/src/rover_motion_pkg' returned '0': PYTHONPATH=/home/pi/Robot_server/ros2_ws/build/rover_motion_pkg/prefix_override:/home/pi/Robot_server/ros2_ws/install/rover_motion_pkg/lib/python3.10/site-packages:${PYTHONPATH} /usr/bin/python3 setup.py egg_info --egg-base ../../build/rover_motion_pkg build --build-base /home/pi/Robot_server/ros2_ws/build/rover_motion_pkg/build install --record /home/pi/Robot_server/ros2_ws/build/rover_motion_pkg/install.log --single-version-externally-managed
