[0.234s] Invoking command in '/home/pi/Robot_server/ros2_ws/build/rover_interfaces': CMAKE_PREFIX_PATH=${CMAKE_PREFIX_PATH}:/home/pi/Robot_server/ros2_ws/install/rover_motion_pkg:/home/pi/Robot_server/ros2_ws/install/camera_pkg:/opt/ros/humble /usr/bin/cmake /home/pi/Robot_server/ros2_ws/src/rover_interfaces -DAMENT_CMAKE_SYMLINK_INSTALL=1 -DCMAKE_INSTALL_PREFIX=/home/pi/Robot_server/ros2_ws/install/rover_interfaces
[0.495s] -- Found ament_cmake: 1.3.6 (/opt/ros/humble/share/ament_cmake/cmake)
[1.179s] -- Override CMake install command with custom implementation using symlinks instead of copying resources
[1.257s] -- Found rosidl_default_generators: 1.2.0 (/opt/ros/humble/share/rosidl_default_generators/cmake)
[1.271s] -- Using all available rosidl_typesupport_c: rosidl_typesupport_fastrtps_c;rosidl_typesupport_introspection_c
[1.290s] -- Found rosidl_adapter: 3.1.5 (/opt/ros/humble/share/rosidl_adapter/cmake)
[1.495s] -- Using all available rosidl_typesupport_cpp: rosidl_typesupport_fastrtps_cpp;rosidl_typesupport_introspection_cpp
[2.815s] -- Found ament_cmake_ros: 0.10.0 (/opt/ros/humble/share/ament_cmake_ros/cmake)
[3.675s] -- Using all available rosidl_typesupport_c: rosidl_typesupport_fastrtps_c;rosidl_typesupport_introspection_c
[4.777s] -- Using all available rosidl_typesupport_cpp: rosidl_typesupport_fastrtps_cpp;rosidl_typesupport_introspection_cpp
[4.888s] -- Found python_cmake_module: 0.10.0 (/opt/ros/humble/share/python_cmake_module/cmake)
[5.005s] -- Using PYTHON_EXECUTABLE: /usr/bin/python3
[5.005s] -- Using PYTHON_INCLUDE_DIRS: /usr/include/python3.10
[5.006s] -- Using PYTHON_LIBRARIES: /usr/lib/aarch64-linux-gnu/libpython3.10.so
[5.131s] -- Configuring done
[5.371s] -- Generating done
[5.390s] -- Build files have been written to: /home/pi/Robot_server/ros2_ws/build/rover_interfaces
[5.432s] Invoked command in '/home/pi/Robot_server/ros2_ws/build/rover_interfaces' returned '0': CMAKE_PREFIX_PATH=${CMAKE_PREFIX_PATH}:/home/pi/Robot_server/ros2_ws/install/rover_motion_pkg:/home/pi/Robot_server/ros2_ws/install/camera_pkg:/opt/ros/humble /usr/bin/cmake /home/pi/Robot_server/ros2_ws/src/rover_interfaces -DAMENT_CMAKE_SYMLINK_INSTALL=1 -DCMAKE_INSTALL_PREFIX=/home/pi/Robot_server/ros2_ws/install/rover_interfaces
[5.444s] Invoking command in '/home/pi/Robot_server/ros2_ws/build/rover_interfaces': CMAKE_PREFIX_PATH=${CMAKE_PREFIX_PATH}:/home/pi/Robot_server/ros2_ws/install/rover_motion_pkg:/home/pi/Robot_server/ros2_ws/install/camera_pkg:/opt/ros/humble /usr/bin/cmake --build /home/pi/Robot_server/ros2_ws/build/rover_interfaces -- -j4 -l4
[5.609s] [  3%] [34m[1mGenerating C code for ROS interfaces[0m
[5.666s] [  6%] [34m[1mGenerating C++ code for ROS interfaces[0m
[5.693s] [  6%] Built target ament_cmake_python_symlink_rover_interfaces
[6.968s] [35m[1mConsolidate compiler generated dependencies of target rover_interfaces__rosidl_generator_c[0m
[6.988s] [  6%] Built target rover_interfaces__cpp
[7.047s] [  9%] [34m[1mGenerating C++ type support dispatch for ROS interfaces[0m
[7.055s] [ 12%] [32mBuilding C object CMakeFiles/rover_interfaces__rosidl_generator_c.dir/rosidl_generator_c/rover_interfaces/msg/detail/motor_control__functions.c.o[0m
[7.069s] [ 16%] [34m[1mGenerating C++ type support for eProsima Fast-RTPS[0m
[7.185s] running egg_info
[7.190s] writing rover_interfaces.egg-info/PKG-INFO
[7.193s] writing dependency_links to rover_interfaces.egg-info/dependency_links.txt
[7.196s] writing top-level names to rover_interfaces.egg-info/top_level.txt
[7.219s] reading manifest file 'rover_interfaces.egg-info/SOURCES.txt'
[7.227s] writing manifest file 'rover_interfaces.egg-info/SOURCES.txt'
[7.444s] [ 16%] Built target ament_cmake_python_build_rover_interfaces_egg
[7.496s] [ 19%] [34m[1mGenerating C++ introspection for ROS interfaces[0m
[8.235s] [ 22%] [32m[1mLinking C shared library librover_interfaces__rosidl_generator_c.so[0m
[8.483s] [35m[1mConsolidate compiler generated dependencies of target rover_interfaces__rosidl_typesupport_cpp[0m
[8.718s] [35m[1mConsolidate compiler generated dependencies of target rover_interfaces__rosidl_typesupport_fastrtps_cpp[0m
[8.728s] [ 25%] [32mBuilding CXX object CMakeFiles/rover_interfaces__rosidl_typesupport_cpp.dir/rosidl_typesupport_cpp/rover_interfaces/msg/motor_control__type_support.cpp.o[0m
[8.729s] [ 25%] Built target rover_interfaces__rosidl_generator_c
[8.796s] [ 29%] [34m[1mGenerating C type support for eProsima Fast-RTPS[0m
[8.840s] [ 32%] [32mBuilding CXX object CMakeFiles/rover_interfaces__rosidl_typesupport_fastrtps_cpp.dir/rosidl_typesupport_fastrtps_cpp/rover_interfaces/msg/detail/dds_fastrtps/motor_control__type_support.cpp.o[0m
[9.428s] [35m[1mConsolidate compiler generated dependencies of target rover_interfaces__rosidl_typesupport_introspection_cpp[0m
[9.565s] [ 35%] [32mBuilding CXX object CMakeFiles/rover_interfaces__rosidl_typesupport_introspection_cpp.dir/rosidl_typesupport_introspection_cpp/rover_interfaces/msg/detail/motor_control__type_support.cpp.o[0m
[10.665s] [35m[1mConsolidate compiler generated dependencies of target rover_interfaces__rosidl_typesupport_fastrtps_c[0m
[10.857s] [ 38%] [32mBuilding CXX object CMakeFiles/rover_interfaces__rosidl_typesupport_fastrtps_c.dir/rosidl_typesupport_fastrtps_c/rover_interfaces/msg/detail/motor_control__type_support_c.cpp.o[0m
[12.528s] [ 41%] [32m[1mLinking CXX shared library librover_interfaces__rosidl_typesupport_cpp.so[0m
[12.720s] [ 45%] [32m[1mLinking CXX shared library librover_interfaces__rosidl_typesupport_introspection_cpp.so[0m
[12.816s] [ 45%] Built target rover_interfaces__rosidl_typesupport_cpp
[12.959s] [ 48%] [34m[1mGenerating C introspection for ROS interfaces[0m
[13.084s] [ 51%] [32m[1mLinking CXX shared library librover_interfaces__rosidl_typesupport_fastrtps_cpp.so[0m
[13.205s] [ 51%] Built target rover_interfaces__rosidl_typesupport_introspection_cpp
[13.368s] [ 54%] [34m[1mGenerating C type support dispatch for ROS interfaces[0m
[13.805s] [ 54%] Built target rover_interfaces__rosidl_typesupport_fastrtps_cpp
[14.414s] [ 58%] [32m[1mLinking CXX shared library librover_interfaces__rosidl_typesupport_fastrtps_c.so[0m
[14.761s] [ 58%] Built target rover_interfaces__rosidl_typesupport_fastrtps_c
[14.877s] [35m[1mConsolidate compiler generated dependencies of target rover_interfaces__rosidl_typesupport_introspection_c[0m
[14.896s] [35m[1mConsolidate compiler generated dependencies of target rover_interfaces__rosidl_typesupport_c[0m
[14.926s] [ 61%] [32mBuilding C object CMakeFiles/rover_interfaces__rosidl_typesupport_introspection_c.dir/rosidl_typesupport_introspection_c/rover_interfaces/msg/detail/motor_control__type_support.c.o[0m
[14.942s] [ 64%] [32mBuilding CXX object CMakeFiles/rover_interfaces__rosidl_typesupport_c.dir/rosidl_typesupport_c/rover_interfaces/msg/motor_control__type_support.cpp.o[0m
[15.087s] [ 67%] [32m[1mLinking CXX shared library librover_interfaces__rosidl_typesupport_c.so[0m
[15.096s] [ 70%] [32m[1mLinking C shared library librover_interfaces__rosidl_typesupport_introspection_c.so[0m
[15.220s] [ 70%] Built target rover_interfaces__rosidl_typesupport_introspection_c
[15.243s] [ 70%] Built target rover_interfaces__rosidl_typesupport_c
[15.326s] [ 70%] Built target rover_interfaces
[15.411s] [ 74%] [34m[1mGenerating Python code for ROS interfaces[0m
[16.696s] [ 74%] Built target rover_interfaces__py
[16.741s] [35m[1mConsolidate compiler generated dependencies of target rover_interfaces__rosidl_generator_py[0m
[16.809s] [ 77%] [32mBuilding C object CMakeFiles/rover_interfaces__rosidl_generator_py.dir/rosidl_generator_py/rover_interfaces/msg/_motor_control_s.c.o[0m
[17.370s] [ 80%] [32m[1mLinking C shared library rosidl_generator_py/rover_interfaces/librover_interfaces__rosidl_generator_py.so[0m
[17.546s] [ 80%] Built target rover_interfaces__rosidl_generator_py
[17.592s] [35m[1mConsolidate compiler generated dependencies of target rover_interfaces__rosidl_typesupport_introspection_c__pyext[0m
[17.593s] [35m[1mConsolidate compiler generated dependencies of target rover_interfaces__rosidl_typesupport_fastrtps_c__pyext[0m
[17.595s] [35m[1mConsolidate compiler generated dependencies of target rover_interfaces__rosidl_typesupport_c__pyext[0m
[17.652s] [ 83%] [32mBuilding C object CMakeFiles/rover_interfaces__rosidl_typesupport_fastrtps_c__pyext.dir/rosidl_generator_py/rover_interfaces/_rover_interfaces_s.ep.rosidl_typesupport_fastrtps_c.c.o[0m
[17.655s] [ 87%] [32mBuilding C object CMakeFiles/rover_interfaces__rosidl_typesupport_c__pyext.dir/rosidl_generator_py/rover_interfaces/_rover_interfaces_s.ep.rosidl_typesupport_c.c.o[0m
[17.668s] [ 90%] [32mBuilding C object CMakeFiles/rover_interfaces__rosidl_typesupport_introspection_c__pyext.dir/rosidl_generator_py/rover_interfaces/_rover_interfaces_s.ep.rosidl_typesupport_introspection_c.c.o[0m
[18.158s] [ 93%] [32m[1mLinking C shared library rosidl_generator_py/rover_interfaces/rover_interfaces_s__rosidl_typesupport_c.cpython-310-aarch64-linux-gnu.so[0m
[18.188s] [ 96%] [32m[1mLinking C shared library rosidl_generator_py/rover_interfaces/rover_interfaces_s__rosidl_typesupport_introspection_c.cpython-310-aarch64-linux-gnu.so[0m
[18.221s] [100%] [32m[1mLinking C shared library rosidl_generator_py/rover_interfaces/rover_interfaces_s__rosidl_typesupport_fastrtps_c.cpython-310-aarch64-linux-gnu.so[0m
[18.333s] [100%] Built target rover_interfaces__rosidl_typesupport_c__pyext
[18.365s] [100%] Built target rover_interfaces__rosidl_typesupport_introspection_c__pyext
[18.411s] [100%] Built target rover_interfaces__rosidl_typesupport_fastrtps_c__pyext
[18.451s] Invoked command in '/home/pi/Robot_server/ros2_ws/build/rover_interfaces' returned '0': CMAKE_PREFIX_PATH=${CMAKE_PREFIX_PATH}:/home/pi/Robot_server/ros2_ws/install/rover_motion_pkg:/home/pi/Robot_server/ros2_ws/install/camera_pkg:/opt/ros/humble /usr/bin/cmake --build /home/pi/Robot_server/ros2_ws/build/rover_interfaces -- -j4 -l4
[18.865s] Invoking command in '/home/pi/Robot_server/ros2_ws/build/rover_interfaces': CMAKE_PREFIX_PATH=${CMAKE_PREFIX_PATH}:/home/pi/Robot_server/ros2_ws/install/rover_motion_pkg:/home/pi/Robot_server/ros2_ws/install/camera_pkg:/opt/ros/humble /usr/bin/cmake --install /home/pi/Robot_server/ros2_ws/build/rover_interfaces
[18.892s] -- Install configuration: ""
[18.894s] -- Execute custom install script
[18.895s] -- Up-to-date symlink: /home/pi/Robot_server/ros2_ws/install/rover_interfaces/share/ament_index/resource_index/rosidl_interfaces/rover_interfaces
[18.898s] -- Up-to-date symlink: /home/pi/Robot_server/ros2_ws/install/rover_interfaces/include/rover_interfaces/rover_interfaces/msg/detail/motor_control__functions.h
[18.899s] -- Up-to-date symlink: /home/pi/Robot_server/ros2_ws/install/rover_interfaces/include/rover_interfaces/rover_interfaces/msg/detail/motor_control__struct.h
[18.900s] -- Up-to-date symlink: /home/pi/Robot_server/ros2_ws/install/rover_interfaces/include/rover_interfaces/rover_interfaces/msg/detail/motor_control__type_support.h
[18.900s] -- Up-to-date symlink: /home/pi/Robot_server/ros2_ws/install/rover_interfaces/include/rover_interfaces/rover_interfaces/msg/motor_control.h
[18.901s] -- Up-to-date symlink: /home/pi/Robot_server/ros2_ws/install/rover_interfaces/include/rover_interfaces/rover_interfaces/msg/rosidl_generator_c__visibility_control.h
[18.902s] -- Up-to-date symlink: /home/pi/Robot_server/ros2_ws/install/rover_interfaces/share/rover_interfaces/environment/library_path.sh
[18.904s] -- Up-to-date symlink: /home/pi/Robot_server/ros2_ws/install/rover_interfaces/share/rover_interfaces/environment/library_path.dsv
[18.906s] -- Up-to-date symlink: /home/pi/Robot_server/ros2_ws/install/rover_interfaces/include/rover_interfaces/rover_interfaces/msg/detail/motor_control__rosidl_typesupport_fastrtps_c.h
[18.907s] -- Up-to-date symlink: /home/pi/Robot_server/ros2_ws/install/rover_interfaces/include/rover_interfaces/rover_interfaces/msg/rosidl_typesupport_fastrtps_c__visibility_control.h
[18.910s] -- Up-to-date symlink: /home/pi/Robot_server/ros2_ws/install/rover_interfaces/include/rover_interfaces/rover_interfaces/msg/detail/motor_control__rosidl_typesupport_introspection_c.h
[18.911s] -- Up-to-date symlink: /home/pi/Robot_server/ros2_ws/install/rover_interfaces/include/rover_interfaces/rover_interfaces/msg/rosidl_typesupport_introspection_c__visibility_control.h
[18.913s] -- Up-to-date symlink: /home/pi/Robot_server/ros2_ws/install/rover_interfaces/include/rover_interfaces/rover_interfaces/msg/detail/motor_control__builder.hpp
[18.914s] -- Up-to-date symlink: /home/pi/Robot_server/ros2_ws/install/rover_interfaces/include/rover_interfaces/rover_interfaces/msg/detail/motor_control__struct.hpp
[18.915s] -- Up-to-date symlink: /home/pi/Robot_server/ros2_ws/install/rover_interfaces/include/rover_interfaces/rover_interfaces/msg/detail/motor_control__traits.hpp
[18.916s] -- Up-to-date symlink: /home/pi/Robot_server/ros2_ws/install/rover_interfaces/include/rover_interfaces/rover_interfaces/msg/motor_control.hpp
[18.919s] -- Up-to-date symlink: /home/pi/Robot_server/ros2_ws/install/rover_interfaces/include/rover_interfaces/rover_interfaces/msg/detail/motor_control__rosidl_typesupport_fastrtps_cpp.hpp
[18.920s] -- Up-to-date symlink: /home/pi/Robot_server/ros2_ws/install/rover_interfaces/include/rover_interfaces/rover_interfaces/msg/rosidl_typesupport_fastrtps_cpp__visibility_control.h
[18.922s] -- Up-to-date symlink: /home/pi/Robot_server/ros2_ws/install/rover_interfaces/include/rover_interfaces/rover_interfaces/msg/detail/motor_control__rosidl_typesupport_introspection_cpp.hpp
[18.923s] -- Up-to-date symlink: /home/pi/Robot_server/ros2_ws/install/rover_interfaces/share/rover_interfaces/environment/pythonpath.sh
[18.924s] -- Up-to-date symlink: /home/pi/Robot_server/ros2_ws/install/rover_interfaces/share/rover_interfaces/environment/pythonpath.dsv
[18.926s] -- Up-to-date symlink: /home/pi/Robot_server/ros2_ws/install/rover_interfaces/local/lib/python3.10/dist-packages/rover_interfaces-0.0.0-py3.10.egg-info/PKG-INFO
[18.927s] -- Up-to-date symlink: /home/pi/Robot_server/ros2_ws/install/rover_interfaces/local/lib/python3.10/dist-packages/rover_interfaces-0.0.0-py3.10.egg-info/SOURCES.txt
[18.928s] -- Up-to-date symlink: /home/pi/Robot_server/ros2_ws/install/rover_interfaces/local/lib/python3.10/dist-packages/rover_interfaces-0.0.0-py3.10.egg-info/dependency_links.txt
[18.929s] -- Up-to-date symlink: /home/pi/Robot_server/ros2_ws/install/rover_interfaces/local/lib/python3.10/dist-packages/rover_interfaces-0.0.0-py3.10.egg-info/top_level.txt
[18.933s] -- Up-to-date symlink: /home/pi/Robot_server/ros2_ws/install/rover_interfaces/local/lib/python3.10/dist-packages/rover_interfaces/__init__.py
[18.934s] -- Up-to-date symlink: /home/pi/Robot_server/ros2_ws/install/rover_interfaces/local/lib/python3.10/dist-packages/rover_interfaces/_rover_interfaces_s.ep.rosidl_typesupport_c.c
[18.935s] -- Up-to-date symlink: /home/pi/Robot_server/ros2_ws/install/rover_interfaces/local/lib/python3.10/dist-packages/rover_interfaces/_rover_interfaces_s.ep.rosidl_typesupport_fastrtps_c.c
[18.936s] -- Up-to-date symlink: /home/pi/Robot_server/ros2_ws/install/rover_interfaces/local/lib/python3.10/dist-packages/rover_interfaces/_rover_interfaces_s.ep.rosidl_typesupport_introspection_c.c
[18.937s] -- Up-to-date symlink: /home/pi/Robot_server/ros2_ws/install/rover_interfaces/local/lib/python3.10/dist-packages/rover_interfaces/librover_interfaces__rosidl_generator_py.so
[18.938s] -- Up-to-date symlink: /home/pi/Robot_server/ros2_ws/install/rover_interfaces/local/lib/python3.10/dist-packages/rover_interfaces/msg/__init__.py
[18.939s] -- Up-to-date symlink: /home/pi/Robot_server/ros2_ws/install/rover_interfaces/local/lib/python3.10/dist-packages/rover_interfaces/msg/_motor_control.py
[18.940s] -- Up-to-date symlink: /home/pi/Robot_server/ros2_ws/install/rover_interfaces/local/lib/python3.10/dist-packages/rover_interfaces/msg/_motor_control_s.c
[18.941s] -- Up-to-date symlink: /home/pi/Robot_server/ros2_ws/install/rover_interfaces/local/lib/python3.10/dist-packages/rover_interfaces/rover_interfaces_s__rosidl_typesupport_c.cpython-310-aarch64-linux-gnu.so
[18.942s] -- Up-to-date symlink: /home/pi/Robot_server/ros2_ws/install/rover_interfaces/local/lib/python3.10/dist-packages/rover_interfaces/rover_interfaces_s__rosidl_typesupport_fastrtps_c.cpython-310-aarch64-linux-gnu.so
[18.943s] -- Up-to-date symlink: /home/pi/Robot_server/ros2_ws/install/rover_interfaces/local/lib/python3.10/dist-packages/rover_interfaces/rover_interfaces_s__rosidl_typesupport_introspection_c.cpython-310-aarch64-linux-gnu.so
[18.944s] -- Up-to-date symlink: /home/pi/Robot_server/ros2_ws/install/rover_interfaces/local/lib/python3.10/dist-packages/rover_interfaces/rover_interfaces_s__rosidl_typesupport_fastrtps_c.cpython-310-aarch64-linux-gnu.so
[18.946s] -- Up-to-date symlink: /home/pi/Robot_server/ros2_ws/install/rover_interfaces/local/lib/python3.10/dist-packages/rover_interfaces/rover_interfaces_s__rosidl_typesupport_introspection_c.cpython-310-aarch64-linux-gnu.so
[18.948s] -- Up-to-date symlink: /home/pi/Robot_server/ros2_ws/install/rover_interfaces/local/lib/python3.10/dist-packages/rover_interfaces/rover_interfaces_s__rosidl_typesupport_c.cpython-310-aarch64-linux-gnu.so
[18.949s] -- Up-to-date symlink: /home/pi/Robot_server/ros2_ws/install/rover_interfaces/share/rover_interfaces/msg/MotorControl.idl
[18.950s] -- Up-to-date symlink: /home/pi/Robot_server/ros2_ws/install/rover_interfaces/share/rover_interfaces/msg/MotorControl.msg
[18.951s] -- Up-to-date symlink: /home/pi/Robot_server/ros2_ws/install/rover_interfaces/share/ament_index/resource_index/package_run_dependencies/rover_interfaces
[18.952s] -- Up-to-date symlink: /home/pi/Robot_server/ros2_ws/install/rover_interfaces/share/ament_index/resource_index/parent_prefix_path/rover_interfaces
[18.953s] -- Up-to-date symlink: /home/pi/Robot_server/ros2_ws/install/rover_interfaces/share/rover_interfaces/environment/ament_prefix_path.sh
[18.954s] -- Up-to-date symlink: /home/pi/Robot_server/ros2_ws/install/rover_interfaces/share/rover_interfaces/environment/ament_prefix_path.dsv
[18.955s] -- Up-to-date symlink: /home/pi/Robot_server/ros2_ws/install/rover_interfaces/share/rover_interfaces/environment/path.sh
[18.956s] -- Up-to-date symlink: /home/pi/Robot_server/ros2_ws/install/rover_interfaces/share/rover_interfaces/environment/path.dsv
[18.957s] -- Up-to-date symlink: /home/pi/Robot_server/ros2_ws/install/rover_interfaces/share/rover_interfaces/local_setup.bash
[18.958s] -- Up-to-date symlink: /home/pi/Robot_server/ros2_ws/install/rover_interfaces/share/rover_interfaces/local_setup.sh
[18.959s] -- Up-to-date symlink: /home/pi/Robot_server/ros2_ws/install/rover_interfaces/share/rover_interfaces/local_setup.zsh
[18.960s] -- Up-to-date symlink: /home/pi/Robot_server/ros2_ws/install/rover_interfaces/share/rover_interfaces/local_setup.dsv
[18.960s] -- Symlinking: /home/pi/Robot_server/ros2_ws/install/rover_interfaces/share/rover_interfaces/package.dsv
[18.992s] -- Up-to-date symlink: /home/pi/Robot_server/ros2_ws/install/rover_interfaces/share/ament_index/resource_index/packages/rover_interfaces
[18.993s] -- Up-to-date symlink: /home/pi/Robot_server/ros2_ws/install/rover_interfaces/share/rover_interfaces/cmake/rosidl_cmake-extras.cmake
[18.994s] -- Up-to-date symlink: /home/pi/Robot_server/ros2_ws/install/rover_interfaces/share/rover_interfaces/cmake/ament_cmake_export_include_directories-extras.cmake
[18.995s] -- Up-to-date symlink: /home/pi/Robot_server/ros2_ws/install/rover_interfaces/share/rover_interfaces/cmake/ament_cmake_export_libraries-extras.cmake
[18.996s] -- Up-to-date symlink: /home/pi/Robot_server/ros2_ws/install/rover_interfaces/share/rover_interfaces/cmake/ament_cmake_export_targets-extras.cmake
[18.997s] -- Up-to-date symlink: /home/pi/Robot_server/ros2_ws/install/rover_interfaces/share/rover_interfaces/cmake/rosidl_cmake_export_typesupport_targets-extras.cmake
[18.998s] -- Up-to-date symlink: /home/pi/Robot_server/ros2_ws/install/rover_interfaces/share/rover_interfaces/cmake/ament_cmake_export_dependencies-extras.cmake
[18.999s] -- Up-to-date symlink: /home/pi/Robot_server/ros2_ws/install/rover_interfaces/share/rover_interfaces/cmake/rosidl_cmake_export_typesupport_libraries-extras.cmake
[19.000s] -- Up-to-date symlink: /home/pi/Robot_server/ros2_ws/install/rover_interfaces/share/rover_interfaces/cmake/rover_interfacesConfig.cmake
[19.001s] -- Up-to-date symlink: /home/pi/Robot_server/ros2_ws/install/rover_interfaces/share/rover_interfaces/cmake/rover_interfacesConfig-version.cmake
[19.002s] -- Up-to-date symlink: /home/pi/Robot_server/ros2_ws/install/rover_interfaces/share/rover_interfaces/package.xml
[19.005s] -- Installing: /home/pi/Robot_server/ros2_ws/install/rover_interfaces/lib/librover_interfaces__rosidl_generator_c.so
[19.008s] -- Set runtime path of "/home/pi/Robot_server/ros2_ws/install/rover_interfaces/lib/librover_interfaces__rosidl_generator_c.so" to ""
[19.010s] -- Installing: /home/pi/Robot_server/ros2_ws/install/rover_interfaces/lib/librover_interfaces__rosidl_typesupport_fastrtps_c.so
[19.013s] -- Set runtime path of "/home/pi/Robot_server/ros2_ws/install/rover_interfaces/lib/librover_interfaces__rosidl_typesupport_fastrtps_c.so" to ""
[19.016s] -- Installing: /home/pi/Robot_server/ros2_ws/install/rover_interfaces/lib/librover_interfaces__rosidl_typesupport_introspection_c.so
[19.019s] -- Set runtime path of "/home/pi/Robot_server/ros2_ws/install/rover_interfaces/lib/librover_interfaces__rosidl_typesupport_introspection_c.so" to ""
[19.021s] -- Installing: /home/pi/Robot_server/ros2_ws/install/rover_interfaces/lib/librover_interfaces__rosidl_typesupport_c.so
[19.023s] -- Set runtime path of "/home/pi/Robot_server/ros2_ws/install/rover_interfaces/lib/librover_interfaces__rosidl_typesupport_c.so" to ""
[19.026s] -- Installing: /home/pi/Robot_server/ros2_ws/install/rover_interfaces/lib/librover_interfaces__rosidl_typesupport_fastrtps_cpp.so
[19.029s] -- Set runtime path of "/home/pi/Robot_server/ros2_ws/install/rover_interfaces/lib/librover_interfaces__rosidl_typesupport_fastrtps_cpp.so" to ""
[19.032s] -- Installing: /home/pi/Robot_server/ros2_ws/install/rover_interfaces/lib/librover_interfaces__rosidl_typesupport_introspection_cpp.so
[19.035s] -- Set runtime path of "/home/pi/Robot_server/ros2_ws/install/rover_interfaces/lib/librover_interfaces__rosidl_typesupport_introspection_cpp.so" to ""
[19.037s] -- Installing: /home/pi/Robot_server/ros2_ws/install/rover_interfaces/lib/librover_interfaces__rosidl_typesupport_cpp.so
[19.040s] -- Set runtime path of "/home/pi/Robot_server/ros2_ws/install/rover_interfaces/lib/librover_interfaces__rosidl_typesupport_cpp.so" to ""
[19.201s] Listing '/home/pi/Robot_server/ros2_ws/install/rover_interfaces/local/lib/python3.10/dist-packages/rover_interfaces'...
[19.202s] Compiling '/home/pi/Robot_server/ros2_ws/install/rover_interfaces/local/lib/python3.10/dist-packages/rover_interfaces/__init__.py'...
[19.203s] Listing '/home/pi/Robot_server/ros2_ws/install/rover_interfaces/local/lib/python3.10/dist-packages/rover_interfaces/msg'...
[19.205s] Compiling '/home/pi/Robot_server/ros2_ws/install/rover_interfaces/local/lib/python3.10/dist-packages/rover_interfaces/msg/__init__.py'...
[19.206s] Compiling '/home/pi/Robot_server/ros2_ws/install/rover_interfaces/local/lib/python3.10/dist-packages/rover_interfaces/msg/_motor_control.py'...
[19.227s] -- Installing: /home/pi/Robot_server/ros2_ws/install/rover_interfaces/lib/librover_interfaces__rosidl_generator_py.so
[19.230s] -- Set runtime path of "/home/pi/Robot_server/ros2_ws/install/rover_interfaces/lib/librover_interfaces__rosidl_generator_py.so" to ""
[19.232s] -- Up-to-date: /home/pi/Robot_server/ros2_ws/install/rover_interfaces/share/rover_interfaces/cmake/export_rover_interfaces__rosidl_generator_cExport.cmake
[19.233s] -- Up-to-date: /home/pi/Robot_server/ros2_ws/install/rover_interfaces/share/rover_interfaces/cmake/export_rover_interfaces__rosidl_generator_cExport-noconfig.cmake
[19.234s] -- Up-to-date: /home/pi/Robot_server/ros2_ws/install/rover_interfaces/share/rover_interfaces/cmake/export_rover_interfaces__rosidl_typesupport_fastrtps_cExport.cmake
[19.235s] -- Up-to-date: /home/pi/Robot_server/ros2_ws/install/rover_interfaces/share/rover_interfaces/cmake/export_rover_interfaces__rosidl_typesupport_fastrtps_cExport-noconfig.cmake
[19.237s] -- Up-to-date: /home/pi/Robot_server/ros2_ws/install/rover_interfaces/share/rover_interfaces/cmake/rover_interfaces__rosidl_typesupport_introspection_cExport.cmake
[19.237s] -- Up-to-date: /home/pi/Robot_server/ros2_ws/install/rover_interfaces/share/rover_interfaces/cmake/rover_interfaces__rosidl_typesupport_introspection_cExport-noconfig.cmake
[19.239s] -- Up-to-date: /home/pi/Robot_server/ros2_ws/install/rover_interfaces/share/rover_interfaces/cmake/rover_interfaces__rosidl_typesupport_cExport.cmake
[19.240s] -- Up-to-date: /home/pi/Robot_server/ros2_ws/install/rover_interfaces/share/rover_interfaces/cmake/rover_interfaces__rosidl_typesupport_cExport-noconfig.cmake
[19.241s] -- Up-to-date: /home/pi/Robot_server/ros2_ws/install/rover_interfaces/share/rover_interfaces/cmake/export_rover_interfaces__rosidl_generator_cppExport.cmake
[19.243s] -- Up-to-date: /home/pi/Robot_server/ros2_ws/install/rover_interfaces/share/rover_interfaces/cmake/export_rover_interfaces__rosidl_typesupport_fastrtps_cppExport.cmake
[19.243s] -- Up-to-date: /home/pi/Robot_server/ros2_ws/install/rover_interfaces/share/rover_interfaces/cmake/export_rover_interfaces__rosidl_typesupport_fastrtps_cppExport-noconfig.cmake
[19.245s] -- Up-to-date: /home/pi/Robot_server/ros2_ws/install/rover_interfaces/share/rover_interfaces/cmake/rover_interfaces__rosidl_typesupport_introspection_cppExport.cmake
[19.246s] -- Up-to-date: /home/pi/Robot_server/ros2_ws/install/rover_interfaces/share/rover_interfaces/cmake/rover_interfaces__rosidl_typesupport_introspection_cppExport-noconfig.cmake
[19.247s] -- Up-to-date: /home/pi/Robot_server/ros2_ws/install/rover_interfaces/share/rover_interfaces/cmake/rover_interfaces__rosidl_typesupport_cppExport.cmake
[19.248s] -- Up-to-date: /home/pi/Robot_server/ros2_ws/install/rover_interfaces/share/rover_interfaces/cmake/rover_interfaces__rosidl_typesupport_cppExport-noconfig.cmake
[19.249s] -- Up-to-date: /home/pi/Robot_server/ros2_ws/install/rover_interfaces/share/rover_interfaces/cmake/export_rover_interfaces__rosidl_generator_pyExport.cmake
[19.250s] -- Up-to-date: /home/pi/Robot_server/ros2_ws/install/rover_interfaces/share/rover_interfaces/cmake/export_rover_interfaces__rosidl_generator_pyExport-noconfig.cmake
[19.257s] Invoked command in '/home/pi/Robot_server/ros2_ws/build/rover_interfaces' returned '0': CMAKE_PREFIX_PATH=${CMAKE_PREFIX_PATH}:/home/pi/Robot_server/ros2_ws/install/rover_motion_pkg:/home/pi/Robot_server/ros2_ws/install/camera_pkg:/opt/ros/humble /usr/bin/cmake --install /home/pi/Robot_server/ros2_ws/build/rover_interfaces
