[3.531s] DEBUG:colcon:Command line arguments: ['/usr/bin/colcon', 'build', '--packages-select', 'rover_control_pkg', '--symlink-install']
[3.531s] DEBUG:colcon:Parsed command line arguments: Namespace(log_base=None, log_level=None, verb_name='build', build_base='build', install_base='install', merge_install=False, symlink_install=True, test_result_base=None, continue_on_error=False, executor='parallel', parallel_workers=4, event_handlers=None, ignore_user_meta=False, metas=['./colcon.meta'], base_paths=['.'], packages_ignore=None, packages_ignore_regex=None, paths=None, packages_up_to=None, packages_up_to_regex=None, packages_above=None, packages_above_and_dependencies=None, packages_above_depth=None, packages_select_by_dep=None, packages_skip_by_dep=None, packages_skip_up_to=None, packages_select_build_failed=False, packages_skip_build_finished=False, packages_select_test_failures=False, packages_skip_test_passed=False, packages_select=['rover_control_pkg'], packages_skip=None, packages_select_regex=None, packages_skip_regex=None, packages_start=None, packages_end=None, allow_overriding=[], cmake_args=None, cmake_target=None, cmake_target_skip_unavailable=False, cmake_clean_cache=False, cmake_clean_first=False, cmake_force_configure=False, ament_cmake_args=None, catkin_cmake_args=None, catkin_skip_building_tests=False, verb_parser=<colcon_defaults.argument_parser.defaults.DefaultArgumentsDecorator object at 0xffff910e34f0>, verb_extension=<colcon_core.verb.build.BuildVerb object at 0xffff913f3c40>, main=<bound method BuildVerb.main of <colcon_core.verb.build.BuildVerb object at 0xffff913f3c40>>)
[3.709s] Level 1:colcon.colcon_core.package_discovery:discover_packages(colcon_meta) check parameters
[3.710s] Level 1:colcon.colcon_core.package_discovery:discover_packages(recursive) check parameters
[3.710s] Level 1:colcon.colcon_core.package_discovery:discover_packages(ignore) check parameters
[3.710s] Level 1:colcon.colcon_core.package_discovery:discover_packages(path) check parameters
[3.710s] Level 1:colcon.colcon_core.package_discovery:discover_packages(colcon_meta) discover
[3.710s] Level 1:colcon.colcon_core.package_discovery:discover_packages(recursive) discover
[3.711s] INFO:colcon.colcon_core.package_discovery:Crawling recursively for packages in '/home/pi/Robot_server/ros2_ws'
[3.711s] Level 1:colcon.colcon_core.package_identification:_identify(.) by extensions ['ignore', 'ignore_ament_install']
[3.711s] Level 1:colcon.colcon_core.package_identification:_identify(.) by extension 'ignore'
[3.712s] Level 1:colcon.colcon_core.package_identification:_identify(.) by extension 'ignore_ament_install'
[3.712s] Level 1:colcon.colcon_core.package_identification:_identify(.) by extensions ['colcon_pkg']
[3.712s] Level 1:colcon.colcon_core.package_identification:_identify(.) by extension 'colcon_pkg'
[3.712s] Level 1:colcon.colcon_core.package_identification:_identify(.) by extensions ['colcon_meta']
[3.713s] Level 1:colcon.colcon_core.package_identification:_identify(.) by extension 'colcon_meta'
[3.713s] Level 1:colcon.colcon_core.package_identification:_identify(.) by extensions ['ros']
[3.713s] Level 1:colcon.colcon_core.package_identification:_identify(.) by extension 'ros'
[3.759s] Level 1:colcon.colcon_core.package_identification:_identify(.) by extensions ['cmake', 'python']
[3.759s] Level 1:colcon.colcon_core.package_identification:_identify(.) by extension 'cmake'
[3.759s] Level 1:colcon.colcon_core.package_identification:_identify(.) by extension 'python'
[3.759s] Level 1:colcon.colcon_core.package_identification:_identify(.) by extensions ['python_setup_py']
[3.760s] Level 1:colcon.colcon_core.package_identification:_identify(.) by extension 'python_setup_py'
[3.760s] Level 1:colcon.colcon_core.package_identification:_identify(build) by extensions ['ignore', 'ignore_ament_install']
[3.761s] Level 1:colcon.colcon_core.package_identification:_identify(build) by extension 'ignore'
[3.761s] Level 1:colcon.colcon_core.package_identification:_identify(build) ignored
[3.761s] Level 1:colcon.colcon_core.package_identification:_identify(install) by extensions ['ignore', 'ignore_ament_install']
[3.762s] Level 1:colcon.colcon_core.package_identification:_identify(install) by extension 'ignore'
[3.762s] Level 1:colcon.colcon_core.package_identification:_identify(install) ignored
[3.763s] Level 1:colcon.colcon_core.package_identification:_identify(log) by extensions ['ignore', 'ignore_ament_install']
[3.763s] Level 1:colcon.colcon_core.package_identification:_identify(log) by extension 'ignore'
[3.763s] Level 1:colcon.colcon_core.package_identification:_identify(log) ignored
[3.764s] Level 1:colcon.colcon_core.package_identification:_identify(src) by extensions ['ignore', 'ignore_ament_install']
[3.764s] Level 1:colcon.colcon_core.package_identification:_identify(src) by extension 'ignore'
[3.764s] Level 1:colcon.colcon_core.package_identification:_identify(src) by extension 'ignore_ament_install'
[3.765s] Level 1:colcon.colcon_core.package_identification:_identify(src) by extensions ['colcon_pkg']
[3.765s] Level 1:colcon.colcon_core.package_identification:_identify(src) by extension 'colcon_pkg'
[3.765s] Level 1:colcon.colcon_core.package_identification:_identify(src) by extensions ['colcon_meta']
[3.765s] Level 1:colcon.colcon_core.package_identification:_identify(src) by extension 'colcon_meta'
[3.765s] Level 1:colcon.colcon_core.package_identification:_identify(src) by extensions ['ros']
[3.765s] Level 1:colcon.colcon_core.package_identification:_identify(src) by extension 'ros'
[3.766s] Level 1:colcon.colcon_core.package_identification:_identify(src) by extensions ['cmake', 'python']
[3.766s] Level 1:colcon.colcon_core.package_identification:_identify(src) by extension 'cmake'
[3.766s] Level 1:colcon.colcon_core.package_identification:_identify(src) by extension 'python'
[3.766s] Level 1:colcon.colcon_core.package_identification:_identify(src) by extensions ['python_setup_py']
[3.766s] Level 1:colcon.colcon_core.package_identification:_identify(src) by extension 'python_setup_py'
[3.767s] Level 1:colcon.colcon_core.package_identification:_identify(src/camera_pkg) by extensions ['ignore', 'ignore_ament_install']
[3.767s] Level 1:colcon.colcon_core.package_identification:_identify(src/camera_pkg) by extension 'ignore'
[3.767s] Level 1:colcon.colcon_core.package_identification:_identify(src/camera_pkg) by extension 'ignore_ament_install'
[3.768s] Level 1:colcon.colcon_core.package_identification:_identify(src/camera_pkg) by extensions ['colcon_pkg']
[3.768s] Level 1:colcon.colcon_core.package_identification:_identify(src/camera_pkg) by extension 'colcon_pkg'
[3.768s] Level 1:colcon.colcon_core.package_identification:_identify(src/camera_pkg) by extensions ['colcon_meta']
[3.768s] Level 1:colcon.colcon_core.package_identification:_identify(src/camera_pkg) by extension 'colcon_meta'
[3.768s] Level 1:colcon.colcon_core.package_identification:_identify(src/camera_pkg) by extensions ['ros']
[3.768s] Level 1:colcon.colcon_core.package_identification:_identify(src/camera_pkg) by extension 'ros'
[3.778s] DEBUG:colcon.colcon_core.package_identification:Package 'src/camera_pkg' with type 'ros.ament_python' and name 'camera_pkg'
[3.778s] Level 1:colcon.colcon_core.package_identification:_identify(src/rover_control_pkg) by extensions ['ignore', 'ignore_ament_install']
[3.779s] Level 1:colcon.colcon_core.package_identification:_identify(src/rover_control_pkg) by extension 'ignore'
[3.779s] Level 1:colcon.colcon_core.package_identification:_identify(src/rover_control_pkg) by extension 'ignore_ament_install'
[3.779s] Level 1:colcon.colcon_core.package_identification:_identify(src/rover_control_pkg) by extensions ['colcon_pkg']
[3.780s] Level 1:colcon.colcon_core.package_identification:_identify(src/rover_control_pkg) by extension 'colcon_pkg'
[3.780s] Level 1:colcon.colcon_core.package_identification:_identify(src/rover_control_pkg) by extensions ['colcon_meta']
[3.780s] Level 1:colcon.colcon_core.package_identification:_identify(src/rover_control_pkg) by extension 'colcon_meta'
[3.780s] Level 1:colcon.colcon_core.package_identification:_identify(src/rover_control_pkg) by extensions ['ros']
[3.780s] Level 1:colcon.colcon_core.package_identification:_identify(src/rover_control_pkg) by extension 'ros'
[3.782s] DEBUG:colcon.colcon_core.package_identification:Package 'src/rover_control_pkg' with type 'ros.ament_python' and name 'rover_control_pkg'
[3.783s] Level 1:colcon.colcon_core.package_identification:_identify(src/rover_interfaces) by extensions ['ignore', 'ignore_ament_install']
[3.783s] Level 1:colcon.colcon_core.package_identification:_identify(src/rover_interfaces) by extension 'ignore'
[3.784s] Level 1:colcon.colcon_core.package_identification:_identify(src/rover_interfaces) by extension 'ignore_ament_install'
[3.784s] Level 1:colcon.colcon_core.package_identification:_identify(src/rover_interfaces) by extensions ['colcon_pkg']
[3.784s] Level 1:colcon.colcon_core.package_identification:_identify(src/rover_interfaces) by extension 'colcon_pkg'
[3.784s] Level 1:colcon.colcon_core.package_identification:_identify(src/rover_interfaces) by extensions ['colcon_meta']
[3.785s] Level 1:colcon.colcon_core.package_identification:_identify(src/rover_interfaces) by extension 'colcon_meta'
[3.785s] Level 1:colcon.colcon_core.package_identification:_identify(src/rover_interfaces) by extensions ['ros']
[3.785s] Level 1:colcon.colcon_core.package_identification:_identify(src/rover_interfaces) by extension 'ros'
[3.787s] DEBUG:colcon.colcon_core.package_identification:Package 'src/rover_interfaces' with type 'ros.ament_cmake' and name 'rover_interfaces'
[3.787s] Level 1:colcon.colcon_core.package_identification:_identify(src/rover_motion_pkg) by extensions ['ignore', 'ignore_ament_install']
[3.788s] Level 1:colcon.colcon_core.package_identification:_identify(src/rover_motion_pkg) by extension 'ignore'
[3.788s] Level 1:colcon.colcon_core.package_identification:_identify(src/rover_motion_pkg) by extension 'ignore_ament_install'
[3.788s] Level 1:colcon.colcon_core.package_identification:_identify(src/rover_motion_pkg) by extensions ['colcon_pkg']
[3.789s] Level 1:colcon.colcon_core.package_identification:_identify(src/rover_motion_pkg) by extension 'colcon_pkg'
[3.789s] Level 1:colcon.colcon_core.package_identification:_identify(src/rover_motion_pkg) by extensions ['colcon_meta']
[3.789s] Level 1:colcon.colcon_core.package_identification:_identify(src/rover_motion_pkg) by extension 'colcon_meta'
[3.789s] Level 1:colcon.colcon_core.package_identification:_identify(src/rover_motion_pkg) by extensions ['ros']
[3.789s] Level 1:colcon.colcon_core.package_identification:_identify(src/rover_motion_pkg) by extension 'ros'
[3.791s] DEBUG:colcon.colcon_core.package_identification:Package 'src/rover_motion_pkg' with type 'ros.ament_python' and name 'rover_motion_pkg'
[3.792s] Level 1:colcon.colcon_core.package_discovery:discover_packages(recursive) using defaults
[3.792s] Level 1:colcon.colcon_core.package_discovery:discover_packages(ignore) discover
[3.792s] Level 1:colcon.colcon_core.package_discovery:discover_packages(ignore) using defaults
[3.792s] Level 1:colcon.colcon_core.package_discovery:discover_packages(path) discover
[3.792s] Level 1:colcon.colcon_core.package_discovery:discover_packages(path) using defaults
[4.012s] INFO:colcon.colcon_core.package_selection:Skipping not selected package 'rover_interfaces' in 'src/rover_interfaces'
[4.013s] INFO:colcon.colcon_core.package_selection:Skipping not selected package 'camera_pkg' in 'src/camera_pkg'
[4.013s] INFO:colcon.colcon_core.package_selection:Skipping not selected package 'rover_motion_pkg' in 'src/rover_motion_pkg'
[4.107s] Level 1:colcon.colcon_core.package_discovery:discover_packages(prefix_path) check parameters
[4.107s] Level 1:colcon.colcon_core.package_discovery:discover_packages(prefix_path) discover
[4.220s] DEBUG:colcon.colcon_installed_package_information.package_discovery:Found 3 installed packages in /home/pi/Robot_server/ros2_ws/install
[4.279s] DEBUG:colcon.colcon_installed_package_information.package_discovery:Found 181 installed packages in /opt/ros/humble
[4.283s] Level 1:colcon.colcon_core.package_discovery:discover_packages(prefix_path) using defaults
[4.554s] Level 5:colcon.colcon_core.verb:set package 'rover_control_pkg' build argument 'cmake_args' from command line to 'None'
[4.554s] Level 5:colcon.colcon_core.verb:set package 'rover_control_pkg' build argument 'cmake_target' from command line to 'None'
[4.554s] Level 5:colcon.colcon_core.verb:set package 'rover_control_pkg' build argument 'cmake_target_skip_unavailable' from command line to 'False'
[4.555s] Level 5:colcon.colcon_core.verb:set package 'rover_control_pkg' build argument 'cmake_clean_cache' from command line to 'False'
[4.555s] Level 5:colcon.colcon_core.verb:set package 'rover_control_pkg' build argument 'cmake_clean_first' from command line to 'False'
[4.555s] Level 5:colcon.colcon_core.verb:set package 'rover_control_pkg' build argument 'cmake_force_configure' from command line to 'False'
[4.555s] Level 5:colcon.colcon_core.verb:set package 'rover_control_pkg' build argument 'ament_cmake_args' from command line to 'None'
[4.555s] Level 5:colcon.colcon_core.verb:set package 'rover_control_pkg' build argument 'catkin_cmake_args' from command line to 'None'
[4.555s] Level 5:colcon.colcon_core.verb:set package 'rover_control_pkg' build argument 'catkin_skip_building_tests' from command line to 'False'
[4.555s] DEBUG:colcon.colcon_core.verb:Building package 'rover_control_pkg' with the following arguments: {'ament_cmake_args': None, 'build_base': '/home/pi/Robot_server/ros2_ws/build/rover_control_pkg', 'catkin_cmake_args': None, 'catkin_skip_building_tests': False, 'cmake_args': None, 'cmake_clean_cache': False, 'cmake_clean_first': False, 'cmake_force_configure': False, 'cmake_target': None, 'cmake_target_skip_unavailable': False, 'install_base': '/home/pi/Robot_server/ros2_ws/install/rover_control_pkg', 'merge_install': False, 'path': '/home/pi/Robot_server/ros2_ws/src/rover_control_pkg', 'symlink_install': True, 'test_result_base': None}
[4.601s] INFO:colcon.colcon_core.executor:Executing jobs using 'parallel' executor
[4.652s] DEBUG:colcon.colcon_parallel_executor.executor.parallel:run_until_complete
[4.653s] INFO:colcon.colcon_ros.task.ament_python.build:Building ROS package in '/home/pi/Robot_server/ros2_ws/src/rover_control_pkg' with build type 'ament_python'
[4.654s] Level 1:colcon.colcon_core.shell:create_environment_hook('rover_control_pkg', 'ament_prefix_path')
[4.712s] INFO:colcon.colcon_core.plugin_system:Skipping extension 'colcon_core.shell.bat': Not used on non-Windows systems
[4.713s] INFO:colcon.colcon_core.shell:Creating environment hook '/home/pi/Robot_server/ros2_ws/install/rover_control_pkg/share/rover_control_pkg/hook/ament_prefix_path.ps1'
[4.716s] INFO:colcon.colcon_core.shell:Creating environment descriptor '/home/pi/Robot_server/ros2_ws/install/rover_control_pkg/share/rover_control_pkg/hook/ament_prefix_path.dsv'
[4.718s] INFO:colcon.colcon_core.shell:Creating environment hook '/home/pi/Robot_server/ros2_ws/install/rover_control_pkg/share/rover_control_pkg/hook/ament_prefix_path.sh'
[4.771s] INFO:colcon.colcon_core.shell:Skip shell extension 'powershell' for command environment: Not usable outside of PowerShell
[4.771s] DEBUG:colcon.colcon_core.shell:Skip shell extension 'dsv' for command environment
[6.096s] INFO:colcon.colcon_core.task.python.build:Building Python package in '/home/pi/Robot_server/ros2_ws/src/rover_control_pkg'
[6.149s] INFO:colcon.colcon_core.shell:Skip shell extension 'powershell' for command environment: Not usable outside of PowerShell
[6.149s] DEBUG:colcon.colcon_core.shell:Skip shell extension 'dsv' for command environment
[8.280s] DEBUG:colcon.colcon_core.event_handler.log_command:Invoking command in '/home/pi/Robot_server/ros2_ws/build/rover_control_pkg': PYTHONPATH=/home/pi/Robot_server/ros2_ws/build/rover_control_pkg/prefix_override:/home/pi/Robot_server/ros2_ws/install/rover_control_pkg/lib/python3.10/site-packages:${PYTHONPATH} /usr/bin/python3 setup.py develop --editable --build-directory /home/pi/Robot_server/ros2_ws/build/rover_control_pkg/build --no-deps install_data
[10.189s] Level 1:colcon.colcon_core.shell:create_environment_hook('rover_control_pkg', 'pythonpath_develop')
[10.190s] DEBUG:colcon.colcon_core.event_handler.log_command:Invoked command in '/home/pi/Robot_server/ros2_ws/build/rover_control_pkg' returned '0': PYTHONPATH=/home/pi/Robot_server/ros2_ws/build/rover_control_pkg/prefix_override:/home/pi/Robot_server/ros2_ws/install/rover_control_pkg/lib/python3.10/site-packages:${PYTHONPATH} /usr/bin/python3 setup.py develop --editable --build-directory /home/pi/Robot_server/ros2_ws/build/rover_control_pkg/build --no-deps install_data
[10.249s] INFO:colcon.colcon_core.shell:Creating environment hook '/home/pi/Robot_server/ros2_ws/build/rover_control_pkg/share/rover_control_pkg/hook/pythonpath_develop.ps1'
[10.252s] INFO:colcon.colcon_core.shell:Creating environment descriptor '/home/pi/Robot_server/ros2_ws/build/rover_control_pkg/share/rover_control_pkg/hook/pythonpath_develop.dsv'
[10.253s] INFO:colcon.colcon_core.shell:Creating environment hook '/home/pi/Robot_server/ros2_ws/build/rover_control_pkg/share/rover_control_pkg/hook/pythonpath_develop.sh'
[10.315s] Level 1:colcon.colcon_core.environment:checking '/home/pi/Robot_server/ros2_ws/install/rover_control_pkg' for CMake module files
[10.317s] Level 1:colcon.colcon_core.environment:checking '/home/pi/Robot_server/ros2_ws/install/rover_control_pkg' for CMake config files
[10.320s] Level 1:colcon.colcon_core.environment:checking '/home/pi/Robot_server/ros2_ws/install/rover_control_pkg/lib'
[10.322s] Level 1:colcon.colcon_core.environment:checking '/home/pi/Robot_server/ros2_ws/install/rover_control_pkg/bin'
[10.322s] Level 1:colcon.colcon_core.environment:checking '/home/pi/Robot_server/ros2_ws/install/rover_control_pkg/lib/pkgconfig/rover_control_pkg.pc'
[10.324s] Level 1:colcon.colcon_core.environment:checking '/home/pi/Robot_server/ros2_ws/install/rover_control_pkg/lib/python3.10/site-packages'
[10.324s] Level 1:colcon.colcon_core.shell:create_environment_hook('rover_control_pkg', 'pythonpath')
[10.375s] INFO:colcon.colcon_core.shell:Creating environment hook '/home/pi/Robot_server/ros2_ws/install/rover_control_pkg/share/rover_control_pkg/hook/pythonpath.ps1'
[10.377s] INFO:colcon.colcon_core.shell:Creating environment descriptor '/home/pi/Robot_server/ros2_ws/install/rover_control_pkg/share/rover_control_pkg/hook/pythonpath.dsv'
[10.378s] INFO:colcon.colcon_core.shell:Creating environment hook '/home/pi/Robot_server/ros2_ws/install/rover_control_pkg/share/rover_control_pkg/hook/pythonpath.sh'
[10.381s] Level 1:colcon.colcon_core.environment:checking '/home/pi/Robot_server/ros2_ws/install/rover_control_pkg/bin'
[10.381s] Level 1:colcon.colcon_core.environment:create_environment_scripts_only(rover_control_pkg)
[10.430s] INFO:colcon.colcon_core.shell:Creating package script '/home/pi/Robot_server/ros2_ws/install/rover_control_pkg/share/rover_control_pkg/package.ps1'
[10.434s] INFO:colcon.colcon_core.shell:Creating package descriptor '/home/pi/Robot_server/ros2_ws/install/rover_control_pkg/share/rover_control_pkg/package.dsv'
[10.437s] INFO:colcon.colcon_core.shell:Creating package script '/home/pi/Robot_server/ros2_ws/install/rover_control_pkg/share/rover_control_pkg/package.sh'
[10.441s] INFO:colcon.colcon_core.shell:Creating package script '/home/pi/Robot_server/ros2_ws/install/rover_control_pkg/share/rover_control_pkg/package.bash'
[10.445s] INFO:colcon.colcon_core.shell:Creating package script '/home/pi/Robot_server/ros2_ws/install/rover_control_pkg/share/rover_control_pkg/package.zsh'
[10.448s] Level 1:colcon.colcon_core.environment:create_file_with_runtime_dependencies(/home/pi/Robot_server/ros2_ws/install/rover_control_pkg/share/colcon-core/packages/rover_control_pkg)
[10.450s] DEBUG:colcon.colcon_parallel_executor.executor.parallel:closing loop
[10.451s] DEBUG:colcon.colcon_parallel_executor.executor.parallel:loop closed
[10.452s] DEBUG:colcon.colcon_parallel_executor.executor.parallel:run_until_complete finished with '0'
[10.453s] DEBUG:colcon.colcon_core.event_reactor:joining thread
[10.540s] INFO:colcon.colcon_core.plugin_system:Skipping extension 'colcon_notification.desktop_notification.notify_send': Could not find 'notify-send'
[10.541s] INFO:colcon.colcon_core.plugin_system:Skipping extension 'colcon_notification.desktop_notification.terminal_notifier': Not used on non-Darwin systems
[10.541s] INFO:colcon.colcon_core.plugin_system:Skipping extension 'colcon_notification.desktop_notification.win32': Not used on non-Windows systems
[10.541s] INFO:colcon.colcon_notification.desktop_notification:Sending desktop notification using 'notify2'
[10.546s] DEBUG:colcon.colcon_notification.desktop_notification.notify2:Failed to initialize notify2: org.freedesktop.DBus.Error.ServiceUnknown: The name org.freedesktop.Notifications was not provided by any .service files
[10.547s] DEBUG:colcon.colcon_core.event_reactor:joined thread
[10.615s] INFO:colcon.colcon_core.shell:Creating prefix script '/home/pi/Robot_server/ros2_ws/install/local_setup.ps1'
[10.618s] INFO:colcon.colcon_core.shell:Creating prefix util module '/home/pi/Robot_server/ros2_ws/install/_local_setup_util_ps1.py'
[10.624s] INFO:colcon.colcon_core.shell:Creating prefix chain script '/home/pi/Robot_server/ros2_ws/install/setup.ps1'
[10.676s] INFO:colcon.colcon_core.shell:Creating prefix script '/home/pi/Robot_server/ros2_ws/install/local_setup.sh'
[10.679s] INFO:colcon.colcon_core.shell:Creating prefix util module '/home/pi/Robot_server/ros2_ws/install/_local_setup_util_sh.py'
[10.682s] INFO:colcon.colcon_core.shell:Creating prefix chain script '/home/pi/Robot_server/ros2_ws/install/setup.sh'
[10.753s] INFO:colcon.colcon_core.shell:Creating prefix script '/home/pi/Robot_server/ros2_ws/install/local_setup.bash'
[10.756s] INFO:colcon.colcon_core.shell:Creating prefix chain script '/home/pi/Robot_server/ros2_ws/install/setup.bash'
[10.828s] INFO:colcon.colcon_core.shell:Creating prefix script '/home/pi/Robot_server/ros2_ws/install/local_setup.zsh'
[10.831s] INFO:colcon.colcon_core.shell:Creating prefix chain script '/home/pi/Robot_server/ros2_ws/install/setup.zsh'
