-- The C compiler identification is GNU 11.4.0
-- The CXX compiler identification is GNU 11.4.0
-- Detecting C compiler ABI info
-- Detecting C compiler ABI info - done
-- Check for working C compiler: /usr/bin/cc - skipped
-- Detecting C compile features
-- Detecting C compile features - done
-- Detecting CXX compiler ABI info
-- Detecting CXX compiler ABI info - done
-- Check for working CXX compiler: /usr/bin/c++ - skipped
-- Detecting CXX compile features
-- Detecting CXX compile features - done
-- Found ament_cmake: 1.3.6 (/opt/ros/humble/share/ament_cmake/cmake)
-- Found Python3: /usr/bin/python3.10 (found version "3.10.12") found components: Interpreter 
-- Override CMake install command with custom implementation using symlinks instead of copying resources
-- Configuring done
-- Generating done
-- Build files have been written to: /home/pi/Robot_server/ros2_ws/build/rover_bringup
-- Install configuration: ""
-- Execute custom install script
-- Symlinking: /home/pi/Robot_server/ros2_ws/install/rover_bringup/share/rover_bringup/launch/rover_app.launch.xml
-- Symlinking: /home/pi/Robot_server/ros2_ws/install/rover_bringup/share/ament_index/resource_index/package_run_dependencies/rover_bringup
-- Symlinking: /home/pi/Robot_server/ros2_ws/install/rover_bringup/share/ament_index/resource_index/parent_prefix_path/rover_bringup
-- Symlinking: /home/pi/Robot_server/ros2_ws/install/rover_bringup/share/rover_bringup/environment/ament_prefix_path.sh
-- Symlinking: /home/pi/Robot_server/ros2_ws/install/rover_bringup/share/rover_bringup/environment/ament_prefix_path.dsv
-- Symlinking: /home/pi/Robot_server/ros2_ws/install/rover_bringup/share/rover_bringup/environment/path.sh
-- Symlinking: /home/pi/Robot_server/ros2_ws/install/rover_bringup/share/rover_bringup/environment/path.dsv
-- Symlinking: /home/pi/Robot_server/ros2_ws/install/rover_bringup/share/rover_bringup/local_setup.bash
-- Symlinking: /home/pi/Robot_server/ros2_ws/install/rover_bringup/share/rover_bringup/local_setup.sh
-- Symlinking: /home/pi/Robot_server/ros2_ws/install/rover_bringup/share/rover_bringup/local_setup.zsh
-- Symlinking: /home/pi/Robot_server/ros2_ws/install/rover_bringup/share/rover_bringup/local_setup.dsv
-- Symlinking: /home/pi/Robot_server/ros2_ws/install/rover_bringup/share/rover_bringup/package.dsv
-- Symlinking: /home/pi/Robot_server/ros2_ws/install/rover_bringup/share/ament_index/resource_index/packages/rover_bringup
-- Symlinking: /home/pi/Robot_server/ros2_ws/install/rover_bringup/share/rover_bringup/cmake/rover_bringupConfig.cmake
-- Symlinking: /home/pi/Robot_server/ros2_ws/install/rover_bringup/share/rover_bringup/cmake/rover_bringupConfig-version.cmake
-- Symlinking: /home/pi/Robot_server/ros2_ws/install/rover_bringup/share/rover_bringup/package.xml
