[0.274s] Invoking command in '/home/pi/Robot_server/ros2_ws/build/rover_bringup': AMENT_PREFIX_PATH=/home/pi/Robot_server/ros2_ws/install/rover_motion_pkg:/home/pi/Robot_server/ros2_ws/install/rover_control_pkg:/home/pi/Robot_server/ros2_ws/install/camera_pkg:/home/pi/Robot_server/ros2_ws/install/rover_interfaces:/opt/ros/humble CMAKE_PREFIX_PATH=${CMAKE_PREFIX_PATH}:/home/pi/Robot_server/ros2_ws/install/rover_control_pkg:/home/pi/Robot_server/ros2_ws/install/rover_motion_pkg:/home/pi/Robot_server/ros2_ws/install/camera_pkg:/opt/ros/humble PYTHONPATH=/home/pi/Robot_server/ros2_ws/build/rover_motion_pkg:/home/pi/Robot_server/ros2_ws/install/rover_motion_pkg/lib/python3.10/site-packages:/home/pi/Robot_server/ros2_ws/build/rover_control_pkg:/home/pi/Robot_server/ros2_ws/install/rover_control_pkg/lib/python3.10/site-packages:/home/pi/Robot_server/ros2_ws/build/camera_pkg:/home/pi/Robot_server/ros2_ws/install/camera_pkg/lib/python3.10/site-packages:/home/pi/Robot_server/ros2_ws/install/rover_interfaces/local/lib/python3.10/dist-packages:/opt/ros/humble/lib/python3.10/site-packages:/opt/ros/humble/local/lib/python3.10/dist-packages /usr/bin/cmake /home/pi/Robot_server/ros2_ws/src/rover_bringup -DAMENT_CMAKE_SYMLINK_INSTALL=1 -DCMAKE_INSTALL_PREFIX=/home/pi/Robot_server/ros2_ws/install/rover_bringup
[0.568s] -- The C compiler identification is GNU 11.4.0
[1.140s] -- The CXX compiler identification is GNU 11.4.0
[1.179s] -- Detecting C compiler ABI info
[1.509s] -- Detecting C compiler ABI info - done
[1.534s] -- Check for working C compiler: /usr/bin/cc - skipped
[1.537s] -- Detecting C compile features
[1.539s] -- Detecting C compile features - done
[1.553s] -- Detecting CXX compiler ABI info
[1.932s] -- Detecting CXX compiler ABI info - done
[1.962s] -- Check for working CXX compiler: /usr/bin/c++ - skipped
[1.963s] -- Detecting CXX compile features
[1.965s] -- Detecting CXX compile features - done
[1.995s] -- Found ament_cmake: 1.3.6 (/opt/ros/humble/share/ament_cmake/cmake)
[2.900s] -- Found Python3: /usr/bin/python3.10 (found version "3.10.12") found components: Interpreter 
[3.193s] -- Override CMake install command with custom implementation using symlinks instead of copying resources
[3.758s] -- Configuring done
[3.778s] -- Generating done
[3.782s] -- Build files have been written to: /home/pi/Robot_server/ros2_ws/build/rover_bringup
[3.797s] Invoked command in '/home/pi/Robot_server/ros2_ws/build/rover_bringup' returned '0': AMENT_PREFIX_PATH=/home/pi/Robot_server/ros2_ws/install/rover_motion_pkg:/home/pi/Robot_server/ros2_ws/install/rover_control_pkg:/home/pi/Robot_server/ros2_ws/install/camera_pkg:/home/pi/Robot_server/ros2_ws/install/rover_interfaces:/opt/ros/humble CMAKE_PREFIX_PATH=${CMAKE_PREFIX_PATH}:/home/pi/Robot_server/ros2_ws/install/rover_control_pkg:/home/pi/Robot_server/ros2_ws/install/rover_motion_pkg:/home/pi/Robot_server/ros2_ws/install/camera_pkg:/opt/ros/humble PYTHONPATH=/home/pi/Robot_server/ros2_ws/build/rover_motion_pkg:/home/pi/Robot_server/ros2_ws/install/rover_motion_pkg/lib/python3.10/site-packages:/home/pi/Robot_server/ros2_ws/build/rover_control_pkg:/home/pi/Robot_server/ros2_ws/install/rover_control_pkg/lib/python3.10/site-packages:/home/pi/Robot_server/ros2_ws/build/camera_pkg:/home/pi/Robot_server/ros2_ws/install/camera_pkg/lib/python3.10/site-packages:/home/pi/Robot_server/ros2_ws/install/rover_interfaces/local/lib/python3.10/dist-packages:/opt/ros/humble/lib/python3.10/site-packages:/opt/ros/humble/local/lib/python3.10/dist-packages /usr/bin/cmake /home/pi/Robot_server/ros2_ws/src/rover_bringup -DAMENT_CMAKE_SYMLINK_INSTALL=1 -DCMAKE_INSTALL_PREFIX=/home/pi/Robot_server/ros2_ws/install/rover_bringup
[3.806s] Invoking command in '/home/pi/Robot_server/ros2_ws/build/rover_bringup': AMENT_PREFIX_PATH=/home/pi/Robot_server/ros2_ws/install/rover_motion_pkg:/home/pi/Robot_server/ros2_ws/install/rover_control_pkg:/home/pi/Robot_server/ros2_ws/install/camera_pkg:/home/pi/Robot_server/ros2_ws/install/rover_interfaces:/opt/ros/humble CMAKE_PREFIX_PATH=${CMAKE_PREFIX_PATH}:/home/pi/Robot_server/ros2_ws/install/rover_control_pkg:/home/pi/Robot_server/ros2_ws/install/rover_motion_pkg:/home/pi/Robot_server/ros2_ws/install/camera_pkg:/opt/ros/humble PYTHONPATH=/home/pi/Robot_server/ros2_ws/build/rover_motion_pkg:/home/pi/Robot_server/ros2_ws/install/rover_motion_pkg/lib/python3.10/site-packages:/home/pi/Robot_server/ros2_ws/build/rover_control_pkg:/home/pi/Robot_server/ros2_ws/install/rover_control_pkg/lib/python3.10/site-packages:/home/pi/Robot_server/ros2_ws/build/camera_pkg:/home/pi/Robot_server/ros2_ws/install/camera_pkg/lib/python3.10/site-packages:/home/pi/Robot_server/ros2_ws/install/rover_interfaces/local/lib/python3.10/dist-packages:/opt/ros/humble/lib/python3.10/site-packages:/opt/ros/humble/local/lib/python3.10/dist-packages /usr/bin/cmake --build /home/pi/Robot_server/ros2_ws/build/rover_bringup -- -j4 -l4
[3.949s] Invoked command in '/home/pi/Robot_server/ros2_ws/build/rover_bringup' returned '0': AMENT_PREFIX_PATH=/home/pi/Robot_server/ros2_ws/install/rover_motion_pkg:/home/pi/Robot_server/ros2_ws/install/rover_control_pkg:/home/pi/Robot_server/ros2_ws/install/camera_pkg:/home/pi/Robot_server/ros2_ws/install/rover_interfaces:/opt/ros/humble CMAKE_PREFIX_PATH=${CMAKE_PREFIX_PATH}:/home/pi/Robot_server/ros2_ws/install/rover_control_pkg:/home/pi/Robot_server/ros2_ws/install/rover_motion_pkg:/home/pi/Robot_server/ros2_ws/install/camera_pkg:/opt/ros/humble PYTHONPATH=/home/pi/Robot_server/ros2_ws/build/rover_motion_pkg:/home/pi/Robot_server/ros2_ws/install/rover_motion_pkg/lib/python3.10/site-packages:/home/pi/Robot_server/ros2_ws/build/rover_control_pkg:/home/pi/Robot_server/ros2_ws/install/rover_control_pkg/lib/python3.10/site-packages:/home/pi/Robot_server/ros2_ws/build/camera_pkg:/home/pi/Robot_server/ros2_ws/install/camera_pkg/lib/python3.10/site-packages:/home/pi/Robot_server/ros2_ws/install/rover_interfaces/local/lib/python3.10/dist-packages:/opt/ros/humble/lib/python3.10/site-packages:/opt/ros/humble/local/lib/python3.10/dist-packages /usr/bin/cmake --build /home/pi/Robot_server/ros2_ws/build/rover_bringup -- -j4 -l4
[4.095s] Invoking command in '/home/pi/Robot_server/ros2_ws/build/rover_bringup': AMENT_PREFIX_PATH=/home/pi/Robot_server/ros2_ws/install/rover_motion_pkg:/home/pi/Robot_server/ros2_ws/install/rover_control_pkg:/home/pi/Robot_server/ros2_ws/install/camera_pkg:/home/pi/Robot_server/ros2_ws/install/rover_interfaces:/opt/ros/humble CMAKE_PREFIX_PATH=${CMAKE_PREFIX_PATH}:/home/pi/Robot_server/ros2_ws/install/rover_control_pkg:/home/pi/Robot_server/ros2_ws/install/rover_motion_pkg:/home/pi/Robot_server/ros2_ws/install/camera_pkg:/opt/ros/humble PYTHONPATH=/home/pi/Robot_server/ros2_ws/build/rover_motion_pkg:/home/pi/Robot_server/ros2_ws/install/rover_motion_pkg/lib/python3.10/site-packages:/home/pi/Robot_server/ros2_ws/build/rover_control_pkg:/home/pi/Robot_server/ros2_ws/install/rover_control_pkg/lib/python3.10/site-packages:/home/pi/Robot_server/ros2_ws/build/camera_pkg:/home/pi/Robot_server/ros2_ws/install/camera_pkg/lib/python3.10/site-packages:/home/pi/Robot_server/ros2_ws/install/rover_interfaces/local/lib/python3.10/dist-packages:/opt/ros/humble/lib/python3.10/site-packages:/opt/ros/humble/local/lib/python3.10/dist-packages /usr/bin/cmake --install /home/pi/Robot_server/ros2_ws/build/rover_bringup
[4.122s] -- Install configuration: ""
[4.123s] -- Execute custom install script
[4.126s] -- Symlinking: /home/pi/Robot_server/ros2_ws/install/rover_bringup/share/rover_bringup/launch/rover_app.launch.xml
[4.158s] -- Symlinking: /home/pi/Robot_server/ros2_ws/install/rover_bringup/share/ament_index/resource_index/package_run_dependencies/rover_bringup
[4.191s] -- Symlinking: /home/pi/Robot_server/ros2_ws/install/rover_bringup/share/ament_index/resource_index/parent_prefix_path/rover_bringup
[4.223s] -- Symlinking: /home/pi/Robot_server/ros2_ws/install/rover_bringup/share/rover_bringup/environment/ament_prefix_path.sh
[4.256s] -- Symlinking: /home/pi/Robot_server/ros2_ws/install/rover_bringup/share/rover_bringup/environment/ament_prefix_path.dsv
[4.287s] -- Symlinking: /home/pi/Robot_server/ros2_ws/install/rover_bringup/share/rover_bringup/environment/path.sh
[4.318s] -- Symlinking: /home/pi/Robot_server/ros2_ws/install/rover_bringup/share/rover_bringup/environment/path.dsv
[4.349s] -- Symlinking: /home/pi/Robot_server/ros2_ws/install/rover_bringup/share/rover_bringup/local_setup.bash
[4.382s] -- Symlinking: /home/pi/Robot_server/ros2_ws/install/rover_bringup/share/rover_bringup/local_setup.sh
[4.415s] -- Symlinking: /home/pi/Robot_server/ros2_ws/install/rover_bringup/share/rover_bringup/local_setup.zsh
[4.448s] -- Symlinking: /home/pi/Robot_server/ros2_ws/install/rover_bringup/share/rover_bringup/local_setup.dsv
[4.480s] -- Symlinking: /home/pi/Robot_server/ros2_ws/install/rover_bringup/share/rover_bringup/package.dsv
[4.512s] -- Symlinking: /home/pi/Robot_server/ros2_ws/install/rover_bringup/share/ament_index/resource_index/packages/rover_bringup
[4.542s] -- Symlinking: /home/pi/Robot_server/ros2_ws/install/rover_bringup/share/rover_bringup/cmake/rover_bringupConfig.cmake
[4.573s] -- Symlinking: /home/pi/Robot_server/ros2_ws/install/rover_bringup/share/rover_bringup/cmake/rover_bringupConfig-version.cmake
[4.605s] -- Symlinking: /home/pi/Robot_server/ros2_ws/install/rover_bringup/share/rover_bringup/package.xml
[4.641s] Invoked command in '/home/pi/Robot_server/ros2_ws/build/rover_bringup' returned '0': AMENT_PREFIX_PATH=/home/pi/Robot_server/ros2_ws/install/rover_motion_pkg:/home/pi/Robot_server/ros2_ws/install/rover_control_pkg:/home/pi/Robot_server/ros2_ws/install/camera_pkg:/home/pi/Robot_server/ros2_ws/install/rover_interfaces:/opt/ros/humble CMAKE_PREFIX_PATH=${CMAKE_PREFIX_PATH}:/home/pi/Robot_server/ros2_ws/install/rover_control_pkg:/home/pi/Robot_server/ros2_ws/install/rover_motion_pkg:/home/pi/Robot_server/ros2_ws/install/camera_pkg:/opt/ros/humble PYTHONPATH=/home/pi/Robot_server/ros2_ws/build/rover_motion_pkg:/home/pi/Robot_server/ros2_ws/install/rover_motion_pkg/lib/python3.10/site-packages:/home/pi/Robot_server/ros2_ws/build/rover_control_pkg:/home/pi/Robot_server/ros2_ws/install/rover_control_pkg/lib/python3.10/site-packages:/home/pi/Robot_server/ros2_ws/build/camera_pkg:/home/pi/Robot_server/ros2_ws/install/camera_pkg/lib/python3.10/site-packages:/home/pi/Robot_server/ros2_ws/install/rover_interfaces/local/lib/python3.10/dist-packages:/opt/ros/humble/lib/python3.10/site-packages:/opt/ros/humble/local/lib/python3.10/dist-packages /usr/bin/cmake --install /home/pi/Robot_server/ros2_ws/build/rover_bringup
