[3.531s] DEBUG:colcon:Command line arguments: ['/usr/bin/colcon', 'build', '--packages-select', 'rover_control_pkg', '--symlink-install']
[3.532s] DEBUG:colcon:Parsed command line arguments: Namespace(log_base=None, log_level=None, verb_name='build', build_base='build', install_base='install', merge_install=False, symlink_install=True, test_result_base=None, continue_on_error=False, executor='parallel', parallel_workers=4, event_handlers=None, ignore_user_meta=False, metas=['./colcon.meta'], base_paths=['.'], packages_ignore=None, packages_ignore_regex=None, paths=None, packages_up_to=None, packages_up_to_regex=None, packages_above=None, packages_above_and_dependencies=None, packages_above_depth=None, packages_select_by_dep=None, packages_skip_by_dep=None, packages_skip_up_to=None, packages_select_build_failed=False, packages_skip_build_finished=False, packages_select_test_failures=False, packages_skip_test_passed=False, packages_select=['rover_control_pkg'], packages_skip=None, packages_select_regex=None, packages_skip_regex=None, packages_start=None, packages_end=None, allow_overriding=[], cmake_args=None, cmake_target=None, cmake_target_skip_unavailable=False, cmake_clean_cache=False, cmake_clean_first=False, cmake_force_configure=False, ament_cmake_args=None, catkin_cmake_args=None, catkin_skip_building_tests=False, verb_parser=<colcon_defaults.argument_parser.defaults.DefaultArgumentsDecorator object at 0xffffaae7ea40>, verb_extension=<colcon_core.verb.build.BuildVerb object at 0xffffab3be800>, main=<bound method BuildVerb.main of <colcon_core.verb.build.BuildVerb object at 0xffffab3be800>>)
[3.706s] Level 1:colcon.colcon_core.package_discovery:discover_packages(colcon_meta) check parameters
[3.707s] Level 1:colcon.colcon_core.package_discovery:discover_packages(recursive) check parameters
[3.707s] Level 1:colcon.colcon_core.package_discovery:discover_packages(ignore) check parameters
[3.707s] Level 1:colcon.colcon_core.package_discovery:discover_packages(path) check parameters
[3.707s] Level 1:colcon.colcon_core.package_discovery:discover_packages(colcon_meta) discover
[3.708s] Level 1:colcon.colcon_core.package_discovery:discover_packages(recursive) discover
[3.708s] INFO:colcon.colcon_core.package_discovery:Crawling recursively for packages in '/home/pi/Robot_server/ros2_ws'
[3.709s] Level 1:colcon.colcon_core.package_identification:_identify(.) by extensions ['ignore', 'ignore_ament_install']
[3.709s] Level 1:colcon.colcon_core.package_identification:_identify(.) by extension 'ignore'
[3.709s] Level 1:colcon.colcon_core.package_identification:_identify(.) by extension 'ignore_ament_install'
[3.710s] Level 1:colcon.colcon_core.package_identification:_identify(.) by extensions ['colcon_pkg']
[3.710s] Level 1:colcon.colcon_core.package_identification:_identify(.) by extension 'colcon_pkg'
[3.710s] Level 1:colcon.colcon_core.package_identification:_identify(.) by extensions ['colcon_meta']
[3.710s] Level 1:colcon.colcon_core.package_identification:_identify(.) by extension 'colcon_meta'
[3.711s] Level 1:colcon.colcon_core.package_identification:_identify(.) by extensions ['ros']
[3.711s] Level 1:colcon.colcon_core.package_identification:_identify(.) by extension 'ros'
[3.757s] Level 1:colcon.colcon_core.package_identification:_identify(.) by extensions ['cmake', 'python']
[3.758s] Level 1:colcon.colcon_core.package_identification:_identify(.) by extension 'cmake'
[3.758s] Level 1:colcon.colcon_core.package_identification:_identify(.) by extension 'python'
[3.758s] Level 1:colcon.colcon_core.package_identification:_identify(.) by extensions ['python_setup_py']
[3.758s] Level 1:colcon.colcon_core.package_identification:_identify(.) by extension 'python_setup_py'
[3.759s] Level 1:colcon.colcon_core.package_identification:_identify(build) by extensions ['ignore', 'ignore_ament_install']
[3.759s] Level 1:colcon.colcon_core.package_identification:_identify(build) by extension 'ignore'
[3.759s] Level 1:colcon.colcon_core.package_identification:_identify(build) ignored
[3.760s] Level 1:colcon.colcon_core.package_identification:_identify(install) by extensions ['ignore', 'ignore_ament_install']
[3.760s] Level 1:colcon.colcon_core.package_identification:_identify(install) by extension 'ignore'
[3.761s] Level 1:colcon.colcon_core.package_identification:_identify(install) ignored
[3.761s] Level 1:colcon.colcon_core.package_identification:_identify(log) by extensions ['ignore', 'ignore_ament_install']
[3.762s] Level 1:colcon.colcon_core.package_identification:_identify(log) by extension 'ignore'
[3.762s] Level 1:colcon.colcon_core.package_identification:_identify(log) ignored
[3.762s] Level 1:colcon.colcon_core.package_identification:_identify(src) by extensions ['ignore', 'ignore_ament_install']
[3.763s] Level 1:colcon.colcon_core.package_identification:_identify(src) by extension 'ignore'
[3.763s] Level 1:colcon.colcon_core.package_identification:_identify(src) by extension 'ignore_ament_install'
[3.763s] Level 1:colcon.colcon_core.package_identification:_identify(src) by extensions ['colcon_pkg']
[3.763s] Level 1:colcon.colcon_core.package_identification:_identify(src) by extension 'colcon_pkg'
[3.763s] Level 1:colcon.colcon_core.package_identification:_identify(src) by extensions ['colcon_meta']
[3.764s] Level 1:colcon.colcon_core.package_identification:_identify(src) by extension 'colcon_meta'
[3.764s] Level 1:colcon.colcon_core.package_identification:_identify(src) by extensions ['ros']
[3.764s] Level 1:colcon.colcon_core.package_identification:_identify(src) by extension 'ros'
[3.764s] Level 1:colcon.colcon_core.package_identification:_identify(src) by extensions ['cmake', 'python']
[3.764s] Level 1:colcon.colcon_core.package_identification:_identify(src) by extension 'cmake'
[3.765s] Level 1:colcon.colcon_core.package_identification:_identify(src) by extension 'python'
[3.765s] Level 1:colcon.colcon_core.package_identification:_identify(src) by extensions ['python_setup_py']
[3.765s] Level 1:colcon.colcon_core.package_identification:_identify(src) by extension 'python_setup_py'
[3.765s] Level 1:colcon.colcon_core.package_identification:_identify(src/camera_pkg) by extensions ['ignore', 'ignore_ament_install']
[3.766s] Level 1:colcon.colcon_core.package_identification:_identify(src/camera_pkg) by extension 'ignore'
[3.766s] Level 1:colcon.colcon_core.package_identification:_identify(src/camera_pkg) by extension 'ignore_ament_install'
[3.766s] Level 1:colcon.colcon_core.package_identification:_identify(src/camera_pkg) by extensions ['colcon_pkg']
[3.766s] Level 1:colcon.colcon_core.package_identification:_identify(src/camera_pkg) by extension 'colcon_pkg'
[3.767s] Level 1:colcon.colcon_core.package_identification:_identify(src/camera_pkg) by extensions ['colcon_meta']
[3.767s] Level 1:colcon.colcon_core.package_identification:_identify(src/camera_pkg) by extension 'colcon_meta'
[3.767s] Level 1:colcon.colcon_core.package_identification:_identify(src/camera_pkg) by extensions ['ros']
[3.767s] Level 1:colcon.colcon_core.package_identification:_identify(src/camera_pkg) by extension 'ros'
[3.776s] DEBUG:colcon.colcon_core.package_identification:Package 'src/camera_pkg' with type 'ros.ament_python' and name 'camera_pkg'
[3.777s] Level 1:colcon.colcon_core.package_identification:_identify(src/rover_control_pkg) by extensions ['ignore', 'ignore_ament_install']
[3.777s] Level 1:colcon.colcon_core.package_identification:_identify(src/rover_control_pkg) by extension 'ignore'
[3.777s] Level 1:colcon.colcon_core.package_identification:_identify(src/rover_control_pkg) by extension 'ignore_ament_install'
[3.778s] Level 1:colcon.colcon_core.package_identification:_identify(src/rover_control_pkg) by extensions ['colcon_pkg']
[3.778s] Level 1:colcon.colcon_core.package_identification:_identify(src/rover_control_pkg) by extension 'colcon_pkg'
[3.778s] Level 1:colcon.colcon_core.package_identification:_identify(src/rover_control_pkg) by extensions ['colcon_meta']
[3.778s] Level 1:colcon.colcon_core.package_identification:_identify(src/rover_control_pkg) by extension 'colcon_meta'
[3.778s] Level 1:colcon.colcon_core.package_identification:_identify(src/rover_control_pkg) by extensions ['ros']
[3.778s] Level 1:colcon.colcon_core.package_identification:_identify(src/rover_control_pkg) by extension 'ros'
[3.781s] DEBUG:colcon.colcon_core.package_identification:Package 'src/rover_control_pkg' with type 'ros.ament_python' and name 'rover_control_pkg'
[3.781s] Level 1:colcon.colcon_core.package_identification:_identify(src/rover_interfaces) by extensions ['ignore', 'ignore_ament_install']
[3.782s] Level 1:colcon.colcon_core.package_identification:_identify(src/rover_interfaces) by extension 'ignore'
[3.782s] Level 1:colcon.colcon_core.package_identification:_identify(src/rover_interfaces) by extension 'ignore_ament_install'
[3.782s] Level 1:colcon.colcon_core.package_identification:_identify(src/rover_interfaces) by extensions ['colcon_pkg']
[3.783s] Level 1:colcon.colcon_core.package_identification:_identify(src/rover_interfaces) by extension 'colcon_pkg'
[3.783s] Level 1:colcon.colcon_core.package_identification:_identify(src/rover_interfaces) by extensions ['colcon_meta']
[3.783s] Level 1:colcon.colcon_core.package_identification:_identify(src/rover_interfaces) by extension 'colcon_meta'
[3.783s] Level 1:colcon.colcon_core.package_identification:_identify(src/rover_interfaces) by extensions ['ros']
[3.783s] Level 1:colcon.colcon_core.package_identification:_identify(src/rover_interfaces) by extension 'ros'
[3.785s] DEBUG:colcon.colcon_core.package_identification:Package 'src/rover_interfaces' with type 'ros.ament_cmake' and name 'rover_interfaces'
[3.786s] Level 1:colcon.colcon_core.package_identification:_identify(src/rover_motion_pkg) by extensions ['ignore', 'ignore_ament_install']
[3.786s] Level 1:colcon.colcon_core.package_identification:_identify(src/rover_motion_pkg) by extension 'ignore'
[3.786s] Level 1:colcon.colcon_core.package_identification:_identify(src/rover_motion_pkg) by extension 'ignore_ament_install'
[3.787s] Level 1:colcon.colcon_core.package_identification:_identify(src/rover_motion_pkg) by extensions ['colcon_pkg']
[3.787s] Level 1:colcon.colcon_core.package_identification:_identify(src/rover_motion_pkg) by extension 'colcon_pkg'
[3.787s] Level 1:colcon.colcon_core.package_identification:_identify(src/rover_motion_pkg) by extensions ['colcon_meta']
[3.787s] Level 1:colcon.colcon_core.package_identification:_identify(src/rover_motion_pkg) by extension 'colcon_meta'
[3.787s] Level 1:colcon.colcon_core.package_identification:_identify(src/rover_motion_pkg) by extensions ['ros']
[3.788s] Level 1:colcon.colcon_core.package_identification:_identify(src/rover_motion_pkg) by extension 'ros'
[3.790s] DEBUG:colcon.colcon_core.package_identification:Package 'src/rover_motion_pkg' with type 'ros.ament_python' and name 'rover_motion_pkg'
[3.790s] Level 1:colcon.colcon_core.package_discovery:discover_packages(recursive) using defaults
[3.791s] Level 1:colcon.colcon_core.package_discovery:discover_packages(ignore) discover
[3.791s] Level 1:colcon.colcon_core.package_discovery:discover_packages(ignore) using defaults
[3.791s] Level 1:colcon.colcon_core.package_discovery:discover_packages(path) discover
[3.791s] Level 1:colcon.colcon_core.package_discovery:discover_packages(path) using defaults
[4.013s] INFO:colcon.colcon_core.package_selection:Skipping not selected package 'rover_interfaces' in 'src/rover_interfaces'
[4.013s] INFO:colcon.colcon_core.package_selection:Skipping not selected package 'camera_pkg' in 'src/camera_pkg'
[4.013s] INFO:colcon.colcon_core.package_selection:Skipping not selected package 'rover_motion_pkg' in 'src/rover_motion_pkg'
[4.107s] Level 1:colcon.colcon_core.package_discovery:discover_packages(prefix_path) check parameters
[4.107s] Level 1:colcon.colcon_core.package_discovery:discover_packages(prefix_path) discover
[4.224s] DEBUG:colcon.colcon_installed_package_information.package_discovery:Found 4 installed packages in /home/pi/Robot_server/ros2_ws/install
[4.281s] DEBUG:colcon.colcon_installed_package_information.package_discovery:Found 181 installed packages in /opt/ros/humble
[4.285s] Level 1:colcon.colcon_core.package_discovery:discover_packages(prefix_path) using defaults
[4.554s] Level 5:colcon.colcon_core.verb:set package 'rover_control_pkg' build argument 'cmake_args' from command line to 'None'
[4.554s] Level 5:colcon.colcon_core.verb:set package 'rover_control_pkg' build argument 'cmake_target' from command line to 'None'
[4.554s] Level 5:colcon.colcon_core.verb:set package 'rover_control_pkg' build argument 'cmake_target_skip_unavailable' from command line to 'False'
[4.554s] Level 5:colcon.colcon_core.verb:set package 'rover_control_pkg' build argument 'cmake_clean_cache' from command line to 'False'
[4.555s] Level 5:colcon.colcon_core.verb:set package 'rover_control_pkg' build argument 'cmake_clean_first' from command line to 'False'
[4.555s] Level 5:colcon.colcon_core.verb:set package 'rover_control_pkg' build argument 'cmake_force_configure' from command line to 'False'
[4.555s] Level 5:colcon.colcon_core.verb:set package 'rover_control_pkg' build argument 'ament_cmake_args' from command line to 'None'
[4.555s] Level 5:colcon.colcon_core.verb:set package 'rover_control_pkg' build argument 'catkin_cmake_args' from command line to 'None'
[4.555s] Level 5:colcon.colcon_core.verb:set package 'rover_control_pkg' build argument 'catkin_skip_building_tests' from command line to 'False'
[4.555s] DEBUG:colcon.colcon_core.verb:Building package 'rover_control_pkg' with the following arguments: {'ament_cmake_args': None, 'build_base': '/home/pi/Robot_server/ros2_ws/build/rover_control_pkg', 'catkin_cmake_args': None, 'catkin_skip_building_tests': False, 'cmake_args': None, 'cmake_clean_cache': False, 'cmake_clean_first': False, 'cmake_force_configure': False, 'cmake_target': None, 'cmake_target_skip_unavailable': False, 'install_base': '/home/pi/Robot_server/ros2_ws/install/rover_control_pkg', 'merge_install': False, 'path': '/home/pi/Robot_server/ros2_ws/src/rover_control_pkg', 'symlink_install': True, 'test_result_base': None}
[4.601s] INFO:colcon.colcon_core.executor:Executing jobs using 'parallel' executor
[4.652s] DEBUG:colcon.colcon_parallel_executor.executor.parallel:run_until_complete
[4.653s] INFO:colcon.colcon_ros.task.ament_python.build:Building ROS package in '/home/pi/Robot_server/ros2_ws/src/rover_control_pkg' with build type 'ament_python'
[4.653s] Level 1:colcon.colcon_core.shell:create_environment_hook('rover_control_pkg', 'ament_prefix_path')
[4.711s] INFO:colcon.colcon_core.plugin_system:Skipping extension 'colcon_core.shell.bat': Not used on non-Windows systems
[4.712s] INFO:colcon.colcon_core.shell:Creating environment hook '/home/pi/Robot_server/ros2_ws/install/rover_control_pkg/share/rover_control_pkg/hook/ament_prefix_path.ps1'
[4.715s] INFO:colcon.colcon_core.shell:Creating environment descriptor '/home/pi/Robot_server/ros2_ws/install/rover_control_pkg/share/rover_control_pkg/hook/ament_prefix_path.dsv'
[4.717s] INFO:colcon.colcon_core.shell:Creating environment hook '/home/pi/Robot_server/ros2_ws/install/rover_control_pkg/share/rover_control_pkg/hook/ament_prefix_path.sh'
[4.771s] INFO:colcon.colcon_core.shell:Skip shell extension 'powershell' for command environment: Not usable outside of PowerShell
[4.772s] DEBUG:colcon.colcon_core.shell:Skip shell extension 'dsv' for command environment
[6.235s] INFO:colcon.colcon_core.task.python.build:Building Python package in '/home/pi/Robot_server/ros2_ws/src/rover_control_pkg'
[6.286s] INFO:colcon.colcon_core.shell:Skip shell extension 'powershell' for command environment: Not usable outside of PowerShell
[6.286s] DEBUG:colcon.colcon_core.shell:Skip shell extension 'dsv' for command environment
[8.025s] DEBUG:colcon.colcon_core.event_handler.log_command:Invoking command in '/home/pi/Robot_server/ros2_ws/build/rover_control_pkg': PYTHONPATH=/home/pi/Robot_server/ros2_ws/build/rover_control_pkg/prefix_override:/home/pi/Robot_server/ros2_ws/install/rover_control_pkg/lib/python3.10/site-packages:${PYTHONPATH} /usr/bin/python3 setup.py develop --editable --build-directory /home/pi/Robot_server/ros2_ws/build/rover_control_pkg/build --no-deps install_data
[9.907s] Level 1:colcon.colcon_core.shell:create_environment_hook('rover_control_pkg', 'pythonpath_develop')
[9.909s] DEBUG:colcon.colcon_core.event_handler.log_command:Invoked command in '/home/pi/Robot_server/ros2_ws/build/rover_control_pkg' returned '0': PYTHONPATH=/home/pi/Robot_server/ros2_ws/build/rover_control_pkg/prefix_override:/home/pi/Robot_server/ros2_ws/install/rover_control_pkg/lib/python3.10/site-packages:${PYTHONPATH} /usr/bin/python3 setup.py develop --editable --build-directory /home/pi/Robot_server/ros2_ws/build/rover_control_pkg/build --no-deps install_data
[9.965s] INFO:colcon.colcon_core.shell:Creating environment hook '/home/pi/Robot_server/ros2_ws/build/rover_control_pkg/share/rover_control_pkg/hook/pythonpath_develop.ps1'
[9.967s] INFO:colcon.colcon_core.shell:Creating environment descriptor '/home/pi/Robot_server/ros2_ws/build/rover_control_pkg/share/rover_control_pkg/hook/pythonpath_develop.dsv'
[9.968s] INFO:colcon.colcon_core.shell:Creating environment hook '/home/pi/Robot_server/ros2_ws/build/rover_control_pkg/share/rover_control_pkg/hook/pythonpath_develop.sh'
[10.030s] Level 1:colcon.colcon_core.environment:checking '/home/pi/Robot_server/ros2_ws/install/rover_control_pkg' for CMake module files
[10.032s] Level 1:colcon.colcon_core.environment:checking '/home/pi/Robot_server/ros2_ws/install/rover_control_pkg' for CMake config files
[10.035s] Level 1:colcon.colcon_core.environment:checking '/home/pi/Robot_server/ros2_ws/install/rover_control_pkg/lib'
[10.036s] Level 1:colcon.colcon_core.environment:checking '/home/pi/Robot_server/ros2_ws/install/rover_control_pkg/bin'
[10.037s] Level 1:colcon.colcon_core.environment:checking '/home/pi/Robot_server/ros2_ws/install/rover_control_pkg/lib/pkgconfig/rover_control_pkg.pc'
[10.038s] Level 1:colcon.colcon_core.environment:checking '/home/pi/Robot_server/ros2_ws/install/rover_control_pkg/lib/python3.10/site-packages'
[10.038s] Level 1:colcon.colcon_core.shell:create_environment_hook('rover_control_pkg', 'pythonpath')
[10.087s] INFO:colcon.colcon_core.shell:Creating environment hook '/home/pi/Robot_server/ros2_ws/install/rover_control_pkg/share/rover_control_pkg/hook/pythonpath.ps1'
[10.089s] INFO:colcon.colcon_core.shell:Creating environment descriptor '/home/pi/Robot_server/ros2_ws/install/rover_control_pkg/share/rover_control_pkg/hook/pythonpath.dsv'
[10.091s] INFO:colcon.colcon_core.shell:Creating environment hook '/home/pi/Robot_server/ros2_ws/install/rover_control_pkg/share/rover_control_pkg/hook/pythonpath.sh'
[10.094s] Level 1:colcon.colcon_core.environment:checking '/home/pi/Robot_server/ros2_ws/install/rover_control_pkg/bin'
[10.095s] Level 1:colcon.colcon_core.environment:create_environment_scripts_only(rover_control_pkg)
[10.146s] INFO:colcon.colcon_core.shell:Creating package script '/home/pi/Robot_server/ros2_ws/install/rover_control_pkg/share/rover_control_pkg/package.ps1'
[10.149s] INFO:colcon.colcon_core.shell:Creating package descriptor '/home/pi/Robot_server/ros2_ws/install/rover_control_pkg/share/rover_control_pkg/package.dsv'
[10.152s] INFO:colcon.colcon_core.shell:Creating package script '/home/pi/Robot_server/ros2_ws/install/rover_control_pkg/share/rover_control_pkg/package.sh'
[10.156s] INFO:colcon.colcon_core.shell:Creating package script '/home/pi/Robot_server/ros2_ws/install/rover_control_pkg/share/rover_control_pkg/package.bash'
[10.159s] INFO:colcon.colcon_core.shell:Creating package script '/home/pi/Robot_server/ros2_ws/install/rover_control_pkg/share/rover_control_pkg/package.zsh'
[10.162s] Level 1:colcon.colcon_core.environment:create_file_with_runtime_dependencies(/home/pi/Robot_server/ros2_ws/install/rover_control_pkg/share/colcon-core/packages/rover_control_pkg)
[10.163s] DEBUG:colcon.colcon_parallel_executor.executor.parallel:closing loop
[10.164s] DEBUG:colcon.colcon_parallel_executor.executor.parallel:loop closed
[10.165s] DEBUG:colcon.colcon_parallel_executor.executor.parallel:run_until_complete finished with '0'
[10.165s] DEBUG:colcon.colcon_core.event_reactor:joining thread
[10.249s] INFO:colcon.colcon_core.plugin_system:Skipping extension 'colcon_notification.desktop_notification.notify_send': Could not find 'notify-send'
[10.249s] INFO:colcon.colcon_core.plugin_system:Skipping extension 'colcon_notification.desktop_notification.terminal_notifier': Not used on non-Darwin systems
[10.250s] INFO:colcon.colcon_core.plugin_system:Skipping extension 'colcon_notification.desktop_notification.win32': Not used on non-Windows systems
[10.250s] INFO:colcon.colcon_notification.desktop_notification:Sending desktop notification using 'notify2'
[10.254s] DEBUG:colcon.colcon_notification.desktop_notification.notify2:Failed to initialize notify2: org.freedesktop.DBus.Error.ServiceUnknown: The name org.freedesktop.Notifications was not provided by any .service files
[10.254s] DEBUG:colcon.colcon_core.event_reactor:joined thread
[10.322s] INFO:colcon.colcon_core.shell:Creating prefix script '/home/pi/Robot_server/ros2_ws/install/local_setup.ps1'
[10.327s] INFO:colcon.colcon_core.shell:Creating prefix util module '/home/pi/Robot_server/ros2_ws/install/_local_setup_util_ps1.py'
[10.334s] INFO:colcon.colcon_core.shell:Creating prefix chain script '/home/pi/Robot_server/ros2_ws/install/setup.ps1'
[10.412s] INFO:colcon.colcon_core.shell:Creating prefix script '/home/pi/Robot_server/ros2_ws/install/local_setup.sh'
[10.415s] INFO:colcon.colcon_core.shell:Creating prefix util module '/home/pi/Robot_server/ros2_ws/install/_local_setup_util_sh.py'
[10.418s] INFO:colcon.colcon_core.shell:Creating prefix chain script '/home/pi/Robot_server/ros2_ws/install/setup.sh'
[10.475s] INFO:colcon.colcon_core.shell:Creating prefix script '/home/pi/Robot_server/ros2_ws/install/local_setup.bash'
[10.478s] INFO:colcon.colcon_core.shell:Creating prefix chain script '/home/pi/Robot_server/ros2_ws/install/setup.bash'
[10.530s] INFO:colcon.colcon_core.shell:Creating prefix script '/home/pi/Robot_server/ros2_ws/install/local_setup.zsh'
[10.532s] INFO:colcon.colcon_core.shell:Creating prefix chain script '/home/pi/Robot_server/ros2_ws/install/setup.zsh'
