[2.926s] Invoking command in '/home/pi/Robot_server/ros2_ws/src/rover_motion_pkg': PYTHONPATH=/home/pi/Robot_server/ros2_ws/build/rover_motion_pkg/prefix_override:/home/pi/Robot_server/ros2_ws/install/rover_motion_pkg/lib/python3.10/site-packages:${PYTHONPATH} /usr/bin/python3 setup.py egg_info --egg-base ../../build/rover_motion_pkg build --build-base /home/pi/Robot_server/ros2_ws/build/rover_motion_pkg/build install --record /home/pi/Robot_server/ros2_ws/build/rover_motion_pkg/install.log --single-version-externally-managed
[3.922s] running egg_info
[3.924s] writing ../../build/rover_motion_pkg/rover_motion_pkg.egg-info/PKG-INFO
[3.925s] writing dependency_links to ../../build/rover_motion_pkg/rover_motion_pkg.egg-info/dependency_links.txt
[3.926s] writing entry points to ../../build/rover_motion_pkg/rover_motion_pkg.egg-info/entry_points.txt
[3.926s] writing requirements to ../../build/rover_motion_pkg/rover_motion_pkg.egg-info/requires.txt
[3.927s] writing top-level names to ../../build/rover_motion_pkg/rover_motion_pkg.egg-info/top_level.txt
[3.934s] reading manifest file '../../build/rover_motion_pkg/rover_motion_pkg.egg-info/SOURCES.txt'
[3.938s] writing manifest file '../../build/rover_motion_pkg/rover_motion_pkg.egg-info/SOURCES.txt'
[3.939s] running build
[3.939s] running build_py
[3.940s] running install
[3.941s] running install_lib
[3.946s] running install_data
[3.948s] running install_egg_info
[3.954s] removing '/home/pi/Robot_server/ros2_ws/install/rover_motion_pkg/lib/python3.10/site-packages/rover_motion_pkg-0.0.0-py3.10.egg-info' (and everything under it)
[3.956s] Copying ../../build/rover_motion_pkg/rover_motion_pkg.egg-info to /home/pi/Robot_server/ros2_ws/install/rover_motion_pkg/lib/python3.10/site-packages/rover_motion_pkg-0.0.0-py3.10.egg-info
[3.961s] running install_scripts
[4.034s] writing list of installed files to '/home/pi/Robot_server/ros2_ws/build/rover_motion_pkg/install.log'
[4.148s] Invoked command in '/home/pi/Robot_server/ros2_ws/src/rover_motion_pkg' returned '0': PYTHONPATH=/home/pi/Robot_server/ros2_ws/build/rover_motion_pkg/prefix_override:/home/pi/Robot_server/ros2_ws/install/rover_motion_pkg/lib/python3.10/site-packages:${PYTHONPATH} /usr/bin/python3 setup.py egg_info --egg-base ../../build/rover_motion_pkg build --build-base /home/pi/Robot_server/ros2_ws/build/rover_motion_pkg/build install --record /home/pi/Robot_server/ros2_ws/build/rover_motion_pkg/install.log --single-version-externally-managed
